{"/Users/shivachoudhry/Downloads/Ai-VendorHub/cart/src/controllers/cart.controller.js": {"path":"/Users/shivachoudhry/Downloads/Ai-VendorHub/cart/src/controllers/cart.controller.js","statementMap":{"0":{"start":{"line":1,"column":18},"end":{"line":1,"column":49}},"1":{"start":{"line":4,"column":23},"end":{"line":4,"column":35}},"2":{"start":{"line":5,"column":26},"end":{"line":5,"column":77}},"3":{"start":{"line":5,"column":54},"end":{"line":5,"column":73}},"4":{"start":{"line":6,"column":23},"end":{"line":6,"column":42}},"5":{"start":{"line":8,"column":4},"end":{"line":12,"column":6}},"6":{"start":{"line":16,"column":31},"end":{"line":16,"column":39}},"7":{"start":{"line":18,"column":4},"end":{"line":20,"column":5}},"8":{"start":{"line":19,"column":8},"end":{"line":19,"column":72}},"9":{"start":{"line":22,"column":4},"end":{"line":24,"column":5}},"10":{"start":{"line":23,"column":8},"end":{"line":23,"column":77}},"11":{"start":{"line":26,"column":4},"end":{"line":28,"column":5}},"12":{"start":{"line":27,"column":8},"end":{"line":27,"column":69}},"13":{"start":{"line":30,"column":17},"end":{"line":30,"column":25}},"14":{"start":{"line":32,"column":4},"end":{"line":34,"column":5}},"15":{"start":{"line":33,"column":8},"end":{"line":33,"column":79}},"16":{"start":{"line":36,"column":15},"end":{"line":36,"column":58}},"17":{"start":{"line":38,"column":4},"end":{"line":56,"column":5}},"18":{"start":{"line":39,"column":8},"end":{"line":42,"column":11}},"19":{"start":{"line":43,"column":8},"end":{"line":43,"column":26}},"20":{"start":{"line":45,"column":29},"end":{"line":47,"column":9}},"21":{"start":{"line":46,"column":20},"end":{"line":46,"column":59}},"22":{"start":{"line":49,"column":8},"end":{"line":53,"column":9}},"23":{"start":{"line":50,"column":12},"end":{"line":50,"column":49}},"24":{"start":{"line":52,"column":12},"end":{"line":52,"column":66}},"25":{"start":{"line":55,"column":8},"end":{"line":55,"column":26}},"26":{"start":{"line":58,"column":18},"end":{"line":61,"column":7}},"27":{"start":{"line":58,"column":42},"end":{"line":61,"column":5}},"28":{"start":{"line":63,"column":19},"end":{"line":63,"column":46}},"29":{"start":{"line":65,"column":4},"end":{"line":69,"column":7}},"30":{"start":{"line":74,"column":0},"end":{"line":76,"column":1}}},"fnMap":{"0":{"name":"calculateTotals","decl":{"start":{"line":3,"column":9},"end":{"line":3,"column":24}},"loc":{"start":{"line":3,"column":32},"end":{"line":13,"column":1}},"line":3},"1":{"name":"(anonymous_1)","decl":{"start":{"line":5,"column":39},"end":{"line":5,"column":40}},"loc":{"start":{"line":5,"column":54},"end":{"line":5,"column":73}},"line":5},"2":{"name":"addItemToCart","decl":{"start":{"line":15,"column":15},"end":{"line":15,"column":28}},"loc":{"start":{"line":15,"column":38},"end":{"line":70,"column":1}},"line":15},"3":{"name":"(anonymous_3)","decl":{"start":{"line":46,"column":12},"end":{"line":46,"column":13}},"loc":{"start":{"line":46,"column":20},"end":{"line":46,"column":59}},"line":46},"4":{"name":"(anonymous_4)","decl":{"start":{"line":58,"column":33},"end":{"line":58,"column":34}},"loc":{"start":{"line":58,"column":42},"end":{"line":61,"column":5}},"line":58}},"branchMap":{"0":{"loc":{"start":{"line":18,"column":4},"end":{"line":20,"column":5}},"type":"if","locations":[{"start":{"line":18,"column":4},"end":{"line":20,"column":5}},{"start":{},"end":{}}],"line":18},"1":{"loc":{"start":{"line":22,"column":4},"end":{"line":24,"column":5}},"type":"if","locations":[{"start":{"line":22,"column":4},"end":{"line":24,"column":5}},{"start":{},"end":{}}],"line":22},"2":{"loc":{"start":{"line":22,"column":8},"end":{"line":22,"column":61}},"type":"binary-expr","locations":[{"start":{"line":22,"column":8},"end":{"line":22,"column":25}},{"start":{"line":22,"column":29},"end":{"line":22,"column":41}},{"start":{"line":22,"column":45},"end":{"line":22,"column":61}}],"line":22},"3":{"loc":{"start":{"line":26,"column":4},"end":{"line":28,"column":5}},"type":"if","locations":[{"start":{"line":26,"column":4},"end":{"line":28,"column":5}},{"start":{},"end":{}}],"line":26},"4":{"loc":{"start":{"line":32,"column":4},"end":{"line":34,"column":5}},"type":"if","locations":[{"start":{"line":32,"column":4},"end":{"line":34,"column":5}},{"start":{},"end":{}}],"line":32},"5":{"loc":{"start":{"line":32,"column":8},"end":{"line":32,"column":26}},"type":"binary-expr","locations":[{"start":{"line":32,"column":8},"end":{"line":32,"column":13}},{"start":{"line":32,"column":17},"end":{"line":32,"column":26}}],"line":32},"6":{"loc":{"start":{"line":38,"column":4},"end":{"line":56,"column":5}},"type":"if","locations":[{"start":{"line":38,"column":4},"end":{"line":56,"column":5}},{"start":{"line":44,"column":11},"end":{"line":56,"column":5}}],"line":38},"7":{"loc":{"start":{"line":49,"column":8},"end":{"line":53,"column":9}},"type":"if","locations":[{"start":{"line":49,"column":8},"end":{"line":53,"column":9}},{"start":{"line":51,"column":15},"end":{"line":53,"column":9}}],"line":49}},"s":{"0":1,"1":4,"2":4,"3":4,"4":4,"5":4,"6":5,"7":5,"8":0,"9":5,"10":0,"11":5,"12":1,"13":4,"14":4,"15":0,"16":4,"17":4,"18":3,"19":3,"20":1,"21":1,"22":1,"23":1,"24":0,"25":1,"26":4,"27":4,"28":4,"29":4,"30":1},"f":{"0":4,"1":4,"2":5,"3":1,"4":4},"b":{"0":[0,5],"1":[0,5],"2":[5,5,5],"3":[1,4],"4":[0,4],"5":[4,4],"6":[3,1],"7":[1,0]},"_coverageSchema":"1a1c01bbd47fc00a2c39e90264f33305004495a9","hash":"6091003f4ae698752da4241d8ab1e31fe23f2300"}
,"/Users/shivachoudhry/Downloads/Ai-VendorHub/cart/src/middleware/auth.middleware.js": {"path":"/Users/shivachoudhry/Downloads/Ai-VendorHub/cart/src/middleware/auth.middleware.js","statementMap":{"0":{"start":{"line":1,"column":10},"end":{"line":1,"column":33}},"1":{"start":{"line":4,"column":4},"end":{"line":26,"column":6}},"2":{"start":{"line":5,"column":20},"end":{"line":5,"column":83}},"3":{"start":{"line":6,"column":8},"end":{"line":10,"column":9}},"4":{"start":{"line":7,"column":12},"end":{"line":9,"column":15}},"5":{"start":{"line":11,"column":8},"end":{"line":24,"column":9}},"6":{"start":{"line":12,"column":26},"end":{"line":12,"column":66}},"7":{"start":{"line":13,"column":12},"end":{"line":17,"column":13}},"8":{"start":{"line":14,"column":16},"end":{"line":16,"column":19}},"9":{"start":{"line":18,"column":12},"end":{"line":18,"column":29}},"10":{"start":{"line":19,"column":12},"end":{"line":19,"column":19}},"11":{"start":{"line":21,"column":12},"end":{"line":23,"column":15}},"12":{"start":{"line":31,"column":0},"end":{"line":31,"column":36}}},"fnMap":{"0":{"name":"createAuthMiddleware","decl":{"start":{"line":3,"column":9},"end":{"line":3,"column":29}},"loc":{"start":{"line":3,"column":45},"end":{"line":28,"column":1}},"line":3},"1":{"name":"authMiddleware","decl":{"start":{"line":4,"column":20},"end":{"line":4,"column":34}},"loc":{"start":{"line":4,"column":48},"end":{"line":26,"column":5}},"line":4}},"branchMap":{"0":{"loc":{"start":{"line":3,"column":30},"end":{"line":3,"column":44}},"type":"default-arg","locations":[{"start":{"line":3,"column":36},"end":{"line":3,"column":44}}],"line":3},"1":{"loc":{"start":{"line":5,"column":20},"end":{"line":5,"column":83}},"type":"binary-expr","locations":[{"start":{"line":5,"column":20},"end":{"line":5,"column":38}},{"start":{"line":5,"column":42},"end":{"line":5,"column":83}}],"line":5},"2":{"loc":{"start":{"line":6,"column":8},"end":{"line":10,"column":9}},"type":"if","locations":[{"start":{"line":6,"column":8},"end":{"line":10,"column":9}},{"start":{},"end":{}}],"line":6},"3":{"loc":{"start":{"line":13,"column":12},"end":{"line":17,"column":13}},"type":"if","locations":[{"start":{"line":13,"column":12},"end":{"line":17,"column":13}},{"start":{},"end":{}}],"line":13}},"s":{"0":0,"1":0,"2":0,"3":0,"4":0,"5":0,"6":0,"7":0,"8":0,"9":0,"10":0,"11":0,"12":0},"f":{"0":0,"1":0},"b":{"0":[0],"1":[0,0],"2":[0,0],"3":[0,0]}}
,"/Users/shivachoudhry/Downloads/Ai-VendorHub/cart/src/middleware/validation.middleware.js": {"path":"/Users/shivachoudhry/Downloads/Ai-VendorHub/cart/src/middleware/validation.middleware.js","statementMap":{"0":{"start":{"line":1,"column":29},"end":{"line":1,"column":57}},"1":{"start":{"line":2,"column":15},"end":{"line":2,"column":34}},"2":{"start":{"line":5,"column":17},"end":{"line":5,"column":38}},"3":{"start":{"line":6,"column":4},"end":{"line":8,"column":5}},"4":{"start":{"line":7,"column":8},"end":{"line":7,"column":67}},"5":{"start":{"line":9,"column":4},"end":{"line":9,"column":11}},"6":{"start":{"line":11,"column":28},"end":{"line":24,"column":1}},"7":{"start":{"line":16,"column":21},"end":{"line":16,"column":59}},"8":{"start":{"line":26,"column":0},"end":{"line":28,"column":1}}},"fnMap":{"0":{"name":"validateResult","decl":{"start":{"line":4,"column":9},"end":{"line":4,"column":23}},"loc":{"start":{"line":4,"column":37},"end":{"line":10,"column":1}},"line":4},"1":{"name":"(anonymous_1)","decl":{"start":{"line":16,"column":12},"end":{"line":16,"column":13}},"loc":{"start":{"line":16,"column":21},"end":{"line":16,"column":59}},"line":16}},"branchMap":{"0":{"loc":{"start":{"line":6,"column":4},"end":{"line":8,"column":5}},"type":"if","locations":[{"start":{"line":6,"column":4},"end":{"line":8,"column":5}},{"start":{},"end":{}}],"line":6}},"s":{"0":1,"1":1,"2":9,"3":9,"4":3,"5":6,"6":1,"7":9,"8":1},"f":{"0":9,"1":9},"b":{"0":[3,6]},"_coverageSchema":"1a1c01bbd47fc00a2c39e90264f33305004495a9","hash":"5e34bc1c2cf98544c9900faba2d872c628caa568"}
,"/Users/shivachoudhry/Downloads/Ai-VendorHub/cart/src/models/cart.model.js": {"path":"/Users/shivachoudhry/Downloads/Ai-VendorHub/cart/src/models/cart.model.js","statementMap":{"0":{"start":{"line":1,"column":17},"end":{"line":1,"column":36}},"1":{"start":{"line":3,"column":19},"end":{"line":23,"column":2}},"2":{"start":{"line":25,"column":18},"end":{"line":25,"column":51}},"3":{"start":{"line":27,"column":0},"end":{"line":27,"column":27}}},"fnMap":{},"branchMap":{},"s":{"0":1,"1":1,"2":1,"3":1},"f":{},"b":{},"_coverageSchema":"1a1c01bbd47fc00a2c39e90264f33305004495a9","hash":"edfcec5e1da4d042d8b68747fb6757fbbf6493b3"}
,"/Users/shivachoudhry/Downloads/Ai-VendorHub/cart/src/routes/cart.routes.js": {"path":"/Users/shivachoudhry/Downloads/Ai-VendorHub/cart/src/routes/cart.routes.js","statementMap":{"0":{"start":{"line":1,"column":16},"end":{"line":1,"column":34}},"1":{"start":{"line":2,"column":12},"end":{"line":2,"column":35}},"2":{"start":{"line":3,"column":23},"end":{"line":3,"column":64}},"3":{"start":{"line":4,"column":15},"end":{"line":4,"column":31}},"4":{"start":{"line":5,"column":29},"end":{"line":5,"column":75}},"5":{"start":{"line":8,"column":18},"end":{"line":8,"column":36}},"6":{"start":{"line":9,"column":4},"end":{"line":11,"column":5}},"7":{"start":{"line":10,"column":8},"end":{"line":10,"column":79}},"8":{"start":{"line":13,"column":4},"end":{"line":19,"column":5}},"9":{"start":{"line":14,"column":24},"end":{"line":14,"column":65}},"10":{"start":{"line":15,"column":8},"end":{"line":15,"column":27}},"11":{"start":{"line":16,"column":8},"end":{"line":16,"column":15}},"12":{"start":{"line":18,"column":8},"end":{"line":18,"column":75}},"13":{"start":{"line":22,"column":0},"end":{"line":25,"column":34}},"14":{"start":{"line":27,"column":0},"end":{"line":27,"column":24}}},"fnMap":{"0":{"name":"simpleCartAuth","decl":{"start":{"line":7,"column":9},"end":{"line":7,"column":23}},"loc":{"start":{"line":7,"column":40},"end":{"line":20,"column":1}},"line":7}},"branchMap":{"0":{"loc":{"start":{"line":9,"column":4},"end":{"line":11,"column":5}},"type":"if","locations":[{"start":{"line":9,"column":4},"end":{"line":11,"column":5}},{"start":{},"end":{}}],"line":9}},"s":{"0":1,"1":1,"2":1,"3":1,"4":1,"5":6,"6":6,"7":1,"8":5,"9":5,"10":5,"11":5,"12":0,"13":1,"14":1},"f":{"0":6},"b":{"0":[1,5]},"_coverageSchema":"1a1c01bbd47fc00a2c39e90264f33305004495a9","hash":"9a2347f18327641c9c04d33ec102125d5827f4de"}
}
