TN:
SF:src/controllers/cart.controller.js
FN:3,calculateTotals
FN:5,(anonymous_1)
FN:15,addItemToCart
FN:46,(anonymous_3)
FN:58,(anonymous_4)
FNF:5
FNH:5
FNDA:4,calculateTotals
FNDA:4,(anonymous_1)
FNDA:5,addItemToCart
FNDA:1,(anonymous_3)
FNDA:4,(anonymous_4)
DA:1,1
DA:4,4
DA:5,4
DA:6,4
DA:8,4
DA:16,5
DA:18,5
DA:19,0
DA:22,5
DA:23,0
DA:26,5
DA:27,1
DA:30,4
DA:32,4
DA:33,0
DA:36,4
DA:38,4
DA:39,3
DA:43,3
DA:45,1
DA:46,1
DA:49,1
DA:50,1
DA:52,0
DA:55,1
DA:58,4
DA:63,4
DA:65,4
DA:74,1
LF:29
LH:25
BRDA:18,0,0,0
BRDA:18,0,1,5
BRDA:22,1,0,0
BRDA:22,1,1,5
BRDA:22,2,0,5
BRDA:22,2,1,5
BRDA:22,2,2,5
BRDA:26,3,0,1
BRDA:26,3,1,4
BRDA:32,4,0,0
BRDA:32,4,1,4
BRDA:32,5,0,4
BRDA:32,5,1,4
BRDA:38,6,0,3
BRDA:38,6,1,1
BRDA:49,7,0,1
BRDA:49,7,1,0
BRF:17
BRH:13
end_of_record
TN:
SF:src/middleware/auth.middleware.js
FN:3,createAuthMiddleware
FN:4,authMiddleware
FNF:2
FNH:0
FNDA:0,createAuthMiddleware
FNDA:0,authMiddleware
DA:1,0
DA:4,0
DA:5,0
DA:6,0
DA:7,0
DA:11,0
DA:12,0
DA:13,0
DA:14,0
DA:18,0
DA:19,0
DA:21,0
DA:31,0
LF:13
LH:0
BRDA:3,0,0,0
BRDA:5,1,0,0
BRDA:5,1,1,0
BRDA:6,2,0,0
BRDA:6,2,1,0
BRDA:13,3,0,0
BRDA:13,3,1,0
BRF:7
BRH:0
end_of_record
TN:
SF:src/middleware/validation.middleware.js
FN:4,validateResult
FN:16,(anonymous_1)
FNF:2
FNH:2
FNDA:9,validateResult
FNDA:9,(anonymous_1)
DA:1,1
DA:2,1
DA:5,9
DA:6,9
DA:7,3
DA:9,6
DA:11,1
DA:16,9
DA:26,1
LF:9
LH:9
BRDA:6,0,0,3
BRDA:6,0,1,6
BRF:2
BRH:2
end_of_record
TN:
SF:src/models/cart.model.js
FNF:0
FNH:0
DA:1,1
DA:3,1
DA:25,1
DA:27,1
LF:4
LH:4
BRF:0
BRH:0
end_of_record
TN:
SF:src/routes/cart.routes.js
FN:7,simpleCartAuth
FNF:1
FNH:1
FNDA:6,simpleCartAuth
DA:1,1
DA:2,1
DA:3,1
DA:4,1
DA:5,1
DA:8,6
DA:9,6
DA:10,1
DA:13,5
DA:14,5
DA:15,5
DA:16,5
DA:18,0
DA:22,1
DA:27,1
LF:15
LH:14
BRDA:9,0,0,1
BRDA:9,0,1,5
BRF:2
BRH:2
end_of_record
