<?xml version="1.0" encoding="UTF-8"?>
<coverage generated="1778577277516" clover="3.2.0">
  <project timestamp="1778577277516" name="All files">
    <metrics statements="744" coveredstatements="577" conditionals="620" coveredconditionals="376" methods="101" coveredmethods="77" elements="1465" coveredelements="1030" complexity="0" loc="744" ncloc="744" packages="8" files="11" classes="11"/>
    <package name="src">
      <metrics statements="27" coveredstatements="25" conditionals="12" coveredconditionals="9" methods="2" coveredmethods="1"/>
      <file name="app.js" path="/Users/shivachoudhry/Downloads/Ai-VendorHub/product/src/app.js">
        <metrics statements="27" coveredstatements="25" conditionals="12" coveredconditionals="9" methods="2" coveredmethods="1"/>
        <line num="1" count="7" type="stmt"/>
        <line num="2" count="7" type="stmt"/>
        <line num="3" count="7" type="stmt"/>
        <line num="4" count="7" type="stmt"/>
        <line num="5" count="7" type="stmt"/>
        <line num="6" count="7" type="stmt"/>
        <line num="8" count="7" type="stmt"/>
        <line num="9" count="7" type="stmt"/>
        <line num="14" count="7" type="stmt"/>
        <line num="15" count="7" type="stmt"/>
        <line num="16" count="7" type="stmt"/>
        <line num="17" count="7" type="stmt"/>
        <line num="18" count="7" type="stmt"/>
        <line num="20" count="7" type="stmt"/>
        <line num="23" count="7" type="stmt"/>
        <line num="24" count="0" type="stmt"/>
        <line num="27" count="7" type="stmt"/>
        <line num="28" count="7" type="stmt"/>
        <line num="29" count="7" type="stmt"/>
        <line num="32" count="7" type="stmt"/>
        <line num="33" count="3" type="cond" truecount="1" falsecount="1"/>
        <line num="35" count="3" type="cond" truecount="4" falsecount="0"/>
        <line num="36" count="2" type="stmt"/>
        <line num="42" count="1" type="cond" truecount="3" falsecount="1"/>
        <line num="43" count="1" type="stmt"/>
        <line num="49" count="0" type="stmt"/>
        <line num="52" count="7" type="stmt"/>
      </file>
    </package>
    <package name="src.Broker">
      <metrics statements="20" coveredstatements="0" conditionals="13" coveredconditionals="0" methods="4" coveredmethods="0"/>
      <file name="broker.js" path="/Users/shivachoudhry/Downloads/Ai-VendorHub/product/src/Broker/broker.js">
        <metrics statements="20" coveredstatements="0" conditionals="13" coveredconditionals="0" methods="4" coveredmethods="0"/>
        <line num="1" count="0" type="stmt"/>
        <line num="7" count="0" type="cond" truecount="0" falsecount="2"/>
        <line num="9" count="0" type="stmt"/>
        <line num="10" count="0" type="stmt"/>
        <line num="11" count="0" type="stmt"/>
        <line num="12" count="0" type="stmt"/>
        <line num="16" count="0" type="stmt"/>
        <line num="17" count="0" type="stmt"/>
        <line num="22" count="0" type="cond" truecount="0" falsecount="4"/>
        <line num="24" count="0" type="stmt"/>
        <line num="28" count="0" type="stmt"/>
        <line num="30" count="0" type="stmt"/>
        <line num="35" count="0" type="cond" truecount="0" falsecount="4"/>
        <line num="37" count="0" type="stmt"/>
        <line num="41" count="0" type="stmt"/>
        <line num="42" count="0" type="cond" truecount="0" falsecount="2"/>
        <line num="43" count="0" type="stmt"/>
        <line num="44" count="0" type="stmt"/>
        <line num="45" count="0" type="stmt"/>
        <line num="50" count="0" type="stmt"/>
      </file>
    </package>
    <package name="src.controllers">
      <metrics statements="509" coveredstatements="408" conditionals="482" coveredconditionals="290" methods="64" coveredmethods="53"/>
      <file name="product.controller.js" path="/Users/shivachoudhry/Downloads/Ai-VendorHub/product/src/controllers/product.controller.js">
        <metrics statements="509" coveredstatements="408" conditionals="482" coveredconditionals="290" methods="64" coveredmethods="53"/>
        <line num="1" count="7" type="stmt"/>
        <line num="2" count="7" type="stmt"/>
        <line num="3" count="7" type="stmt"/>
        <line num="4" count="7" type="stmt"/>
        <line num="5" count="7" type="stmt"/>
        <line num="6" count="7" type="stmt"/>
        <line num="8" count="7" type="stmt"/>
        <line num="9" count="7" type="cond" truecount="2" falsecount="0"/>
        <line num="10" count="7" type="cond" truecount="2" falsecount="0"/>
        <line num="11" count="7" type="stmt"/>
        <line num="12" count="7" type="stmt"/>
        <line num="13" count="7" type="stmt"/>
        <line num="15" count="7" type="stmt"/>
        <line num="26" count="7" type="stmt"/>
        <line num="27" count="14" type="cond" truecount="1" falsecount="1"/>
        <line num="29" count="0" type="cond" truecount="0" falsecount="2"/>
        <line num="30" count="0" type="stmt"/>
        <line num="33" count="0" type="stmt"/>
        <line num="38" count="0" type="stmt"/>
        <line num="42" count="7" type="stmt"/>
        <line num="43" count="31" type="cond" truecount="2" falsecount="0"/>
        <line num="44" count="2" type="cond" truecount="1" falsecount="1"/>
        <line num="46" count="2" type="stmt"/>
        <line num="47" count="2" type="stmt"/>
        <line num="48" count="0" type="cond" truecount="0" falsecount="2"/>
        <line num="50" count="4" type="stmt"/>
        <line num="54" count="7" type="stmt"/>
        <line num="55" count="48" type="cond" truecount="3" falsecount="0"/>
        <line num="56" count="48" type="cond" truecount="4" falsecount="0"/>
        <line num="58" count="48" type="stmt"/>
        <line num="64" count="7" type="cond" truecount="0" falsecount="1"/>
        <line num="70" count="168" type="cond" truecount="1" falsecount="2"/>
        <line num="72" count="7" type="stmt"/>
        <line num="73" count="392" type="cond" truecount="1" falsecount="1"/>
        <line num="74" count="392" type="cond" truecount="2" falsecount="0"/>
        <line num="75" count="2" type="stmt"/>
        <line num="77" count="390" type="stmt"/>
        <line num="80" count="7" type="stmt"/>
        <line num="81" count="108" type="cond" truecount="3" falsecount="1"/>
        <line num="82" count="0" type="stmt"/>
        <line num="85" count="108" type="stmt"/>
        <line num="86" count="108" type="cond" truecount="2" falsecount="0"/>
        <line num="87" count="108" type="cond" truecount="2" falsecount="0"/>
        <line num="88" count="4" type="cond" truecount="1" falsecount="1"/>
        <line num="90" count="108" type="stmt"/>
        <line num="92" count="108" type="cond" truecount="2" falsecount="0"/>
        <line num="93" count="9" type="cond" truecount="2" falsecount="0"/>
        <line num="94" count="6" type="stmt"/>
        <line num="97" count="7" type="stmt"/>
        <line num="98" count="89" type="cond" truecount="1" falsecount="1"/>
        <line num="99" count="89" type="stmt"/>
        <line num="100" count="89" type="stmt"/>
        <line num="106" count="151" type="cond" truecount="0" falsecount="1"/>
        <line num="113" count="7" type="stmt"/>
        <line num="114" count="184" type="stmt"/>
        <line num="116" count="184" type="cond" truecount="4" falsecount="1"/>
        <line num="117" count="184" type="stmt"/>
        <line num="120" count="0" type="cond" truecount="0" falsecount="3"/>
        <line num="121" count="0" type="cond" truecount="0" falsecount="2"/>
        <line num="122" count="0" type="stmt"/>
        <line num="125" count="0" type="stmt"/>
        <line num="136" count="7" type="cond" truecount="0" falsecount="1"/>
        <line num="137" count="81" type="stmt"/>
        <line num="139" count="81" type="stmt"/>
        <line num="160" count="7" type="cond" truecount="0" falsecount="1"/>
        <line num="161" count="81" type="stmt"/>
        <line num="163" count="81" type="stmt"/>
        <line num="169" count="7" type="stmt"/>
        <line num="170" count="84" type="stmt"/>
        <line num="176" count="84" type="cond" truecount="2" falsecount="0"/>
        <line num="177" count="57" type="stmt"/>
        <line num="180" count="84" type="cond" truecount="3" falsecount="1"/>
        <line num="181" count="252" type="stmt"/>
        <line num="182" count="0" type="cond" truecount="0" falsecount="4"/>
        <line num="183" count="0" type="stmt"/>
        <line num="187" count="7" type="cond" truecount="1" falsecount="1"/>
        <line num="188" count="59" type="stmt"/>
        <line num="190" count="59" type="cond" truecount="1" falsecount="1"/>
        <line num="191" count="0" type="stmt"/>
        <line num="194" count="59" type="cond" truecount="2" falsecount="0"/>
        <line num="195" count="59" type="cond" truecount="1" falsecount="1"/>
        <line num="196" count="59" type="cond" truecount="1" falsecount="1"/>
        <line num="197" count="59" type="cond" truecount="1" falsecount="1"/>
        <line num="199" count="59" type="cond" truecount="2" falsecount="0"/>
        <line num="200" count="59" type="cond" truecount="2" falsecount="0"/>
        <line num="202" count="59" type="cond" truecount="2" falsecount="0"/>
        <line num="203" count="12" type="stmt"/>
        <line num="209" count="59" type="cond" truecount="2" falsecount="0"/>
        <line num="210" count="11" type="stmt"/>
        <line num="216" count="59" type="cond" truecount="1" falsecount="1"/>
        <line num="217" count="0" type="stmt"/>
        <line num="220" count="59" type="cond" truecount="1" falsecount="1"/>
        <line num="221" count="0" type="stmt"/>
        <line num="222" count="0" type="cond" truecount="0" falsecount="2"/>
        <line num="223" count="0" type="cond" truecount="0" falsecount="2"/>
        <line num="224" count="0" type="cond" truecount="0" falsecount="2"/>
        <line num="227" count="59" type="stmt"/>
        <line num="230" count="7" type="cond" truecount="0" falsecount="1"/>
        <line num="231" count="59" type="cond" truecount="2" falsecount="0"/>
        <line num="232" count="59" type="cond" truecount="2" falsecount="0"/>
        <line num="233" count="59" type="cond" truecount="4" falsecount="0"/>
        <line num="235" count="59" type="stmt"/>
        <line num="238" count="59" type="cond" truecount="1" falsecount="2"/>
        <line num="240" count="7" type="stmt"/>
        <line num="241" count="61" type="stmt"/>
        <line num="243" count="59" type="cond" truecount="2" falsecount="0"/>
        <line num="244" count="59" type="cond" truecount="1" falsecount="1"/>
        <line num="245" count="59" type="cond" truecount="1" falsecount="1"/>
        <line num="246" count="59" type="cond" truecount="2" falsecount="0"/>
        <line num="248" count="59" type="cond" truecount="2" falsecount="0"/>
        <line num="249" count="58" type="cond" truecount="1" falsecount="1"/>
        <line num="250" count="143" type="stmt"/>
        <line num="254" count="7" type="stmt"/>
        <line num="255" count="59" type="cond" truecount="1" falsecount="1"/>
        <line num="256" count="0" type="stmt"/>
        <line num="259" count="59" type="stmt"/>
        <line num="262" count="7" type="stmt"/>
        <line num="263" count="31" type="stmt"/>
        <line num="264" count="31" type="cond" truecount="1" falsecount="1"/>
        <line num="265" count="0" type="stmt"/>
        <line num="268" count="31" type="cond" truecount="1" falsecount="1"/>
        <line num="271" count="40" type="cond" truecount="2" falsecount="0"/>
        <line num="273" count="7" type="cond" truecount="0" falsecount="1"/>
        <line num="274" count="4" type="cond" truecount="3" falsecount="1"/>
        <line num="275" count="4" type="cond" truecount="3" falsecount="1"/>
        <line num="276" count="4" type="cond" truecount="1" falsecount="1"/>
        <line num="278" count="4" type="cond" truecount="1" falsecount="1"/>
        <line num="279" count="0" type="stmt"/>
        <line num="282" count="4" type="cond" truecount="1" falsecount="1"/>
        <line num="283" count="0" type="stmt"/>
        <line num="286" count="4" type="stmt"/>
        <line num="287" count="4" type="stmt"/>
        <line num="288" count="4" type="stmt"/>
        <line num="290" count="4" type="cond" truecount="4" falsecount="0"/>
        <line num="291" count="1" type="stmt"/>
        <line num="294" count="3" type="cond" truecount="1" falsecount="1"/>
        <line num="295" count="0" type="stmt"/>
        <line num="298" count="3" type="cond" truecount="4" falsecount="1"/>
        <line num="299" count="0" type="stmt"/>
        <line num="302" count="3" type="stmt"/>
        <line num="313" count="7" type="stmt"/>
        <line num="314" count="4" type="cond" truecount="1" falsecount="1"/>
        <line num="315" count="4" type="cond" truecount="3" falsecount="1"/>
        <line num="316" count="0" type="stmt"/>
        <line num="318" count="4" type="stmt"/>
        <line num="321" count="7" type="stmt"/>
        <line num="323" count="7" type="stmt"/>
        <line num="324" count="15" type="stmt"/>
        <line num="325" count="15" type="stmt"/>
        <line num="326" count="15" type="stmt"/>
        <line num="327" count="15" type="stmt"/>
        <line num="329" count="15" type="cond" truecount="3" falsecount="1"/>
        <line num="330" count="0" type="stmt"/>
        <line num="333" count="15" type="cond" truecount="3" falsecount="1"/>
        <line num="334" count="0" type="stmt"/>
        <line num="337" count="15" type="cond" truecount="1" falsecount="1"/>
        <line num="338" count="0" type="stmt"/>
        <line num="344" count="15" type="stmt"/>
        <line num="345" count="15" type="cond" truecount="4" falsecount="0"/>
        <line num="346" count="3" type="stmt"/>
        <line num="347" count="5" type="stmt"/>
        <line num="349" count="2" type="stmt"/>
        <line num="352" count="14" type="stmt"/>
        <line num="366" count="14" type="stmt"/>
        <line num="367" count="13" type="stmt"/>
        <line num="368" count="13" type="stmt"/>
        <line num="373" count="13" type="stmt"/>
        <line num="379" count="2" type="stmt"/>
        <line num="380" count="2" type="stmt"/>
        <line num="388" count="7" type="stmt"/>
        <line num="389" count="3" type="stmt"/>
        <line num="390" count="3" type="stmt"/>
        <line num="392" count="3" type="cond" truecount="1" falsecount="1"/>
        <line num="393" count="0" type="stmt"/>
        <line num="396" count="3" type="stmt"/>
        <line num="397" count="3" type="stmt"/>
        <line num="398" count="3" type="cond" truecount="1" falsecount="1"/>
        <line num="399" count="0" type="stmt"/>
        <line num="402" count="3" type="stmt"/>
        <line num="403" count="2" type="cond" truecount="1" falsecount="1"/>
        <line num="404" count="2" type="cond" truecount="2" falsecount="0"/>
        <line num="405" count="1" type="stmt"/>
        <line num="408" count="1" type="cond" truecount="1" falsecount="1"/>
        <line num="409" count="1" type="stmt"/>
        <line num="410" count="1" type="stmt"/>
        <line num="411" count="1" type="stmt"/>
        <line num="417" count="1" type="stmt"/>
        <line num="423" count="1" type="stmt"/>
        <line num="424" count="1" type="cond" truecount="1" falsecount="1"/>
        <line num="432" count="7" type="stmt"/>
        <line num="433" count="1" type="stmt"/>
        <line num="434" count="1" type="stmt"/>
        <line num="436" count="1" type="cond" truecount="1" falsecount="1"/>
        <line num="437" count="0" type="stmt"/>
        <line num="440" count="1" type="stmt"/>
        <line num="441" count="1" type="stmt"/>
        <line num="442" count="1" type="cond" truecount="1" falsecount="1"/>
        <line num="443" count="0" type="stmt"/>
        <line num="446" count="1" type="cond" truecount="1" falsecount="1"/>
        <line num="448" count="1" type="cond" truecount="2" falsecount="2"/>
        <line num="450" count="1" type="cond" truecount="1" falsecount="1"/>
        <line num="451" count="0" type="stmt"/>
        <line num="454" count="1" type="stmt"/>
        <line num="455" count="1" type="cond" truecount="1" falsecount="1"/>
        <line num="456" count="1" type="cond" truecount="1" falsecount="3"/>
        <line num="459" count="1" type="cond" truecount="1" falsecount="1"/>
        <line num="460" count="0" type="stmt"/>
        <line num="463" count="1" type="stmt"/>
        <line num="464" count="1" type="stmt"/>
        <line num="465" count="1" type="stmt"/>
        <line num="466" count="1" type="stmt"/>
        <line num="472" count="1" type="stmt"/>
        <line num="478" count="0" type="stmt"/>
        <line num="479" count="0" type="cond" truecount="0" falsecount="2"/>
        <line num="487" count="7" type="stmt"/>
        <line num="488" count="30" type="stmt"/>
        <line num="489" count="30" type="stmt"/>
        <line num="490" count="30" type="stmt"/>
        <line num="492" count="30" type="cond" truecount="1" falsecount="1"/>
        <line num="493" count="0" type="stmt"/>
        <line num="494" count="0" type="stmt"/>
        <line num="497" count="30" type="stmt"/>
        <line num="498" count="30" type="stmt"/>
        <line num="499" count="30" type="cond" truecount="2" falsecount="0"/>
        <line num="500" count="30" type="stmt"/>
        <line num="502" count="30" type="stmt"/>
        <line num="507" count="28" type="stmt"/>
        <line num="513" count="28" type="cond" truecount="4" falsecount="1"/>
        <line num="514" count="0" type="stmt"/>
        <line num="521" count="0" type="stmt"/>
        <line num="524" count="28" type="stmt"/>
        <line num="525" count="28" type="stmt"/>
        <line num="526" count="28" type="stmt"/>
        <line num="528" count="2" type="stmt"/>
        <line num="529" count="2" type="stmt"/>
        <line num="537" count="7" type="stmt"/>
        <line num="538" count="2" type="stmt"/>
        <line num="539" count="2" type="stmt"/>
        <line num="540" count="4" type="stmt"/>
        <line num="542" count="2" type="cond" truecount="2" falsecount="0"/>
        <line num="543" count="1" type="stmt"/>
        <line num="549" count="1" type="stmt"/>
        <line num="550" count="1" type="stmt"/>
        <line num="551" count="1" type="cond" truecount="1" falsecount="1"/>
        <line num="552" count="0" type="stmt"/>
        <line num="553" count="0" type="stmt"/>
        <line num="556" count="1" type="stmt"/>
        <line num="557" count="1" type="cond" truecount="1" falsecount="1"/>
        <line num="558" count="1" type="stmt"/>
        <line num="561" count="1" type="cond" truecount="1" falsecount="1"/>
        <line num="562" count="1" type="stmt"/>
        <line num="566" count="3" type="stmt"/>
        <line num="571" count="1" type="stmt"/>
        <line num="572" count="1" type="stmt"/>
        <line num="573" count="1" type="stmt"/>
        <line num="575" count="0" type="stmt"/>
        <line num="576" count="0" type="stmt"/>
        <line num="584" count="7" type="stmt"/>
        <line num="585" count="31" type="stmt"/>
        <line num="586" count="31" type="stmt"/>
        <line num="587" count="31" type="stmt"/>
        <line num="588" count="31" type="stmt"/>
        <line num="590" count="31" type="cond" truecount="1" falsecount="1"/>
        <line num="591" count="0" type="stmt"/>
        <line num="592" count="0" type="stmt"/>
        <line num="595" count="31" type="stmt"/>
        <line num="596" count="24" type="cond" truecount="2" falsecount="0"/>
        <line num="597" count="5" type="stmt"/>
        <line num="605" count="19" type="cond" truecount="1" falsecount="1"/>
        <line num="606" count="0" type="stmt"/>
        <line num="609" count="19" type="stmt"/>
        <line num="610" count="19" type="stmt"/>
        <line num="618" count="19" type="stmt"/>
        <line num="619" count="19" type="stmt"/>
        <line num="620" count="19" type="stmt"/>
        <line num="622" count="7" type="stmt"/>
        <line num="623" count="7" type="stmt"/>
        <line num="631" count="7" type="stmt"/>
        <line num="632" count="1" type="stmt"/>
        <line num="633" count="1" type="stmt"/>
        <line num="634" count="1" type="stmt"/>
        <line num="636" count="1" type="cond" truecount="1" falsecount="1"/>
        <line num="637" count="0" type="stmt"/>
        <line num="640" count="1" type="stmt"/>
        <line num="641" count="1" type="cond" truecount="3" falsecount="1"/>
        <line num="642" count="0" type="stmt"/>
        <line num="645" count="1" type="cond" truecount="1" falsecount="1"/>
        <line num="646" count="1" type="cond" truecount="1" falsecount="1"/>
        <line num="647" count="1" type="cond" truecount="1" falsecount="1"/>
        <line num="653" count="1" type="stmt"/>
        <line num="655" count="1" type="stmt"/>
        <line num="656" count="1" type="cond" truecount="2" falsecount="0"/>
        <line num="657" count="1" type="stmt"/>
        <line num="659" count="1" type="stmt"/>
        <line num="660" count="1" type="stmt"/>
        <line num="661" count="1" type="stmt"/>
        <line num="663" count="1" type="stmt"/>
        <line num="673" count="0" type="stmt"/>
        <line num="674" count="0" type="stmt"/>
        <line num="682" count="7" type="stmt"/>
        <line num="683" count="2" type="stmt"/>
        <line num="684" count="2" type="stmt"/>
        <line num="685" count="2" type="cond" truecount="2" falsecount="0"/>
        <line num="686" count="2" type="stmt"/>
        <line num="688" count="2" type="cond" truecount="2" falsecount="0"/>
        <line num="689" count="1" type="stmt"/>
        <line num="696" count="1" type="stmt"/>
        <line num="697" count="1" type="stmt"/>
        <line num="698" count="3" type="stmt"/>
        <line num="702" count="1" type="stmt"/>
        <line num="708" count="0" type="stmt"/>
        <line num="709" count="0" type="stmt"/>
        <line num="717" count="7" type="stmt"/>
        <line num="718" count="2" type="stmt"/>
        <line num="719" count="2" type="stmt"/>
        <line num="720" count="2" type="cond" truecount="2" falsecount="0"/>
        <line num="722" count="2" type="cond" truecount="1" falsecount="1"/>
        <line num="723" count="0" type="stmt"/>
        <line num="726" count="2" type="stmt"/>
        <line num="727" count="2" type="cond" truecount="4" falsecount="0"/>
        <line num="728" count="1" type="stmt"/>
        <line num="731" count="1" type="stmt"/>
        <line num="732" count="1" type="cond" truecount="1" falsecount="1"/>
        <line num="733" count="1" type="stmt"/>
        <line num="744" count="1" type="cond" truecount="1" falsecount="1"/>
        <line num="745" count="1" type="stmt"/>
        <line num="751" count="1" type="stmt"/>
        <line num="757" count="0" type="stmt"/>
        <line num="758" count="0" type="stmt"/>
        <line num="766" count="7" type="stmt"/>
        <line num="767" count="1" type="stmt"/>
        <line num="768" count="1" type="cond" truecount="1" falsecount="1"/>
        <line num="769" count="1" type="stmt"/>
        <line num="770" count="1" type="stmt"/>
        <line num="772" count="1" type="cond" truecount="1" falsecount="1"/>
        <line num="773" count="0" type="stmt"/>
        <line num="774" count="0" type="stmt"/>
        <line num="777" count="1" type="stmt"/>
        <line num="783" count="1" type="stmt"/>
        <line num="789" count="1" type="stmt"/>
        <line num="790" count="1" type="stmt"/>
        <line num="791" count="1" type="stmt"/>
        <line num="793" count="0" type="stmt"/>
        <line num="794" count="0" type="stmt"/>
        <line num="802" count="7" type="stmt"/>
        <line num="803" count="41" type="stmt"/>
        <line num="804" count="41" type="stmt"/>
        <line num="805" count="41" type="stmt"/>
        <line num="807" count="41" type="cond" truecount="2" falsecount="0"/>
        <line num="808" count="1" type="stmt"/>
        <line num="811" count="40" type="cond" truecount="5" falsecount="1"/>
        <line num="812" count="1" type="stmt"/>
        <line num="815" count="39" type="stmt"/>
        <line num="816" count="38" type="cond" truecount="2" falsecount="0"/>
        <line num="817" count="1" type="stmt"/>
        <line num="820" count="37" type="cond" truecount="4" falsecount="0"/>
        <line num="821" count="1" type="stmt"/>
        <line num="824" count="36" type="cond" truecount="4" falsecount="0"/>
        <line num="825" count="2" type="stmt"/>
        <line num="828" count="34" type="cond" truecount="2" falsecount="0"/>
        <line num="829" count="24" type="cond" truecount="4" falsecount="0"/>
        <line num="830" count="1" type="stmt"/>
        <line num="832" count="23" type="stmt"/>
        <line num="835" count="33" type="cond" truecount="2" falsecount="0"/>
        <line num="837" count="33" type="stmt"/>
        <line num="838" count="33" type="cond" truecount="5" falsecount="0"/>
        <line num="839" count="5" type="cond" truecount="4" falsecount="0"/>
        <line num="840" count="3" type="stmt"/>
        <line num="842" count="2" type="stmt"/>
        <line num="845" count="30" type="cond" truecount="5" falsecount="0"/>
        <line num="846" count="5" type="cond" truecount="2" falsecount="0"/>
        <line num="847" count="1" type="stmt"/>
        <line num="852" count="4" type="stmt"/>
        <line num="855" count="29" type="cond" truecount="1" falsecount="1"/>
        <line num="856" count="0" type="stmt"/>
        <line num="857" count="0" type="cond" truecount="0" falsecount="4"/>
        <line num="858" count="0" type="stmt"/>
        <line num="860" count="0" type="stmt"/>
        <line num="863" count="29" type="cond" truecount="1" falsecount="1"/>
        <line num="864" count="29" type="cond" truecount="1" falsecount="1"/>
        <line num="865" count="29" type="cond" truecount="1" falsecount="1"/>
        <line num="867" count="29" type="cond" truecount="1" falsecount="1"/>
        <line num="868" count="0" type="stmt"/>
        <line num="869" count="0" type="cond" truecount="0" falsecount="2"/>
        <line num="870" count="0" type="stmt"/>
        <line num="872" count="0" type="stmt"/>
        <line num="875" count="29" type="stmt"/>
        <line num="876" count="29" type="cond" truecount="1" falsecount="1"/>
        <line num="877" count="0" type="cond" truecount="0" falsecount="2"/>
        <line num="878" count="0" type="cond" truecount="0" falsecount="2"/>
        <line num="880" count="0" type="stmt"/>
        <line num="882" count="0" type="cond" truecount="0" falsecount="2"/>
        <line num="887" count="29" type="cond" truecount="2" falsecount="2"/>
        <line num="888" count="0" type="stmt"/>
        <line num="889" count="0" type="stmt"/>
        <line num="891" count="0" type="stmt"/>
        <line num="892" count="0" type="cond" truecount="0" falsecount="2"/>
        <line num="897" count="29" type="stmt"/>
        <line num="898" count="28" type="stmt"/>
        <line num="899" count="28" type="stmt"/>
        <line num="904" count="28" type="stmt"/>
        <line num="910" count="2" type="stmt"/>
        <line num="911" count="2" type="stmt"/>
        <line num="919" count="7" type="stmt"/>
        <line num="920" count="44" type="stmt"/>
        <line num="921" count="44" type="stmt"/>
        <line num="922" count="44" type="stmt"/>
        <line num="924" count="44" type="cond" truecount="2" falsecount="0"/>
        <line num="925" count="1" type="stmt"/>
        <line num="928" count="43" type="stmt"/>
        <line num="929" count="42" type="cond" truecount="2" falsecount="0"/>
        <line num="930" count="1" type="stmt"/>
        <line num="933" count="41" type="cond" truecount="4" falsecount="0"/>
        <line num="934" count="1" type="stmt"/>
        <line num="937" count="40" type="stmt"/>
        <line num="938" count="40" type="stmt"/>
        <line num="939" count="40" type="stmt"/>
        <line num="941" count="40" type="cond" truecount="2" falsecount="0"/>
        <line num="942" count="11" type="stmt"/>
        <line num="943" count="11" type="stmt"/>
        <line num="944" count="10" type="stmt"/>
        <line num="945" count="29" type="cond" truecount="1" falsecount="1"/>
        <line num="946" count="29" type="stmt"/>
        <line num="947" count="0" type="cond" truecount="0" falsecount="2"/>
        <line num="948" count="0" type="stmt"/>
        <line num="950" count="0" type="stmt"/>
        <line num="953" count="38" type="stmt"/>
        <line num="954" count="38" type="stmt"/>
        <line num="960" count="38" type="stmt"/>
        <line num="974" count="3" type="stmt"/>
        <line num="975" count="3" type="stmt"/>
        <line num="983" count="7" type="stmt"/>
        <line num="984" count="29" type="stmt"/>
        <line num="985" count="29" type="stmt"/>
        <line num="986" count="29" type="stmt"/>
        <line num="987" count="29" type="stmt"/>
        <line num="989" count="29" type="cond" truecount="1" falsecount="1"/>
        <line num="990" count="0" type="stmt"/>
        <line num="991" count="0" type="stmt"/>
        <line num="994" count="29" type="stmt"/>
        <line num="995" count="29" type="stmt"/>
        <line num="996" count="29" type="cond" truecount="2" falsecount="0"/>
        <line num="997" count="29" type="stmt"/>
        <line num="998" count="29" type="stmt"/>
        <line num="1000" count="29" type="stmt"/>
        <line num="1005" count="28" type="stmt"/>
        <line num="1011" count="28" type="cond" truecount="4" falsecount="1"/>
        <line num="1012" count="0" type="stmt"/>
        <line num="1019" count="0" type="stmt"/>
        <line num="1022" count="28" type="stmt"/>
        <line num="1023" count="28" type="stmt"/>
        <line num="1024" count="28" type="stmt"/>
        <line num="1026" count="1" type="stmt"/>
        <line num="1027" count="1" type="stmt"/>
        <line num="1035" count="7" type="stmt"/>
        <line num="1036" count="2" type="stmt"/>
        <line num="1037" count="2" type="stmt"/>
        <line num="1038" count="2" type="stmt"/>
        <line num="1040" count="2" type="cond" truecount="1" falsecount="1"/>
        <line num="1041" count="0" type="stmt"/>
        <line num="1044" count="2" type="stmt"/>
        <line num="1045" count="2" type="cond" truecount="3" falsecount="1"/>
        <line num="1046" count="0" type="stmt"/>
        <line num="1049" count="2" type="stmt"/>
        <line num="1050" count="2" type="cond" truecount="2" falsecount="0"/>
        <line num="1051" count="1" type="stmt"/>
        <line num="1058" count="1" type="stmt"/>
        <line num="1059" count="1" type="cond" truecount="1" falsecount="1"/>
        <line num="1060" count="1" type="cond" truecount="2" falsecount="0"/>
        <line num="1061" count="1" type="cond" truecount="1" falsecount="1"/>
        <line num="1067" count="1" type="stmt"/>
        <line num="1068" count="1" type="stmt"/>
        <line num="1069" count="1" type="stmt"/>
        <line num="1071" count="1" type="stmt"/>
        <line num="1077" count="0" type="stmt"/>
        <line num="1078" count="0" type="stmt"/>
        <line num="1086" count="7" type="stmt"/>
        <line num="1087" count="2" type="stmt"/>
        <line num="1088" count="2" type="stmt"/>
        <line num="1089" count="2" type="stmt"/>
        <line num="1091" count="2" type="cond" truecount="1" falsecount="1"/>
        <line num="1092" count="0" type="stmt"/>
        <line num="1095" count="2" type="stmt"/>
        <line num="1096" count="2" type="cond" truecount="2" falsecount="0"/>
        <line num="1097" count="1" type="stmt"/>
        <line num="1100" count="1" type="stmt"/>
        <line num="1101" count="1" type="cond" truecount="1" falsecount="1"/>
        <line num="1102" count="1" type="cond" truecount="1" falsecount="1"/>
        <line num="1103" count="1" type="cond" truecount="1" falsecount="1"/>
        <line num="1104" count="1" type="cond" truecount="1" falsecount="1"/>
        <line num="1110" count="1" type="stmt"/>
        <line num="1111" count="1" type="stmt"/>
        <line num="1112" count="1" type="stmt"/>
        <line num="1115" count="1" type="stmt"/>
        <line num="1121" count="0" type="stmt"/>
        <line num="1122" count="0" type="stmt"/>
        <line num="1130" count="7" type="stmt"/>
        <line num="1131" count="0" type="stmt"/>
        <line num="1132" count="0" type="stmt"/>
        <line num="1133" count="0" type="stmt"/>
        <line num="1135" count="0" type="cond" truecount="0" falsecount="2"/>
        <line num="1136" count="0" type="stmt"/>
        <line num="1139" count="0" type="cond" truecount="0" falsecount="2"/>
        <line num="1140" count="0" type="cond" truecount="0" falsecount="2"/>
        <line num="1141" count="0" type="stmt"/>
        <line num="1147" count="0" type="stmt"/>
        <line num="1153" count="0" type="stmt"/>
        <line num="1154" count="0" type="stmt"/>
        <line num="1162" count="7" type="stmt"/>
      </file>
    </package>
    <package name="src.middleware">
      <metrics statements="22" coveredstatements="22" conditionals="9" coveredconditionals="8" methods="3" coveredmethods="3"/>
      <file name="auth.middleware.js" path="/Users/shivachoudhry/Downloads/Ai-VendorHub/product/src/middleware/auth.middleware.js">
        <metrics statements="13" coveredstatements="13" conditionals="7" coveredconditionals="6" methods="2" coveredmethods="2"/>
        <line num="1" count="7" type="stmt"/>
        <line num="4" count="77" type="stmt"/>
        <line num="5" count="155" type="cond" truecount="2" falsecount="0"/>
        <line num="6" count="155" type="cond" truecount="2" falsecount="0"/>
        <line num="7" count="3" type="stmt"/>
        <line num="11" count="152" type="stmt"/>
        <line num="12" count="152" type="stmt"/>
        <line num="13" count="150" type="cond" truecount="2" falsecount="0"/>
        <line num="14" count="4" type="stmt"/>
        <line num="18" count="146" type="stmt"/>
        <line num="19" count="146" type="stmt"/>
        <line num="21" count="2" type="stmt"/>
        <line num="31" count="7" type="stmt"/>
      </file>
      <file name="upload.middleware.js" path="/Users/shivachoudhry/Downloads/Ai-VendorHub/product/src/middleware/upload.middleware.js">
        <metrics statements="9" coveredstatements="9" conditionals="2" coveredconditionals="2" methods="1" coveredmethods="1"/>
        <line num="1" count="7" type="stmt"/>
        <line num="4" count="7" type="stmt"/>
        <line num="6" count="7" type="stmt"/>
        <line num="8" count="12" type="stmt"/>
        <line num="10" count="12" type="cond" truecount="2" falsecount="0"/>
        <line num="11" count="11" type="stmt"/>
        <line num="13" count="1" type="stmt"/>
        <line num="17" count="7" type="stmt"/>
        <line num="26" count="7" type="stmt"/>
      </file>
    </package>
    <package name="src.models">
      <metrics statements="31" coveredstatements="28" conditionals="23" coveredconditionals="14" methods="4" coveredmethods="3"/>
      <file name="product.model.js" path="/Users/shivachoudhry/Downloads/Ai-VendorHub/product/src/models/product.model.js">
        <metrics statements="27" coveredstatements="24" conditionals="23" coveredconditionals="14" methods="4" coveredmethods="3"/>
        <line num="1" count="8" type="stmt"/>
        <line num="3" count="8" type="stmt"/>
        <line num="36" count="8" type="stmt"/>
        <line num="119" count="8" type="stmt"/>
        <line num="120" count="8" type="stmt"/>
        <line num="121" count="8" type="stmt"/>
        <line num="122" count="8" type="stmt"/>
        <line num="123" count="8" type="stmt"/>
        <line num="124" count="8" type="stmt"/>
        <line num="125" count="8" type="stmt"/>
        <line num="127" count="8" type="cond" truecount="1" falsecount="0"/>
        <line num="128" count="3" type="cond" truecount="2" falsecount="0"/>
        <line num="129" count="3" type="cond" truecount="1" falsecount="1"/>
        <line num="130" count="1" type="cond" truecount="1" falsecount="1"/>
        <line num="132" count="3" type="stmt"/>
        <line num="134" count="3" type="cond" truecount="2" falsecount="0"/>
        <line num="135" count="2" type="cond" truecount="2" falsecount="0"/>
        <line num="136" count="1" type="stmt"/>
        <line num="139" count="8" type="stmt"/>
        <line num="140" count="1" type="cond" truecount="1" falsecount="1"/>
        <line num="141" count="1" type="cond" truecount="1" falsecount="1"/>
        <line num="147" count="8" type="stmt"/>
        <line num="148" count="0" type="cond" truecount="0" falsecount="2"/>
        <line num="149" count="0" type="stmt"/>
        <line num="150" count="0" type="stmt"/>
        <line num="153" count="8" type="stmt"/>
        <line num="155" count="8" type="stmt"/>
      </file>
      <file name="wishlist.model.js" path="/Users/shivachoudhry/Downloads/Ai-VendorHub/product/src/models/wishlist.model.js">
        <metrics statements="4" coveredstatements="4" conditionals="0" coveredconditionals="0" methods="0" coveredmethods="0"/>
        <line num="1" count="7" type="stmt"/>
        <line num="3" count="7" type="stmt"/>
        <line num="19" count="7" type="stmt"/>
        <line num="21" count="7" type="stmt"/>
      </file>
    </package>
    <package name="src.routes">
      <metrics statements="23" coveredstatements="23" conditionals="0" coveredconditionals="0" methods="0" coveredmethods="0"/>
      <file name="product.routes.js" path="/Users/shivachoudhry/Downloads/Ai-VendorHub/product/src/routes/product.routes.js">
        <metrics statements="23" coveredstatements="23" conditionals="0" coveredconditionals="0" methods="0" coveredmethods="0"/>
        <line num="1" count="7" type="stmt"/>
        <line num="2" count="7" type="stmt"/>
        <line num="3" count="7" type="stmt"/>
        <line num="4" count="7" type="stmt"/>
        <line num="5" count="7" type="stmt"/>
        <line num="6" count="7" type="stmt"/>
        <line num="10" count="7" type="stmt"/>
        <line num="20" count="7" type="stmt"/>
        <line num="23" count="7" type="stmt"/>
        <line num="26" count="7" type="stmt"/>
        <line num="29" count="7" type="stmt"/>
        <line num="32" count="7" type="stmt"/>
        <line num="39" count="7" type="stmt"/>
        <line num="46" count="7" type="stmt"/>
        <line num="53" count="7" type="stmt"/>
        <line num="60" count="7" type="stmt"/>
        <line num="67" count="7" type="stmt"/>
        <line num="70" count="7" type="stmt"/>
        <line num="78" count="7" type="stmt"/>
        <line num="86" count="7" type="stmt"/>
        <line num="89" count="7" type="stmt"/>
        <line num="100" count="7" type="stmt"/>
        <line num="106" count="7" type="stmt"/>
      </file>
    </package>
    <package name="src.services">
      <metrics statements="86" coveredstatements="48" conditionals="57" coveredconditionals="36" methods="19" coveredmethods="13"/>
      <file name="cache.service.js" path="/Users/shivachoudhry/Downloads/Ai-VendorHub/product/src/services/cache.service.js">
        <metrics statements="74" coveredstatements="43" conditionals="57" coveredconditionals="36" methods="17" coveredmethods="13"/>
        <line num="1" count="9" type="stmt"/>
        <line num="3" count="9" type="cond" truecount="2" falsecount="0"/>
        <line num="4" count="9" type="stmt"/>
        <line num="7" count="9" type="stmt"/>
        <line num="8" count="9" type="stmt"/>
        <line num="10" count="9" type="stmt"/>
        <line num="15" count="9" type="stmt"/>
        <line num="16" count="9" type="stmt"/>
        <line num="17" count="9" type="stmt"/>
        <line num="19" count="9" type="cond" truecount="2" falsecount="3"/>
        <line num="20" count="0" type="stmt"/>
        <line num="29" count="0" type="stmt"/>
        <line num="30" count="0" type="stmt"/>
        <line num="31" count="0" type="stmt"/>
        <line num="34" count="0" type="stmt"/>
        <line num="35" count="0" type="stmt"/>
        <line num="36" count="0" type="stmt"/>
        <line num="40" count="9" type="cond" truecount="1" falsecount="1"/>
        <line num="41" count="0" type="stmt"/>
        <line num="42" count="0" type="stmt"/>
        <line num="47" count="63" type="stmt"/>
        <line num="48" count="63" type="stmt"/>
        <line num="49" count="63" type="stmt"/>
        <line num="53" count="102" type="cond" truecount="2" falsecount="0"/>
        <line num="55" count="11" type="stmt"/>
        <line num="56" count="11" type="cond" truecount="1" falsecount="1"/>
        <line num="58" count="11" type="stmt"/>
        <line num="59" count="11" type="cond" truecount="2" falsecount="0"/>
        <line num="61" count="5" type="cond" truecount="2" falsecount="0"/>
        <line num="62" count="1" type="stmt"/>
        <line num="63" count="1" type="stmt"/>
        <line num="66" count="4" type="stmt"/>
        <line num="70" count="85" type="cond" truecount="2" falsecount="0"/>
        <line num="72" count="9" type="stmt"/>
        <line num="73" count="9" type="stmt"/>
        <line num="80" count="256" type="cond" truecount="2" falsecount="0"/>
        <line num="82" count="19" type="stmt"/>
        <line num="84" count="19" type="stmt"/>
        <line num="85" count="7" type="cond" truecount="4" falsecount="0"/>
        <line num="86" count="2" type="stmt"/>
        <line num="92" count="244" type="stmt"/>
        <line num="96" count="443" type="cond" truecount="2" falsecount="0"/>
        <line num="97" count="441" type="cond" truecount="4" falsecount="0"/>
        <line num="98" count="39" type="stmt"/>
        <line num="102" count="11" type="cond" truecount="1" falsecount="1"/>
        <line num="104" count="0" type="stmt"/>
        <line num="105" count="0" type="cond" truecount="0" falsecount="2"/>
        <line num="106" count="0" type="stmt"/>
        <line num="107" count="0" type="cond" truecount="0" falsecount="2"/>
        <line num="109" count="0" type="stmt"/>
        <line num="110" count="0" type="stmt"/>
        <line num="115" count="9" type="cond" truecount="1" falsecount="1"/>
        <line num="117" count="0" type="stmt"/>
        <line num="118" count="0" type="cond" truecount="0" falsecount="2"/>
        <line num="119" count="0" type="stmt"/>
        <line num="121" count="0" type="stmt"/>
        <line num="126" count="19" type="cond" truecount="1" falsecount="1"/>
        <line num="128" count="0" type="stmt"/>
        <line num="129" count="0" type="cond" truecount="0" falsecount="2"/>
        <line num="130" count="0" type="stmt"/>
        <line num="132" count="0" type="stmt"/>
        <line num="133" count="0" type="stmt"/>
        <line num="134" count="0" type="stmt"/>
        <line num="141" count="0" type="stmt"/>
        <line num="142" count="0" type="cond" truecount="0" falsecount="2"/>
        <line num="145" count="0" type="stmt"/>
        <line num="150" count="0" type="stmt"/>
        <line num="151" count="0" type="stmt"/>
        <line num="152" count="0" type="cond" truecount="0" falsecount="2"/>
        <line num="157" count="129" type="cond" truecount="4" falsecount="0"/>
        <line num="158" count="64" type="cond" truecount="2" falsecount="0"/>
        <line num="160" count="63" type="stmt"/>
        <line num="162" count="64" type="stmt"/>
        <line num="167" count="9" type="stmt"/>
      </file>
      <file name="imagekit.service.js" path="/Users/shivachoudhry/Downloads/Ai-VendorHub/product/src/services/imagekit.service.js">
        <metrics statements="12" coveredstatements="5" conditionals="0" coveredconditionals="0" methods="2" coveredmethods="0"/>
        <line num="1" count="7" type="stmt"/>
        <line num="4" count="7" type="stmt"/>
        <line num="18" count="7" type="stmt"/>
        <line num="19" count="0" type="stmt"/>
        <line num="20" count="0" type="stmt"/>
        <line num="24" count="0" type="stmt"/>
        <line num="26" count="0" type="stmt"/>
        <line num="35" count="7" type="stmt"/>
        <line num="36" count="0" type="stmt"/>
        <line num="37" count="0" type="stmt"/>
        <line num="39" count="0" type="stmt"/>
        <line num="43" count="7" type="stmt"/>
      </file>
    </package>
    <package name="src.validators">
      <metrics statements="26" coveredstatements="23" conditionals="24" coveredconditionals="19" methods="5" coveredmethods="4"/>
      <file name="product.validator.js" path="/Users/shivachoudhry/Downloads/Ai-VendorHub/product/src/validators/product.validator.js">
        <metrics statements="26" coveredstatements="23" conditionals="24" coveredconditionals="19" methods="5" coveredmethods="4"/>
        <line num="1" count="7" type="stmt"/>
        <line num="7" count="7" type="stmt"/>
        <line num="8" count="63" type="cond" truecount="1" falsecount="1"/>
        <line num="10" count="63" type="cond" truecount="4" falsecount="0"/>
        <line num="11" count="21" type="stmt"/>
        <line num="15" count="21" type="stmt"/>
        <line num="16" count="21" type="stmt"/>
        <line num="19" count="63" type="cond" truecount="4" falsecount="0"/>
        <line num="20" count="7" type="stmt"/>
        <line num="24" count="7" type="stmt"/>
        <line num="25" count="7" type="stmt"/>
        <line num="28" count="63" type="stmt"/>
        <line num="34" count="7" type="stmt"/>
        <line num="35" count="18" type="stmt"/>
        <line num="37" count="18" type="cond" truecount="2" falsecount="0"/>
        <line num="38" count="3" type="stmt"/>
        <line num="41" count="5" type="stmt"/>
        <line num="49" count="15" type="stmt"/>
        <line num="56" count="7" type="stmt"/>
        <line num="73" count="18" type="cond" truecount="4" falsecount="0"/>
        <line num="74" count="2" type="stmt"/>
        <line num="76" count="16" type="stmt"/>
        <line num="101" count="0" type="cond" truecount="0" falsecount="4"/>
        <line num="102" count="0" type="stmt"/>
        <line num="104" count="0" type="stmt"/>
        <line num="119" count="7" type="stmt"/>
      </file>
    </package>
  </project>
</coverage>
