<?xml version="1.0" encoding="UTF-8"?>
<coverage generated="1780072057863" clover="3.2.0">
  <project timestamp="1780072057863" name="All files">
    <metrics statements="846" coveredstatements="608" conditionals="706" coveredconditionals="380" methods="118" coveredmethods="77" elements="1670" coveredelements="1065" complexity="0" loc="846" ncloc="846" packages="8" files="14" classes="14"/>
    <package name="src">
      <metrics statements="27" coveredstatements="25" conditionals="12" coveredconditionals="9" methods="2" coveredmethods="1"/>
      <file name="app.js" path="/Users/shivachoudhry/Downloads/Ai-VendorHub/product/src/app.js">
        <metrics statements="27" coveredstatements="25" conditionals="12" coveredconditionals="9" methods="2" coveredmethods="1"/>
        <line num="1" count="7" type="stmt"/>
        <line num="2" count="7" type="stmt"/>
        <line num="3" count="7" type="stmt"/>
        <line num="4" count="7" type="stmt"/>
        <line num="5" count="7" type="stmt"/>
        <line num="6" count="7" type="stmt"/>
        <line num="8" count="7" type="stmt"/>
        <line num="9" count="7" type="stmt"/>
        <line num="14" count="7" type="stmt"/>
        <line num="15" count="7" type="stmt"/>
        <line num="16" count="7" type="stmt"/>
        <line num="17" count="7" type="stmt"/>
        <line num="18" count="7" type="stmt"/>
        <line num="20" count="7" type="stmt"/>
        <line num="23" count="7" type="stmt"/>
        <line num="24" count="0" type="stmt"/>
        <line num="27" count="7" type="stmt"/>
        <line num="28" count="7" type="stmt"/>
        <line num="29" count="7" type="stmt"/>
        <line num="32" count="7" type="stmt"/>
        <line num="33" count="3" type="cond" truecount="1" falsecount="1"/>
        <line num="35" count="3" type="cond" truecount="4" falsecount="0"/>
        <line num="36" count="2" type="stmt"/>
        <line num="42" count="1" type="cond" truecount="3" falsecount="1"/>
        <line num="43" count="1" type="stmt"/>
        <line num="49" count="0" type="stmt"/>
        <line num="52" count="7" type="stmt"/>
      </file>
    </package>
    <package name="src.Broker">
      <metrics statements="35" coveredstatements="0" conditionals="17" coveredconditionals="0" methods="8" coveredmethods="0"/>
      <file name="broker.js" path="/Users/shivachoudhry/Downloads/Ai-VendorHub/product/src/Broker/broker.js">
        <metrics statements="35" coveredstatements="0" conditionals="17" coveredconditionals="0" methods="8" coveredmethods="0"/>
        <line num="1" count="0" type="stmt"/>
        <line num="7" count="0" type="stmt"/>
        <line num="8" count="0" type="stmt"/>
        <line num="12" count="0" type="cond" truecount="0" falsecount="2"/>
        <line num="14" count="0" type="stmt"/>
        <line num="15" count="0" type="stmt"/>
        <line num="16" count="0" type="stmt"/>
        <line num="17" count="0" type="stmt"/>
        <line num="18" count="0" type="stmt"/>
        <line num="19" count="0" type="stmt"/>
        <line num="21" count="0" type="stmt"/>
        <line num="22" count="0" type="stmt"/>
        <line num="23" count="0" type="stmt"/>
        <line num="25" count="0" type="stmt"/>
        <line num="26" count="0" type="stmt"/>
        <line num="27" count="0" type="stmt"/>
        <line num="28" count="0" type="stmt"/>
        <line num="33" count="0" type="stmt"/>
        <line num="34" count="0" type="stmt"/>
        <line num="35" count="0" type="stmt"/>
        <line num="40" count="0" type="cond" truecount="0" falsecount="4"/>
        <line num="41" count="0" type="cond" truecount="0" falsecount="4"/>
        <line num="42" count="0" type="stmt"/>
        <line num="43" count="0" type="stmt"/>
        <line num="46" count="0" type="stmt"/>
        <line num="50" count="0" type="stmt"/>
        <line num="52" count="0" type="stmt"/>
        <line num="57" count="0" type="cond" truecount="0" falsecount="4"/>
        <line num="59" count="0" type="stmt"/>
        <line num="63" count="0" type="stmt"/>
        <line num="64" count="0" type="cond" truecount="0" falsecount="2"/>
        <line num="65" count="0" type="stmt"/>
        <line num="66" count="0" type="stmt"/>
        <line num="67" count="0" type="stmt"/>
        <line num="72" count="0" type="stmt"/>
      </file>
    </package>
    <package name="src.controllers">
      <metrics statements="579" coveredstatements="423" conditionals="561" coveredconditionals="290" methods="76" coveredmethods="53"/>
      <file name="homepage.controller.js" path="/Users/shivachoudhry/Downloads/Ai-VendorHub/product/src/controllers/homepage.controller.js">
        <metrics statements="68" coveredstatements="14" conditionals="79" coveredconditionals="0" methods="12" coveredmethods="0"/>
        <line num="1" count="7" type="stmt"/>
        <line num="2" count="7" type="stmt"/>
        <line num="4" count="7" type="stmt"/>
        <line num="6" count="7" type="stmt"/>
        <line num="7" count="0" type="cond" truecount="0" falsecount="2"/>
        <line num="8" count="0" type="stmt"/>
        <line num="9" count="0" type="cond" truecount="0" falsecount="2"/>
        <line num="12" count="7" type="cond" truecount="0" falsecount="1"/>
        <line num="14" count="0" type="stmt"/>
        <line num="29" count="7" type="stmt"/>
        <line num="30" count="0" type="cond" truecount="0" falsecount="2"/>
        <line num="31" count="0" type="stmt"/>
        <line num="38" count="7" type="cond" truecount="0" falsecount="2"/>
        <line num="39" count="0" type="cond" truecount="0" falsecount="4"/>
        <line num="40" count="0" type="cond" truecount="0" falsecount="2"/>
        <line num="41" count="0" type="stmt"/>
        <line num="44" count="0" type="stmt"/>
        <line num="68" count="7" type="stmt"/>
        <line num="83" count="7" type="stmt"/>
        <line num="84" count="0" type="cond" truecount="0" falsecount="2"/>
        <line num="85" count="0" type="stmt"/>
        <line num="87" count="0" type="cond" truecount="0" falsecount="4"/>
        <line num="88" count="0" type="stmt"/>
        <line num="90" count="0" type="cond" truecount="0" falsecount="5"/>
        <line num="91" count="0" type="stmt"/>
        <line num="93" count="0" type="stmt"/>
        <line num="96" count="7" type="stmt"/>
        <line num="97" count="0" type="stmt"/>
        <line num="98" count="0" type="stmt"/>
        <line num="99" count="0" type="stmt"/>
        <line num="109" count="0" type="stmt"/>
        <line num="114" count="0" type="cond" truecount="0" falsecount="2"/>
        <line num="118" count="7" type="stmt"/>
        <line num="119" count="0" type="stmt"/>
        <line num="120" count="0" type="stmt"/>
        <line num="124" count="0" type="stmt"/>
        <line num="129" count="0" type="cond" truecount="0" falsecount="2"/>
        <line num="133" count="7" type="stmt"/>
        <line num="134" count="0" type="stmt"/>
        <line num="135" count="0" type="stmt"/>
        <line num="136" count="0" type="stmt"/>
        <line num="137" count="0" type="cond" truecount="0" falsecount="2"/>
        <line num="139" count="0" type="stmt"/>
        <line num="140" count="0" type="stmt"/>
        <line num="142" count="0" type="stmt"/>
        <line num="148" count="0" type="cond" truecount="0" falsecount="2"/>
        <line num="152" count="7" type="stmt"/>
        <line num="153" count="0" type="stmt"/>
        <line num="154" count="0" type="cond" truecount="0" falsecount="2"/>
        <line num="155" count="0" type="stmt"/>
        <line num="158" count="0" type="stmt"/>
        <line num="159" count="0" type="stmt"/>
        <line num="160" count="0" type="cond" truecount="0" falsecount="2"/>
        <line num="161" count="0" type="stmt"/>
        <line num="163" count="0" type="stmt"/>
        <line num="168" count="0" type="cond" truecount="0" falsecount="2"/>
        <line num="169" count="0" type="stmt"/>
        <line num="172" count="0" type="stmt"/>
        <line num="178" count="0" type="cond" truecount="0" falsecount="2"/>
        <line num="182" count="7" type="stmt"/>
        <line num="183" count="0" type="stmt"/>
        <line num="184" count="0" type="cond" truecount="0" falsecount="2"/>
        <line num="185" count="0" type="stmt"/>
        <line num="188" count="0" type="stmt"/>
        <line num="189" count="0" type="cond" truecount="0" falsecount="2"/>
        <line num="190" count="0" type="stmt"/>
        <line num="193" count="0" type="stmt"/>
        <line num="195" count="0" type="cond" truecount="0" falsecount="2"/>
      </file>
      <file name="product.controller.js" path="/Users/shivachoudhry/Downloads/Ai-VendorHub/product/src/controllers/product.controller.js">
        <metrics statements="511" coveredstatements="409" conditionals="482" coveredconditionals="290" methods="64" coveredmethods="53"/>
        <line num="1" count="7" type="stmt"/>
        <line num="2" count="7" type="stmt"/>
        <line num="3" count="7" type="stmt"/>
        <line num="4" count="7" type="stmt"/>
        <line num="5" count="7" type="stmt"/>
        <line num="6" count="7" type="stmt"/>
        <line num="8" count="7" type="stmt"/>
        <line num="9" count="7" type="cond" truecount="2" falsecount="0"/>
        <line num="10" count="7" type="cond" truecount="2" falsecount="0"/>
        <line num="11" count="7" type="stmt"/>
        <line num="12" count="7" type="stmt"/>
        <line num="13" count="7" type="stmt"/>
        <line num="15" count="7" type="stmt"/>
        <line num="26" count="7" type="stmt"/>
        <line num="27" count="14" type="cond" truecount="1" falsecount="1"/>
        <line num="29" count="0" type="cond" truecount="0" falsecount="2"/>
        <line num="30" count="0" type="stmt"/>
        <line num="33" count="0" type="stmt"/>
        <line num="38" count="0" type="stmt"/>
        <line num="42" count="7" type="stmt"/>
        <line num="43" count="31" type="cond" truecount="2" falsecount="0"/>
        <line num="44" count="2" type="cond" truecount="1" falsecount="1"/>
        <line num="46" count="2" type="stmt"/>
        <line num="47" count="2" type="stmt"/>
        <line num="48" count="0" type="cond" truecount="0" falsecount="2"/>
        <line num="50" count="4" type="stmt"/>
        <line num="54" count="7" type="stmt"/>
        <line num="55" count="48" type="cond" truecount="3" falsecount="0"/>
        <line num="56" count="48" type="cond" truecount="4" falsecount="0"/>
        <line num="58" count="48" type="stmt"/>
        <line num="64" count="7" type="cond" truecount="0" falsecount="1"/>
        <line num="70" count="168" type="cond" truecount="1" falsecount="2"/>
        <line num="72" count="7" type="stmt"/>
        <line num="73" count="392" type="cond" truecount="1" falsecount="1"/>
        <line num="74" count="392" type="cond" truecount="2" falsecount="0"/>
        <line num="75" count="2" type="stmt"/>
        <line num="77" count="390" type="stmt"/>
        <line num="80" count="7" type="stmt"/>
        <line num="81" count="108" type="cond" truecount="3" falsecount="1"/>
        <line num="82" count="0" type="stmt"/>
        <line num="85" count="108" type="stmt"/>
        <line num="86" count="108" type="cond" truecount="2" falsecount="0"/>
        <line num="87" count="108" type="cond" truecount="2" falsecount="0"/>
        <line num="88" count="4" type="cond" truecount="1" falsecount="1"/>
        <line num="90" count="108" type="stmt"/>
        <line num="92" count="108" type="cond" truecount="2" falsecount="0"/>
        <line num="93" count="9" type="cond" truecount="2" falsecount="0"/>
        <line num="94" count="6" type="stmt"/>
        <line num="97" count="7" type="stmt"/>
        <line num="98" count="89" type="cond" truecount="1" falsecount="1"/>
        <line num="99" count="89" type="stmt"/>
        <line num="100" count="89" type="stmt"/>
        <line num="106" count="151" type="cond" truecount="0" falsecount="1"/>
        <line num="113" count="7" type="stmt"/>
        <line num="114" count="184" type="stmt"/>
        <line num="116" count="184" type="cond" truecount="4" falsecount="1"/>
        <line num="117" count="184" type="stmt"/>
        <line num="120" count="0" type="cond" truecount="0" falsecount="3"/>
        <line num="121" count="0" type="cond" truecount="0" falsecount="2"/>
        <line num="122" count="0" type="stmt"/>
        <line num="125" count="0" type="stmt"/>
        <line num="136" count="7" type="cond" truecount="0" falsecount="1"/>
        <line num="137" count="81" type="stmt"/>
        <line num="139" count="81" type="stmt"/>
        <line num="160" count="7" type="cond" truecount="0" falsecount="1"/>
        <line num="161" count="81" type="stmt"/>
        <line num="163" count="81" type="stmt"/>
        <line num="164" count="81" type="stmt"/>
        <line num="169" count="0" type="stmt"/>
        <line num="173" count="7" type="stmt"/>
        <line num="174" count="84" type="stmt"/>
        <line num="180" count="84" type="cond" truecount="2" falsecount="0"/>
        <line num="181" count="57" type="stmt"/>
        <line num="184" count="84" type="cond" truecount="3" falsecount="1"/>
        <line num="185" count="252" type="stmt"/>
        <line num="186" count="0" type="cond" truecount="0" falsecount="4"/>
        <line num="187" count="0" type="stmt"/>
        <line num="191" count="7" type="cond" truecount="1" falsecount="1"/>
        <line num="192" count="59" type="stmt"/>
        <line num="194" count="59" type="cond" truecount="1" falsecount="1"/>
        <line num="195" count="0" type="stmt"/>
        <line num="198" count="59" type="cond" truecount="2" falsecount="0"/>
        <line num="199" count="59" type="cond" truecount="1" falsecount="1"/>
        <line num="200" count="59" type="cond" truecount="1" falsecount="1"/>
        <line num="201" count="59" type="cond" truecount="1" falsecount="1"/>
        <line num="203" count="59" type="cond" truecount="2" falsecount="0"/>
        <line num="204" count="59" type="cond" truecount="2" falsecount="0"/>
        <line num="206" count="59" type="cond" truecount="2" falsecount="0"/>
        <line num="207" count="12" type="stmt"/>
        <line num="213" count="59" type="cond" truecount="2" falsecount="0"/>
        <line num="214" count="11" type="stmt"/>
        <line num="220" count="59" type="cond" truecount="1" falsecount="1"/>
        <line num="221" count="0" type="stmt"/>
        <line num="224" count="59" type="cond" truecount="1" falsecount="1"/>
        <line num="225" count="0" type="stmt"/>
        <line num="226" count="0" type="cond" truecount="0" falsecount="2"/>
        <line num="227" count="0" type="cond" truecount="0" falsecount="2"/>
        <line num="228" count="0" type="cond" truecount="0" falsecount="2"/>
        <line num="231" count="59" type="stmt"/>
        <line num="234" count="7" type="cond" truecount="0" falsecount="1"/>
        <line num="235" count="59" type="cond" truecount="2" falsecount="0"/>
        <line num="236" count="59" type="cond" truecount="2" falsecount="0"/>
        <line num="237" count="59" type="cond" truecount="4" falsecount="0"/>
        <line num="239" count="59" type="stmt"/>
        <line num="242" count="59" type="cond" truecount="1" falsecount="2"/>
        <line num="244" count="7" type="stmt"/>
        <line num="245" count="61" type="stmt"/>
        <line num="247" count="59" type="cond" truecount="2" falsecount="0"/>
        <line num="248" count="59" type="cond" truecount="1" falsecount="1"/>
        <line num="249" count="59" type="cond" truecount="1" falsecount="1"/>
        <line num="250" count="59" type="cond" truecount="2" falsecount="0"/>
        <line num="252" count="59" type="cond" truecount="2" falsecount="0"/>
        <line num="253" count="58" type="cond" truecount="1" falsecount="1"/>
        <line num="254" count="143" type="stmt"/>
        <line num="258" count="7" type="stmt"/>
        <line num="259" count="59" type="cond" truecount="1" falsecount="1"/>
        <line num="260" count="0" type="stmt"/>
        <line num="263" count="59" type="stmt"/>
        <line num="266" count="7" type="stmt"/>
        <line num="267" count="31" type="stmt"/>
        <line num="268" count="31" type="cond" truecount="1" falsecount="1"/>
        <line num="269" count="0" type="stmt"/>
        <line num="272" count="31" type="cond" truecount="1" falsecount="1"/>
        <line num="275" count="40" type="cond" truecount="2" falsecount="0"/>
        <line num="277" count="7" type="cond" truecount="0" falsecount="1"/>
        <line num="278" count="4" type="cond" truecount="3" falsecount="1"/>
        <line num="279" count="4" type="cond" truecount="3" falsecount="1"/>
        <line num="280" count="4" type="cond" truecount="1" falsecount="1"/>
        <line num="282" count="4" type="cond" truecount="1" falsecount="1"/>
        <line num="283" count="0" type="stmt"/>
        <line num="286" count="4" type="cond" truecount="1" falsecount="1"/>
        <line num="287" count="0" type="stmt"/>
        <line num="290" count="4" type="stmt"/>
        <line num="291" count="4" type="stmt"/>
        <line num="292" count="4" type="stmt"/>
        <line num="294" count="4" type="cond" truecount="4" falsecount="0"/>
        <line num="295" count="1" type="stmt"/>
        <line num="298" count="3" type="cond" truecount="1" falsecount="1"/>
        <line num="299" count="0" type="stmt"/>
        <line num="302" count="3" type="cond" truecount="4" falsecount="1"/>
        <line num="303" count="0" type="stmt"/>
        <line num="306" count="3" type="stmt"/>
        <line num="317" count="7" type="stmt"/>
        <line num="318" count="4" type="cond" truecount="1" falsecount="1"/>
        <line num="319" count="4" type="cond" truecount="3" falsecount="1"/>
        <line num="320" count="0" type="stmt"/>
        <line num="322" count="4" type="stmt"/>
        <line num="325" count="7" type="stmt"/>
        <line num="327" count="7" type="stmt"/>
        <line num="328" count="15" type="stmt"/>
        <line num="329" count="15" type="stmt"/>
        <line num="330" count="15" type="stmt"/>
        <line num="331" count="15" type="stmt"/>
        <line num="333" count="15" type="cond" truecount="3" falsecount="1"/>
        <line num="334" count="0" type="stmt"/>
        <line num="337" count="15" type="cond" truecount="3" falsecount="1"/>
        <line num="338" count="0" type="stmt"/>
        <line num="341" count="15" type="cond" truecount="1" falsecount="1"/>
        <line num="342" count="0" type="stmt"/>
        <line num="348" count="15" type="stmt"/>
        <line num="349" count="15" type="cond" truecount="4" falsecount="0"/>
        <line num="350" count="3" type="stmt"/>
        <line num="351" count="5" type="stmt"/>
        <line num="353" count="2" type="stmt"/>
        <line num="356" count="14" type="stmt"/>
        <line num="370" count="14" type="stmt"/>
        <line num="371" count="13" type="stmt"/>
        <line num="372" count="13" type="stmt"/>
        <line num="377" count="13" type="stmt"/>
        <line num="383" count="2" type="stmt"/>
        <line num="384" count="2" type="stmt"/>
        <line num="392" count="7" type="stmt"/>
        <line num="393" count="3" type="stmt"/>
        <line num="394" count="3" type="stmt"/>
        <line num="396" count="3" type="cond" truecount="1" falsecount="1"/>
        <line num="397" count="0" type="stmt"/>
        <line num="400" count="3" type="stmt"/>
        <line num="401" count="3" type="stmt"/>
        <line num="402" count="3" type="cond" truecount="1" falsecount="1"/>
        <line num="403" count="0" type="stmt"/>
        <line num="406" count="3" type="stmt"/>
        <line num="407" count="2" type="cond" truecount="1" falsecount="1"/>
        <line num="408" count="2" type="cond" truecount="2" falsecount="0"/>
        <line num="409" count="1" type="stmt"/>
        <line num="412" count="1" type="cond" truecount="1" falsecount="1"/>
        <line num="413" count="1" type="stmt"/>
        <line num="414" count="1" type="stmt"/>
        <line num="415" count="1" type="stmt"/>
        <line num="421" count="1" type="stmt"/>
        <line num="427" count="1" type="stmt"/>
        <line num="428" count="1" type="cond" truecount="1" falsecount="1"/>
        <line num="436" count="7" type="stmt"/>
        <line num="437" count="1" type="stmt"/>
        <line num="438" count="1" type="stmt"/>
        <line num="440" count="1" type="cond" truecount="1" falsecount="1"/>
        <line num="441" count="0" type="stmt"/>
        <line num="444" count="1" type="stmt"/>
        <line num="445" count="1" type="stmt"/>
        <line num="446" count="1" type="cond" truecount="1" falsecount="1"/>
        <line num="447" count="0" type="stmt"/>
        <line num="450" count="1" type="cond" truecount="1" falsecount="1"/>
        <line num="452" count="1" type="cond" truecount="2" falsecount="2"/>
        <line num="454" count="1" type="cond" truecount="1" falsecount="1"/>
        <line num="455" count="0" type="stmt"/>
        <line num="458" count="1" type="stmt"/>
        <line num="459" count="1" type="cond" truecount="1" falsecount="1"/>
        <line num="460" count="1" type="cond" truecount="1" falsecount="3"/>
        <line num="463" count="1" type="cond" truecount="1" falsecount="1"/>
        <line num="464" count="0" type="stmt"/>
        <line num="467" count="1" type="stmt"/>
        <line num="468" count="1" type="stmt"/>
        <line num="469" count="1" type="stmt"/>
        <line num="470" count="1" type="stmt"/>
        <line num="476" count="1" type="stmt"/>
        <line num="482" count="0" type="stmt"/>
        <line num="483" count="0" type="cond" truecount="0" falsecount="2"/>
        <line num="491" count="7" type="stmt"/>
        <line num="492" count="30" type="stmt"/>
        <line num="493" count="30" type="stmt"/>
        <line num="494" count="30" type="stmt"/>
        <line num="496" count="30" type="cond" truecount="1" falsecount="1"/>
        <line num="497" count="0" type="stmt"/>
        <line num="498" count="0" type="stmt"/>
        <line num="501" count="30" type="stmt"/>
        <line num="502" count="30" type="stmt"/>
        <line num="503" count="30" type="cond" truecount="2" falsecount="0"/>
        <line num="504" count="30" type="stmt"/>
        <line num="506" count="30" type="stmt"/>
        <line num="511" count="28" type="stmt"/>
        <line num="517" count="28" type="cond" truecount="4" falsecount="1"/>
        <line num="518" count="0" type="stmt"/>
        <line num="525" count="0" type="stmt"/>
        <line num="528" count="28" type="stmt"/>
        <line num="529" count="28" type="stmt"/>
        <line num="530" count="28" type="stmt"/>
        <line num="532" count="2" type="stmt"/>
        <line num="533" count="2" type="stmt"/>
        <line num="541" count="7" type="stmt"/>
        <line num="542" count="2" type="stmt"/>
        <line num="543" count="2" type="stmt"/>
        <line num="544" count="4" type="stmt"/>
        <line num="546" count="2" type="cond" truecount="2" falsecount="0"/>
        <line num="547" count="1" type="stmt"/>
        <line num="553" count="1" type="stmt"/>
        <line num="554" count="1" type="stmt"/>
        <line num="555" count="1" type="cond" truecount="1" falsecount="1"/>
        <line num="556" count="0" type="stmt"/>
        <line num="557" count="0" type="stmt"/>
        <line num="560" count="1" type="stmt"/>
        <line num="561" count="1" type="cond" truecount="1" falsecount="1"/>
        <line num="562" count="1" type="stmt"/>
        <line num="565" count="1" type="cond" truecount="1" falsecount="1"/>
        <line num="566" count="1" type="stmt"/>
        <line num="570" count="3" type="stmt"/>
        <line num="575" count="1" type="stmt"/>
        <line num="576" count="1" type="stmt"/>
        <line num="577" count="1" type="stmt"/>
        <line num="579" count="0" type="stmt"/>
        <line num="580" count="0" type="stmt"/>
        <line num="588" count="7" type="stmt"/>
        <line num="589" count="31" type="stmt"/>
        <line num="590" count="31" type="stmt"/>
        <line num="591" count="31" type="stmt"/>
        <line num="592" count="31" type="stmt"/>
        <line num="594" count="31" type="cond" truecount="1" falsecount="1"/>
        <line num="595" count="0" type="stmt"/>
        <line num="596" count="0" type="stmt"/>
        <line num="599" count="31" type="stmt"/>
        <line num="600" count="24" type="cond" truecount="2" falsecount="0"/>
        <line num="601" count="5" type="stmt"/>
        <line num="609" count="19" type="cond" truecount="1" falsecount="1"/>
        <line num="610" count="0" type="stmt"/>
        <line num="613" count="19" type="stmt"/>
        <line num="614" count="19" type="stmt"/>
        <line num="622" count="19" type="stmt"/>
        <line num="623" count="19" type="stmt"/>
        <line num="624" count="19" type="stmt"/>
        <line num="626" count="7" type="stmt"/>
        <line num="627" count="7" type="stmt"/>
        <line num="635" count="7" type="stmt"/>
        <line num="636" count="1" type="stmt"/>
        <line num="637" count="1" type="stmt"/>
        <line num="638" count="1" type="stmt"/>
        <line num="640" count="1" type="cond" truecount="1" falsecount="1"/>
        <line num="641" count="0" type="stmt"/>
        <line num="644" count="1" type="stmt"/>
        <line num="645" count="1" type="cond" truecount="3" falsecount="1"/>
        <line num="646" count="0" type="stmt"/>
        <line num="649" count="1" type="cond" truecount="1" falsecount="1"/>
        <line num="650" count="1" type="cond" truecount="1" falsecount="1"/>
        <line num="651" count="1" type="cond" truecount="1" falsecount="1"/>
        <line num="657" count="1" type="stmt"/>
        <line num="659" count="1" type="stmt"/>
        <line num="660" count="1" type="cond" truecount="2" falsecount="0"/>
        <line num="661" count="1" type="stmt"/>
        <line num="663" count="1" type="stmt"/>
        <line num="664" count="1" type="stmt"/>
        <line num="665" count="1" type="stmt"/>
        <line num="667" count="1" type="stmt"/>
        <line num="677" count="0" type="stmt"/>
        <line num="678" count="0" type="stmt"/>
        <line num="686" count="7" type="stmt"/>
        <line num="687" count="2" type="stmt"/>
        <line num="688" count="2" type="stmt"/>
        <line num="689" count="2" type="cond" truecount="2" falsecount="0"/>
        <line num="690" count="2" type="stmt"/>
        <line num="692" count="2" type="cond" truecount="2" falsecount="0"/>
        <line num="693" count="1" type="stmt"/>
        <line num="700" count="1" type="stmt"/>
        <line num="701" count="1" type="stmt"/>
        <line num="702" count="3" type="stmt"/>
        <line num="706" count="1" type="stmt"/>
        <line num="712" count="0" type="stmt"/>
        <line num="713" count="0" type="stmt"/>
        <line num="721" count="7" type="stmt"/>
        <line num="722" count="2" type="stmt"/>
        <line num="723" count="2" type="stmt"/>
        <line num="724" count="2" type="cond" truecount="2" falsecount="0"/>
        <line num="726" count="2" type="cond" truecount="1" falsecount="1"/>
        <line num="727" count="0" type="stmt"/>
        <line num="730" count="2" type="stmt"/>
        <line num="731" count="2" type="cond" truecount="4" falsecount="0"/>
        <line num="732" count="1" type="stmt"/>
        <line num="735" count="1" type="stmt"/>
        <line num="736" count="1" type="cond" truecount="1" falsecount="1"/>
        <line num="737" count="1" type="stmt"/>
        <line num="748" count="1" type="cond" truecount="1" falsecount="1"/>
        <line num="749" count="1" type="stmt"/>
        <line num="755" count="1" type="stmt"/>
        <line num="761" count="0" type="stmt"/>
        <line num="762" count="0" type="stmt"/>
        <line num="770" count="7" type="stmt"/>
        <line num="771" count="1" type="stmt"/>
        <line num="772" count="1" type="cond" truecount="1" falsecount="1"/>
        <line num="773" count="1" type="stmt"/>
        <line num="774" count="1" type="stmt"/>
        <line num="776" count="1" type="cond" truecount="1" falsecount="1"/>
        <line num="777" count="0" type="stmt"/>
        <line num="778" count="0" type="stmt"/>
        <line num="781" count="1" type="stmt"/>
        <line num="787" count="1" type="stmt"/>
        <line num="793" count="1" type="stmt"/>
        <line num="794" count="1" type="stmt"/>
        <line num="795" count="1" type="stmt"/>
        <line num="797" count="0" type="stmt"/>
        <line num="798" count="0" type="stmt"/>
        <line num="806" count="7" type="stmt"/>
        <line num="807" count="41" type="stmt"/>
        <line num="808" count="41" type="stmt"/>
        <line num="809" count="41" type="stmt"/>
        <line num="811" count="41" type="cond" truecount="2" falsecount="0"/>
        <line num="812" count="1" type="stmt"/>
        <line num="815" count="40" type="cond" truecount="5" falsecount="1"/>
        <line num="816" count="1" type="stmt"/>
        <line num="819" count="39" type="stmt"/>
        <line num="820" count="38" type="cond" truecount="2" falsecount="0"/>
        <line num="821" count="1" type="stmt"/>
        <line num="824" count="37" type="cond" truecount="4" falsecount="0"/>
        <line num="825" count="1" type="stmt"/>
        <line num="828" count="36" type="cond" truecount="4" falsecount="0"/>
        <line num="829" count="2" type="stmt"/>
        <line num="832" count="34" type="cond" truecount="2" falsecount="0"/>
        <line num="833" count="24" type="cond" truecount="4" falsecount="0"/>
        <line num="834" count="1" type="stmt"/>
        <line num="836" count="23" type="stmt"/>
        <line num="839" count="33" type="cond" truecount="2" falsecount="0"/>
        <line num="841" count="33" type="stmt"/>
        <line num="842" count="33" type="cond" truecount="5" falsecount="0"/>
        <line num="843" count="5" type="cond" truecount="4" falsecount="0"/>
        <line num="844" count="3" type="stmt"/>
        <line num="846" count="2" type="stmt"/>
        <line num="849" count="30" type="cond" truecount="5" falsecount="0"/>
        <line num="850" count="5" type="cond" truecount="2" falsecount="0"/>
        <line num="851" count="1" type="stmt"/>
        <line num="856" count="4" type="stmt"/>
        <line num="859" count="29" type="cond" truecount="1" falsecount="1"/>
        <line num="860" count="0" type="stmt"/>
        <line num="861" count="0" type="cond" truecount="0" falsecount="4"/>
        <line num="862" count="0" type="stmt"/>
        <line num="864" count="0" type="stmt"/>
        <line num="867" count="29" type="cond" truecount="1" falsecount="1"/>
        <line num="868" count="29" type="cond" truecount="1" falsecount="1"/>
        <line num="869" count="29" type="cond" truecount="1" falsecount="1"/>
        <line num="871" count="29" type="cond" truecount="1" falsecount="1"/>
        <line num="872" count="0" type="stmt"/>
        <line num="873" count="0" type="cond" truecount="0" falsecount="2"/>
        <line num="874" count="0" type="stmt"/>
        <line num="876" count="0" type="stmt"/>
        <line num="879" count="29" type="stmt"/>
        <line num="880" count="29" type="cond" truecount="1" falsecount="1"/>
        <line num="881" count="0" type="cond" truecount="0" falsecount="2"/>
        <line num="882" count="0" type="cond" truecount="0" falsecount="2"/>
        <line num="884" count="0" type="stmt"/>
        <line num="886" count="0" type="cond" truecount="0" falsecount="2"/>
        <line num="891" count="29" type="cond" truecount="2" falsecount="2"/>
        <line num="892" count="0" type="stmt"/>
        <line num="893" count="0" type="stmt"/>
        <line num="895" count="0" type="stmt"/>
        <line num="896" count="0" type="cond" truecount="0" falsecount="2"/>
        <line num="901" count="29" type="stmt"/>
        <line num="902" count="28" type="stmt"/>
        <line num="903" count="28" type="stmt"/>
        <line num="908" count="28" type="stmt"/>
        <line num="914" count="2" type="stmt"/>
        <line num="915" count="2" type="stmt"/>
        <line num="923" count="7" type="stmt"/>
        <line num="924" count="44" type="stmt"/>
        <line num="925" count="44" type="stmt"/>
        <line num="926" count="44" type="stmt"/>
        <line num="928" count="44" type="cond" truecount="2" falsecount="0"/>
        <line num="929" count="1" type="stmt"/>
        <line num="932" count="43" type="stmt"/>
        <line num="933" count="42" type="cond" truecount="2" falsecount="0"/>
        <line num="934" count="1" type="stmt"/>
        <line num="937" count="41" type="cond" truecount="4" falsecount="0"/>
        <line num="938" count="1" type="stmt"/>
        <line num="941" count="40" type="stmt"/>
        <line num="942" count="40" type="stmt"/>
        <line num="943" count="40" type="stmt"/>
        <line num="945" count="40" type="cond" truecount="2" falsecount="0"/>
        <line num="946" count="11" type="stmt"/>
        <line num="947" count="11" type="stmt"/>
        <line num="948" count="10" type="stmt"/>
        <line num="949" count="29" type="cond" truecount="1" falsecount="1"/>
        <line num="950" count="29" type="stmt"/>
        <line num="951" count="0" type="cond" truecount="0" falsecount="2"/>
        <line num="952" count="0" type="stmt"/>
        <line num="954" count="0" type="stmt"/>
        <line num="957" count="38" type="stmt"/>
        <line num="958" count="38" type="stmt"/>
        <line num="964" count="38" type="stmt"/>
        <line num="978" count="3" type="stmt"/>
        <line num="979" count="3" type="stmt"/>
        <line num="987" count="7" type="stmt"/>
        <line num="988" count="29" type="stmt"/>
        <line num="989" count="29" type="stmt"/>
        <line num="990" count="29" type="stmt"/>
        <line num="991" count="29" type="stmt"/>
        <line num="993" count="29" type="cond" truecount="1" falsecount="1"/>
        <line num="994" count="0" type="stmt"/>
        <line num="995" count="0" type="stmt"/>
        <line num="998" count="29" type="stmt"/>
        <line num="999" count="29" type="stmt"/>
        <line num="1000" count="29" type="cond" truecount="2" falsecount="0"/>
        <line num="1001" count="29" type="stmt"/>
        <line num="1002" count="29" type="stmt"/>
        <line num="1004" count="29" type="stmt"/>
        <line num="1009" count="28" type="stmt"/>
        <line num="1015" count="28" type="cond" truecount="4" falsecount="1"/>
        <line num="1016" count="0" type="stmt"/>
        <line num="1023" count="0" type="stmt"/>
        <line num="1026" count="28" type="stmt"/>
        <line num="1027" count="28" type="stmt"/>
        <line num="1028" count="28" type="stmt"/>
        <line num="1030" count="1" type="stmt"/>
        <line num="1031" count="1" type="stmt"/>
        <line num="1039" count="7" type="stmt"/>
        <line num="1040" count="2" type="stmt"/>
        <line num="1041" count="2" type="stmt"/>
        <line num="1042" count="2" type="stmt"/>
        <line num="1044" count="2" type="cond" truecount="1" falsecount="1"/>
        <line num="1045" count="0" type="stmt"/>
        <line num="1048" count="2" type="stmt"/>
        <line num="1049" count="2" type="cond" truecount="3" falsecount="1"/>
        <line num="1050" count="0" type="stmt"/>
        <line num="1053" count="2" type="stmt"/>
        <line num="1054" count="2" type="cond" truecount="2" falsecount="0"/>
        <line num="1055" count="1" type="stmt"/>
        <line num="1062" count="1" type="stmt"/>
        <line num="1063" count="1" type="cond" truecount="1" falsecount="1"/>
        <line num="1064" count="1" type="cond" truecount="2" falsecount="0"/>
        <line num="1065" count="1" type="cond" truecount="1" falsecount="1"/>
        <line num="1071" count="1" type="stmt"/>
        <line num="1072" count="1" type="stmt"/>
        <line num="1073" count="1" type="stmt"/>
        <line num="1075" count="1" type="stmt"/>
        <line num="1081" count="0" type="stmt"/>
        <line num="1082" count="0" type="stmt"/>
        <line num="1090" count="7" type="stmt"/>
        <line num="1091" count="2" type="stmt"/>
        <line num="1092" count="2" type="stmt"/>
        <line num="1093" count="2" type="stmt"/>
        <line num="1095" count="2" type="cond" truecount="1" falsecount="1"/>
        <line num="1096" count="0" type="stmt"/>
        <line num="1099" count="2" type="stmt"/>
        <line num="1100" count="2" type="cond" truecount="2" falsecount="0"/>
        <line num="1101" count="1" type="stmt"/>
        <line num="1104" count="1" type="stmt"/>
        <line num="1105" count="1" type="cond" truecount="1" falsecount="1"/>
        <line num="1106" count="1" type="cond" truecount="1" falsecount="1"/>
        <line num="1107" count="1" type="cond" truecount="1" falsecount="1"/>
        <line num="1108" count="1" type="cond" truecount="1" falsecount="1"/>
        <line num="1114" count="1" type="stmt"/>
        <line num="1115" count="1" type="stmt"/>
        <line num="1116" count="1" type="stmt"/>
        <line num="1119" count="1" type="stmt"/>
        <line num="1125" count="0" type="stmt"/>
        <line num="1126" count="0" type="stmt"/>
        <line num="1134" count="7" type="stmt"/>
        <line num="1135" count="0" type="stmt"/>
        <line num="1136" count="0" type="stmt"/>
        <line num="1137" count="0" type="stmt"/>
        <line num="1139" count="0" type="cond" truecount="0" falsecount="2"/>
        <line num="1140" count="0" type="stmt"/>
        <line num="1143" count="0" type="cond" truecount="0" falsecount="2"/>
        <line num="1144" count="0" type="cond" truecount="0" falsecount="2"/>
        <line num="1145" count="0" type="stmt"/>
        <line num="1151" count="0" type="stmt"/>
        <line num="1157" count="0" type="stmt"/>
        <line num="1158" count="0" type="stmt"/>
        <line num="1166" count="7" type="stmt"/>
      </file>
    </package>
    <package name="src.middleware">
      <metrics statements="22" coveredstatements="22" conditionals="10" coveredconditionals="9" methods="3" coveredmethods="3"/>
      <file name="auth.middleware.js" path="/Users/shivachoudhry/Downloads/Ai-VendorHub/product/src/middleware/auth.middleware.js">
        <metrics statements="13" coveredstatements="13" conditionals="8" coveredconditionals="7" methods="2" coveredmethods="2"/>
        <line num="1" count="7" type="stmt"/>
        <line num="4" count="105" type="stmt"/>
        <line num="5" count="155" type="cond" truecount="3" falsecount="0"/>
        <line num="6" count="155" type="cond" truecount="2" falsecount="0"/>
        <line num="7" count="3" type="stmt"/>
        <line num="11" count="152" type="stmt"/>
        <line num="12" count="152" type="stmt"/>
        <line num="13" count="150" type="cond" truecount="2" falsecount="0"/>
        <line num="14" count="4" type="stmt"/>
        <line num="18" count="146" type="stmt"/>
        <line num="19" count="146" type="stmt"/>
        <line num="21" count="2" type="stmt"/>
        <line num="31" count="7" type="stmt"/>
      </file>
      <file name="upload.middleware.js" path="/Users/shivachoudhry/Downloads/Ai-VendorHub/product/src/middleware/upload.middleware.js">
        <metrics statements="9" coveredstatements="9" conditionals="2" coveredconditionals="2" methods="1" coveredmethods="1"/>
        <line num="1" count="7" type="stmt"/>
        <line num="4" count="7" type="stmt"/>
        <line num="6" count="7" type="stmt"/>
        <line num="8" count="12" type="stmt"/>
        <line num="10" count="12" type="cond" truecount="2" falsecount="0"/>
        <line num="11" count="11" type="stmt"/>
        <line num="13" count="1" type="stmt"/>
        <line num="17" count="7" type="stmt"/>
        <line num="26" count="7" type="stmt"/>
      </file>
    </package>
    <package name="src.models">
      <metrics statements="42" coveredstatements="39" conditionals="25" coveredconditionals="16" methods="5" coveredmethods="3"/>
      <file name="homepageSection.model.js" path="/Users/shivachoudhry/Downloads/Ai-VendorHub/product/src/models/homepageSection.model.js">
        <metrics statements="8" coveredstatements="7" conditionals="0" coveredconditionals="0" methods="1" coveredmethods="0"/>
        <line num="1" count="7" type="stmt"/>
        <line num="2" count="7" type="stmt"/>
        <line num="4" count="7" type="stmt"/>
        <line num="17" count="7" type="stmt"/>
        <line num="104" count="0" type="stmt"/>
        <line num="135" count="7" type="stmt"/>
        <line num="136" count="7" type="stmt"/>
        <line num="138" count="7" type="stmt"/>
      </file>
      <file name="product.model.js" path="/Users/shivachoudhry/Downloads/Ai-VendorHub/product/src/models/product.model.js">
        <metrics statements="27" coveredstatements="25" conditionals="23" coveredconditionals="14" methods="4" coveredmethods="3"/>
        <line num="1" count="8" type="stmt"/>
        <line num="2" count="8" type="stmt"/>
        <line num="4" count="8" type="stmt"/>
        <line num="37" count="8" type="stmt"/>
        <line num="120" count="8" type="stmt"/>
        <line num="121" count="8" type="stmt"/>
        <line num="122" count="8" type="stmt"/>
        <line num="123" count="8" type="stmt"/>
        <line num="124" count="8" type="stmt"/>
        <line num="125" count="8" type="stmt"/>
        <line num="126" count="8" type="stmt"/>
        <line num="128" count="8" type="cond" truecount="1" falsecount="0"/>
        <line num="129" count="3" type="cond" truecount="2" falsecount="0"/>
        <line num="130" count="3" type="cond" truecount="1" falsecount="1"/>
        <line num="131" count="1" type="cond" truecount="1" falsecount="1"/>
        <line num="133" count="3" type="stmt"/>
        <line num="135" count="3" type="cond" truecount="2" falsecount="0"/>
        <line num="136" count="2" type="cond" truecount="2" falsecount="0"/>
        <line num="137" count="1" type="stmt"/>
        <line num="140" count="8" type="stmt"/>
        <line num="141" count="1" type="cond" truecount="1" falsecount="1"/>
        <line num="142" count="1" type="cond" truecount="1" falsecount="1"/>
        <line num="148" count="8" type="stmt"/>
        <line num="149" count="0" type="cond" truecount="0" falsecount="2"/>
        <line num="150" count="0" type="stmt"/>
        <line num="153" count="8" type="stmt"/>
        <line num="155" count="8" type="stmt"/>
      </file>
      <file name="user.model.js" path="/Users/shivachoudhry/Downloads/Ai-VendorHub/product/src/models/user.model.js">
        <metrics statements="3" coveredstatements="3" conditionals="2" coveredconditionals="2" methods="0" coveredmethods="0"/>
        <line num="1" count="8" type="stmt"/>
        <line num="3" count="8" type="stmt"/>
        <line num="23" count="8" type="cond" truecount="2" falsecount="0"/>
      </file>
      <file name="wishlist.model.js" path="/Users/shivachoudhry/Downloads/Ai-VendorHub/product/src/models/wishlist.model.js">
        <metrics statements="4" coveredstatements="4" conditionals="0" coveredconditionals="0" methods="0" coveredmethods="0"/>
        <line num="1" count="7" type="stmt"/>
        <line num="3" count="7" type="stmt"/>
        <line num="19" count="7" type="stmt"/>
        <line num="21" count="7" type="stmt"/>
      </file>
    </package>
    <package name="src.routes">
      <metrics statements="29" coveredstatements="29" conditionals="0" coveredconditionals="0" methods="0" coveredmethods="0"/>
      <file name="product.routes.js" path="/Users/shivachoudhry/Downloads/Ai-VendorHub/product/src/routes/product.routes.js">
        <metrics statements="29" coveredstatements="29" conditionals="0" coveredconditionals="0" methods="0" coveredmethods="0"/>
        <line num="1" count="7" type="stmt"/>
        <line num="2" count="7" type="stmt"/>
        <line num="3" count="7" type="stmt"/>
        <line num="4" count="7" type="stmt"/>
        <line num="5" count="7" type="stmt"/>
        <line num="6" count="7" type="stmt"/>
        <line num="7" count="7" type="stmt"/>
        <line num="11" count="7" type="stmt"/>
        <line num="21" count="7" type="stmt"/>
        <line num="24" count="7" type="stmt"/>
        <line num="27" count="7" type="stmt"/>
        <line num="30" count="7" type="stmt"/>
        <line num="33" count="7" type="stmt"/>
        <line num="36" count="7" type="stmt"/>
        <line num="39" count="7" type="stmt"/>
        <line num="42" count="7" type="stmt"/>
        <line num="45" count="7" type="stmt"/>
        <line num="48" count="7" type="stmt"/>
        <line num="55" count="7" type="stmt"/>
        <line num="62" count="7" type="stmt"/>
        <line num="69" count="7" type="stmt"/>
        <line num="76" count="7" type="stmt"/>
        <line num="83" count="7" type="stmt"/>
        <line num="86" count="7" type="stmt"/>
        <line num="94" count="7" type="stmt"/>
        <line num="102" count="7" type="stmt"/>
        <line num="105" count="7" type="stmt"/>
        <line num="116" count="7" type="stmt"/>
        <line num="122" count="7" type="stmt"/>
      </file>
    </package>
    <package name="src.services">
      <metrics statements="86" coveredstatements="47" conditionals="57" coveredconditionals="37" methods="19" coveredmethods="13"/>
      <file name="cache.service.js" path="/Users/shivachoudhry/Downloads/Ai-VendorHub/product/src/services/cache.service.js">
        <metrics statements="74" coveredstatements="42" conditionals="57" coveredconditionals="37" methods="17" coveredmethods="13"/>
        <line num="1" count="9" type="stmt"/>
        <line num="3" count="9" type="cond" truecount="2" falsecount="0"/>
        <line num="4" count="9" type="stmt"/>
        <line num="7" count="9" type="stmt"/>
        <line num="8" count="9" type="stmt"/>
        <line num="10" count="0" type="stmt"/>
        <line num="15" count="9" type="stmt"/>
        <line num="16" count="9" type="stmt"/>
        <line num="17" count="9" type="stmt"/>
        <line num="19" count="9" type="cond" truecount="3" falsecount="2"/>
        <line num="20" count="0" type="stmt"/>
        <line num="29" count="0" type="stmt"/>
        <line num="30" count="0" type="stmt"/>
        <line num="31" count="0" type="stmt"/>
        <line num="34" count="0" type="stmt"/>
        <line num="35" count="0" type="stmt"/>
        <line num="36" count="0" type="stmt"/>
        <line num="40" count="9" type="cond" truecount="1" falsecount="1"/>
        <line num="41" count="0" type="stmt"/>
        <line num="42" count="0" type="stmt"/>
        <line num="47" count="63" type="stmt"/>
        <line num="48" count="63" type="stmt"/>
        <line num="49" count="63" type="stmt"/>
        <line num="53" count="102" type="cond" truecount="2" falsecount="0"/>
        <line num="55" count="11" type="stmt"/>
        <line num="56" count="11" type="cond" truecount="1" falsecount="1"/>
        <line num="58" count="11" type="stmt"/>
        <line num="59" count="11" type="cond" truecount="2" falsecount="0"/>
        <line num="61" count="5" type="cond" truecount="2" falsecount="0"/>
        <line num="62" count="1" type="stmt"/>
        <line num="63" count="1" type="stmt"/>
        <line num="66" count="4" type="stmt"/>
        <line num="70" count="85" type="cond" truecount="2" falsecount="0"/>
        <line num="72" count="9" type="stmt"/>
        <line num="73" count="9" type="stmt"/>
        <line num="80" count="256" type="cond" truecount="2" falsecount="0"/>
        <line num="82" count="19" type="stmt"/>
        <line num="84" count="19" type="stmt"/>
        <line num="85" count="7" type="cond" truecount="4" falsecount="0"/>
        <line num="86" count="2" type="stmt"/>
        <line num="92" count="244" type="stmt"/>
        <line num="96" count="443" type="cond" truecount="2" falsecount="0"/>
        <line num="97" count="441" type="cond" truecount="4" falsecount="0"/>
        <line num="98" count="39" type="stmt"/>
        <line num="102" count="11" type="cond" truecount="1" falsecount="1"/>
        <line num="104" count="0" type="stmt"/>
        <line num="105" count="0" type="cond" truecount="0" falsecount="2"/>
        <line num="106" count="0" type="stmt"/>
        <line num="107" count="0" type="cond" truecount="0" falsecount="2"/>
        <line num="109" count="0" type="stmt"/>
        <line num="110" count="0" type="stmt"/>
        <line num="115" count="9" type="cond" truecount="1" falsecount="1"/>
        <line num="117" count="0" type="stmt"/>
        <line num="118" count="0" type="cond" truecount="0" falsecount="2"/>
        <line num="119" count="0" type="stmt"/>
        <line num="121" count="0" type="stmt"/>
        <line num="126" count="19" type="cond" truecount="1" falsecount="1"/>
        <line num="128" count="0" type="stmt"/>
        <line num="129" count="0" type="cond" truecount="0" falsecount="2"/>
        <line num="130" count="0" type="stmt"/>
        <line num="132" count="0" type="stmt"/>
        <line num="133" count="0" type="stmt"/>
        <line num="134" count="0" type="stmt"/>
        <line num="141" count="0" type="stmt"/>
        <line num="142" count="0" type="cond" truecount="0" falsecount="2"/>
        <line num="145" count="0" type="stmt"/>
        <line num="150" count="0" type="stmt"/>
        <line num="151" count="0" type="stmt"/>
        <line num="152" count="0" type="cond" truecount="0" falsecount="2"/>
        <line num="157" count="129" type="cond" truecount="4" falsecount="0"/>
        <line num="158" count="64" type="cond" truecount="2" falsecount="0"/>
        <line num="160" count="63" type="stmt"/>
        <line num="162" count="64" type="stmt"/>
        <line num="167" count="9" type="stmt"/>
      </file>
      <file name="imagekit.service.js" path="/Users/shivachoudhry/Downloads/Ai-VendorHub/product/src/services/imagekit.service.js">
        <metrics statements="12" coveredstatements="5" conditionals="0" coveredconditionals="0" methods="2" coveredmethods="0"/>
        <line num="1" count="7" type="stmt"/>
        <line num="4" count="7" type="stmt"/>
        <line num="18" count="7" type="stmt"/>
        <line num="19" count="0" type="stmt"/>
        <line num="20" count="0" type="stmt"/>
        <line num="24" count="0" type="stmt"/>
        <line num="26" count="0" type="stmt"/>
        <line num="35" count="7" type="stmt"/>
        <line num="36" count="0" type="stmt"/>
        <line num="37" count="0" type="stmt"/>
        <line num="39" count="0" type="stmt"/>
        <line num="43" count="7" type="stmt"/>
      </file>
    </package>
    <package name="src.validators">
      <metrics statements="26" coveredstatements="23" conditionals="24" coveredconditionals="19" methods="5" coveredmethods="4"/>
      <file name="product.validator.js" path="/Users/shivachoudhry/Downloads/Ai-VendorHub/product/src/validators/product.validator.js">
        <metrics statements="26" coveredstatements="23" conditionals="24" coveredconditionals="19" methods="5" coveredmethods="4"/>
        <line num="1" count="7" type="stmt"/>
        <line num="7" count="7" type="stmt"/>
        <line num="8" count="63" type="cond" truecount="1" falsecount="1"/>
        <line num="10" count="63" type="cond" truecount="4" falsecount="0"/>
        <line num="11" count="21" type="stmt"/>
        <line num="15" count="21" type="stmt"/>
        <line num="16" count="21" type="stmt"/>
        <line num="19" count="63" type="cond" truecount="4" falsecount="0"/>
        <line num="20" count="7" type="stmt"/>
        <line num="24" count="7" type="stmt"/>
        <line num="25" count="7" type="stmt"/>
        <line num="28" count="63" type="stmt"/>
        <line num="34" count="7" type="stmt"/>
        <line num="35" count="18" type="stmt"/>
        <line num="37" count="18" type="cond" truecount="2" falsecount="0"/>
        <line num="38" count="3" type="stmt"/>
        <line num="41" count="5" type="stmt"/>
        <line num="49" count="15" type="stmt"/>
        <line num="56" count="7" type="stmt"/>
        <line num="73" count="18" type="cond" truecount="4" falsecount="0"/>
        <line num="74" count="2" type="stmt"/>
        <line num="76" count="16" type="stmt"/>
        <line num="101" count="0" type="cond" truecount="0" falsecount="4"/>
        <line num="102" count="0" type="stmt"/>
        <line num="104" count="0" type="stmt"/>
        <line num="119" count="7" type="stmt"/>
      </file>
    </package>
  </project>
</coverage>
