{"/Users/shivachoudhry/Downloads/Ai-VendorHub/product/src/app.js": {"path":"/Users/shivachoudhry/Downloads/Ai-VendorHub/product/src/app.js","statementMap":{"0":{"start":{"line":1,"column":16},"end":{"line":1,"column":34}},"1":{"start":{"line":2,"column":21},"end":{"line":2,"column":45}},"2":{"start":{"line":3,"column":15},"end":{"line":3,"column":32}},"3":{"start":{"line":4,"column":13},"end":{"line":4,"column":28}},"4":{"start":{"line":5,"column":22},"end":{"line":5,"column":56}},"5":{"start":{"line":6,"column":21},"end":{"line":6,"column":56}},"6":{"start":{"line":8,"column":11},"end":{"line":8,"column":20}},"7":{"start":{"line":9,"column":20},"end":{"line":12,"column":1}},"8":{"start":{"line":14,"column":0},"end":{"line":14,"column":18}},"9":{"start":{"line":15,"column":0},"end":{"line":15,"column":27}},"10":{"start":{"line":16,"column":0},"end":{"line":16,"column":24}},"11":{"start":{"line":17,"column":0},"end":{"line":17,"column":48}},"12":{"start":{"line":18,"column":0},"end":{"line":18,"column":24}},"13":{"start":{"line":20,"column":0},"end":{"line":20,"column":35}},"14":{"start":{"line":23,"column":0},"end":{"line":25,"column":3}},"15":{"start":{"line":24,"column":4},"end":{"line":24,"column":61}},"16":{"start":{"line":27,"column":0},"end":{"line":27,"column":39}},"17":{"start":{"line":28,"column":0},"end":{"line":28,"column":40}},"18":{"start":{"line":29,"column":0},"end":{"line":29,"column":36}},"19":{"start":{"line":32,"column":0},"end":{"line":50,"column":3}},"20":{"start":{"line":33,"column":2},"end":{"line":48,"column":3}},"21":{"start":{"line":35,"column":4},"end":{"line":40,"column":5}},"22":{"start":{"line":36,"column":6},"end":{"line":39,"column":9}},"23":{"start":{"line":42,"column":4},"end":{"line":47,"column":5}},"24":{"start":{"line":43,"column":6},"end":{"line":46,"column":9}},"25":{"start":{"line":49,"column":2},"end":{"line":49,"column":12}},"26":{"start":{"line":52,"column":0},"end":{"line":52,"column":21}}},"fnMap":{"0":{"name":"(anonymous_0)","decl":{"start":{"line":23,"column":12},"end":{"line":23,"column":13}},"loc":{"start":{"line":23,"column":23},"end":{"line":25,"column":1}},"line":23},"1":{"name":"(anonymous_1)","decl":{"start":{"line":32,"column":8},"end":{"line":32,"column":9}},"loc":{"start":{"line":32,"column":33},"end":{"line":50,"column":1}},"line":32}},"branchMap":{"0":{"loc":{"start":{"line":10,"column":10},"end":{"line":10,"column":77}},"type":"cond-expr","locations":[{"start":{"line":10,"column":36},"end":{"line":10,"column":70}},{"start":{"line":10,"column":73},"end":{"line":10,"column":77}}],"line":10},"1":{"loc":{"start":{"line":33,"column":2},"end":{"line":48,"column":3}},"type":"if","locations":[{"start":{"line":33,"column":2},"end":{"line":48,"column":3}},{"start":{},"end":{}}],"line":33},"2":{"loc":{"start":{"line":35,"column":4},"end":{"line":40,"column":5}},"type":"if","locations":[{"start":{"line":35,"column":4},"end":{"line":40,"column":5}},{"start":{},"end":{}}],"line":35},"3":{"loc":{"start":{"line":35,"column":8},"end":{"line":35,"column":73}},"type":"binary-expr","locations":[{"start":{"line":35,"column":8},"end":{"line":35,"column":38}},{"start":{"line":35,"column":42},"end":{"line":35,"column":73}}],"line":35},"4":{"loc":{"start":{"line":42,"column":4},"end":{"line":47,"column":5}},"type":"if","locations":[{"start":{"line":42,"column":4},"end":{"line":47,"column":5}},{"start":{},"end":{}}],"line":42},"5":{"loc":{"start":{"line":42,"column":8},"end":{"line":42,"column":64}},"type":"binary-expr","locations":[{"start":{"line":42,"column":8},"end":{"line":42,"column":19}},{"start":{"line":42,"column":23},"end":{"line":42,"column":64}}],"line":42}},"s":{"0":7,"1":7,"2":7,"3":7,"4":7,"5":7,"6":7,"7":7,"8":7,"9":7,"10":7,"11":7,"12":7,"13":7,"14":7,"15":0,"16":7,"17":7,"18":7,"19":7,"20":3,"21":3,"22":2,"23":1,"24":1,"25":0,"26":7},"f":{"0":0,"1":3},"b":{"0":[0,7],"1":[3,0],"2":[2,1],"3":[3,2],"4":[1,0],"5":[1,1]},"_coverageSchema":"1a1c01bbd47fc00a2c39e90264f33305004495a9","hash":"03aaaa615f304259be7f9d81bfdae2df0ed2f9c5"}
,"/Users/shivachoudhry/Downloads/Ai-VendorHub/product/src/Broker/broker.js": {"path":"/Users/shivachoudhry/Downloads/Ai-VendorHub/product/src/Broker/broker.js","statementMap":{"0":{"start":{"line":1,"column":16},"end":{"line":1,"column":34}},"1":{"start":{"line":7,"column":4},"end":{"line":7,"column":37}},"2":{"start":{"line":7,"column":19},"end":{"line":7,"column":37}},"3":{"start":{"line":9,"column":4},"end":{"line":18,"column":5}},"4":{"start":{"line":10,"column":8},"end":{"line":10,"column":69}},"5":{"start":{"line":11,"column":8},"end":{"line":11,"column":46}},"6":{"start":{"line":12,"column":8},"end":{"line":12,"column":51}},"7":{"start":{"line":16,"column":8},"end":{"line":16,"column":62}},"8":{"start":{"line":17,"column":8},"end":{"line":17,"column":20}},"9":{"start":{"line":22,"column":4},"end":{"line":22,"column":50}},"10":{"start":{"line":22,"column":34},"end":{"line":22,"column":50}},"11":{"start":{"line":24,"column":4},"end":{"line":26,"column":8}},"12":{"start":{"line":28,"column":4},"end":{"line":28,"column":70}},"13":{"start":{"line":30,"column":4},"end":{"line":30,"column":59}},"14":{"start":{"line":35,"column":4},"end":{"line":35,"column":50}},"15":{"start":{"line":35,"column":34},"end":{"line":35,"column":50}},"16":{"start":{"line":37,"column":4},"end":{"line":39,"column":8}},"17":{"start":{"line":41,"column":4},"end":{"line":47,"column":7}},"18":{"start":{"line":42,"column":8},"end":{"line":46,"column":9}},"19":{"start":{"line":43,"column":25},"end":{"line":43,"column":59}},"20":{"start":{"line":44,"column":12},"end":{"line":44,"column":27}},"21":{"start":{"line":45,"column":12},"end":{"line":45,"column":29}},"22":{"start":{"line":50,"column":0},"end":{"line":56,"column":1}}},"fnMap":{"0":{"name":"connect","decl":{"start":{"line":6,"column":15},"end":{"line":6,"column":22}},"loc":{"start":{"line":6,"column":24},"end":{"line":19,"column":1}},"line":6},"1":{"name":"publishToQueue","decl":{"start":{"line":21,"column":15},"end":{"line":21,"column":29}},"loc":{"start":{"line":21,"column":49},"end":{"line":32,"column":1}},"line":21},"2":{"name":"SubscribeToQueue","decl":{"start":{"line":34,"column":15},"end":{"line":34,"column":31}},"loc":{"start":{"line":34,"column":52},"end":{"line":48,"column":1}},"line":34},"3":{"name":"(anonymous_3)","decl":{"start":{"line":41,"column":31},"end":{"line":41,"column":32}},"loc":{"start":{"line":41,"column":46},"end":{"line":47,"column":5}},"line":41}},"branchMap":{"0":{"loc":{"start":{"line":7,"column":4},"end":{"line":7,"column":37}},"type":"if","locations":[{"start":{"line":7,"column":4},"end":{"line":7,"column":37}},{"start":{},"end":{}}],"line":7},"1":{"loc":{"start":{"line":21,"column":41},"end":{"line":21,"column":48}},"type":"default-arg","locations":[{"start":{"line":21,"column":46},"end":{"line":21,"column":48}}],"line":21},"2":{"loc":{"start":{"line":22,"column":4},"end":{"line":22,"column":50}},"type":"if","locations":[{"start":{"line":22,"column":4},"end":{"line":22,"column":50}},{"start":{},"end":{}}],"line":22},"3":{"loc":{"start":{"line":22,"column":7},"end":{"line":22,"column":31}},"type":"binary-expr","locations":[{"start":{"line":22,"column":7},"end":{"line":22,"column":15}},{"start":{"line":22,"column":19},"end":{"line":22,"column":31}}],"line":22},"4":{"loc":{"start":{"line":35,"column":4},"end":{"line":35,"column":50}},"type":"if","locations":[{"start":{"line":35,"column":4},"end":{"line":35,"column":50}},{"start":{},"end":{}}],"line":35},"5":{"loc":{"start":{"line":35,"column":7},"end":{"line":35,"column":31}},"type":"binary-expr","locations":[{"start":{"line":35,"column":7},"end":{"line":35,"column":15}},{"start":{"line":35,"column":19},"end":{"line":35,"column":31}}],"line":35},"6":{"loc":{"start":{"line":42,"column":8},"end":{"line":46,"column":9}},"type":"if","locations":[{"start":{"line":42,"column":8},"end":{"line":46,"column":9}},{"start":{},"end":{}}],"line":42}},"s":{"0":0,"1":0,"2":0,"3":0,"4":0,"5":0,"6":0,"7":0,"8":0,"9":0,"10":0,"11":0,"12":0,"13":0,"14":0,"15":0,"16":0,"17":0,"18":0,"19":0,"20":0,"21":0,"22":0},"f":{"0":0,"1":0,"2":0,"3":0},"b":{"0":[0,0],"1":[0],"2":[0,0],"3":[0,0],"4":[0,0],"5":[0,0],"6":[0,0]}}
,"/Users/shivachoudhry/Downloads/Ai-VendorHub/product/src/controllers/product.controller.js": {"path":"/Users/shivachoudhry/Downloads/Ai-VendorHub/product/src/controllers/product.controller.js","statementMap":{"0":{"start":{"line":1,"column":17},"end":{"line":1,"column":36}},"1":{"start":{"line":2,"column":49},"end":{"line":2,"column":88}},"2":{"start":{"line":3,"column":21},"end":{"line":3,"column":55}},"3":{"start":{"line":4,"column":17},"end":{"line":4,"column":52}},"4":{"start":{"line":5,"column":27},"end":{"line":5,"column":54}},"5":{"start":{"line":6,"column":21},"end":{"line":6,"column":57}},"6":{"start":{"line":8,"column":25},"end":{"line":8,"column":60}},"7":{"start":{"line":9,"column":28},"end":{"line":9,"column":72}},"8":{"start":{"line":10,"column":30},"end":{"line":10,"column":77}},"9":{"start":{"line":11,"column":30},"end":{"line":11,"column":47}},"10":{"start":{"line":12,"column":30},"end":{"line":12,"column":47}},"11":{"start":{"line":13,"column":30},"end":{"line":13,"column":47}},"12":{"start":{"line":15,"column":17},"end":{"line":24,"column":1}},"13":{"start":{"line":26,"column":18},"end":{"line":40,"column":1}},"14":{"start":{"line":27,"column":2},"end":{"line":27,"column":23}},"15":{"start":{"line":27,"column":13},"end":{"line":27,"column":23}},"16":{"start":{"line":29,"column":2},"end":{"line":31,"column":3}},"17":{"start":{"line":30,"column":4},"end":{"line":30,"column":82}},"18":{"start":{"line":30,"column":29},"end":{"line":30,"column":64}},"19":{"start":{"line":33,"column":2},"end":{"line":39,"column":21}},"20":{"start":{"line":38,"column":18},"end":{"line":38,"column":42}},"21":{"start":{"line":42,"column":23},"end":{"line":52,"column":1}},"22":{"start":{"line":43,"column":2},"end":{"line":43,"column":24}},"23":{"start":{"line":43,"column":14},"end":{"line":43,"column":24}},"24":{"start":{"line":44,"column":2},"end":{"line":44,"column":41}},"25":{"start":{"line":44,"column":28},"end":{"line":44,"column":41}},"26":{"start":{"line":46,"column":2},"end":{"line":51,"column":3}},"27":{"start":{"line":47,"column":19},"end":{"line":47,"column":36}},"28":{"start":{"line":48,"column":4},"end":{"line":48,"column":47}},"29":{"start":{"line":50,"column":4},"end":{"line":50,"column":82}},"30":{"start":{"line":50,"column":53},"end":{"line":50,"column":64}},"31":{"start":{"line":54,"column":25},"end":{"line":62,"column":1}},"32":{"start":{"line":55,"column":22},"end":{"line":55,"column":80}},"33":{"start":{"line":56,"column":24},"end":{"line":56,"column":97}},"34":{"start":{"line":58,"column":2},"end":{"line":61,"column":4}},"35":{"start":{"line":64,"column":23},"end":{"line":68,"column":2}},"36":{"start":{"line":64,"column":40},"end":{"line":68,"column":1}},"37":{"start":{"line":70,"column":21},"end":{"line":70,"column":91}},"38":{"start":{"line":70,"column":34},"end":{"line":70,"column":91}},"39":{"start":{"line":72,"column":23},"end":{"line":78,"column":1}},"40":{"start":{"line":73,"column":2},"end":{"line":73,"column":31}},"41":{"start":{"line":73,"column":16},"end":{"line":73,"column":31}},"42":{"start":{"line":74,"column":2},"end":{"line":76,"column":3}},"43":{"start":{"line":75,"column":4},"end":{"line":75,"column":48}},"44":{"start":{"line":77,"column":2},"end":{"line":77,"column":17}},"45":{"start":{"line":80,"column":30},"end":{"line":95,"column":1}},"46":{"start":{"line":81,"column":2},"end":{"line":83,"column":3}},"47":{"start":{"line":82,"column":4},"end":{"line":82,"column":62}},"48":{"start":{"line":85,"column":23},"end":{"line":85,"column":46}},"49":{"start":{"line":86,"column":20},"end":{"line":86,"column":52}},"50":{"start":{"line":87,"column":23},"end":{"line":89,"column":7}},"51":{"start":{"line":88,"column":53},"end":{"line":88,"column":87}},"52":{"start":{"line":90,"column":21},"end":{"line":90,"column":45}},"53":{"start":{"line":92,"column":2},"end":{"line":92,"column":45}},"54":{"start":{"line":92,"column":23},"end":{"line":92,"column":45}},"55":{"start":{"line":93,"column":2},"end":{"line":93,"column":60}},"56":{"start":{"line":93,"column":41},"end":{"line":93,"column":60}},"57":{"start":{"line":94,"column":2},"end":{"line":94,"column":20}},"58":{"start":{"line":97,"column":25},"end":{"line":104,"column":1}},"59":{"start":{"line":98,"column":2},"end":{"line":98,"column":31}},"60":{"start":{"line":98,"column":16},"end":{"line":98,"column":31}},"61":{"start":{"line":99,"column":23},"end":{"line":99,"column":46}},"62":{"start":{"line":100,"column":2},"end":{"line":103,"column":4}},"63":{"start":{"line":106,"column":28},"end":{"line":111,"column":2}},"64":{"start":{"line":106,"column":44},"end":{"line":111,"column":1}},"65":{"start":{"line":113,"column":28},"end":{"line":134,"column":1}},"66":{"start":{"line":114,"column":23},"end":{"line":114,"column":46}},"67":{"start":{"line":116,"column":2},"end":{"line":118,"column":3}},"68":{"start":{"line":117,"column":4},"end":{"line":117,"column":24}},"69":{"start":{"line":120,"column":26},"end":{"line":120,"column":100}},"70":{"start":{"line":121,"column":2},"end":{"line":123,"column":3}},"71":{"start":{"line":122,"column":4},"end":{"line":122,"column":24}},"72":{"start":{"line":125,"column":2},"end":{"line":133,"column":4}},"73":{"start":{"line":136,"column":33},"end":{"line":158,"column":1}},"74":{"start":{"line":137,"column":23},"end":{"line":137,"column":48}},"75":{"start":{"line":139,"column":2},"end":{"line":157,"column":4}},"76":{"start":{"line":160,"column":28},"end":{"line":167,"column":1}},"77":{"start":{"line":161,"column":18},"end":{"line":161,"column":69}},"78":{"start":{"line":163,"column":2},"end":{"line":166,"column":5}},"79":{"start":{"line":169,"column":31},"end":{"line":185,"column":1}},"80":{"start":{"line":170,"column":15},"end":{"line":174,"column":19}},"81":{"start":{"line":176,"column":2},"end":{"line":178,"column":3}},"82":{"start":{"line":177,"column":4},"end":{"line":177,"column":83}},"83":{"start":{"line":177,"column":40},"end":{"line":177,"column":80}},"84":{"start":{"line":180,"column":2},"end":{"line":184,"column":3}},"85":{"start":{"line":181,"column":4},"end":{"line":181,"column":88}},"86":{"start":{"line":181,"column":40},"end":{"line":181,"column":85}},"87":{"start":{"line":182,"column":9},"end":{"line":184,"column":3}},"88":{"start":{"line":183,"column":4},"end":{"line":183,"column":81}},"89":{"start":{"line":183,"column":40},"end":{"line":183,"column":78}},"90":{"start":{"line":187,"column":27},"end":{"line":228,"column":1}},"91":{"start":{"line":188,"column":17},"end":{"line":188,"column":35}},"92":{"start":{"line":190,"column":2},"end":{"line":192,"column":3}},"93":{"start":{"line":191,"column":4},"end":{"line":191,"column":58}},"94":{"start":{"line":194,"column":2},"end":{"line":194,"column":51}},"95":{"start":{"line":194,"column":15},"end":{"line":194,"column":51}},"96":{"start":{"line":195,"column":2},"end":{"line":195,"column":55}},"97":{"start":{"line":195,"column":22},"end":{"line":195,"column":55}},"98":{"start":{"line":196,"column":2},"end":{"line":196,"column":46}},"99":{"start":{"line":196,"column":19},"end":{"line":196,"column":46}},"100":{"start":{"line":197,"column":2},"end":{"line":197,"column":66}},"101":{"start":{"line":197,"column":17},"end":{"line":197,"column":66}},"102":{"start":{"line":199,"column":19},"end":{"line":199,"column":51}},"103":{"start":{"line":200,"column":19},"end":{"line":200,"column":51}},"104":{"start":{"line":202,"column":2},"end":{"line":207,"column":3}},"105":{"start":{"line":203,"column":4},"end":{"line":206,"column":6}},"106":{"start":{"line":209,"column":2},"end":{"line":214,"column":3}},"107":{"start":{"line":210,"column":4},"end":{"line":213,"column":6}},"108":{"start":{"line":216,"column":2},"end":{"line":218,"column":3}},"109":{"start":{"line":217,"column":4},"end":{"line":217,"column":62}},"110":{"start":{"line":220,"column":2},"end":{"line":225,"column":3}},"111":{"start":{"line":221,"column":25},"end":{"line":221,"column":68}},"112":{"start":{"line":222,"column":4},"end":{"line":222,"column":58}},"113":{"start":{"line":222,"column":41},"end":{"line":222,"column":58}},"114":{"start":{"line":223,"column":4},"end":{"line":223,"column":91}},"115":{"start":{"line":223,"column":38},"end":{"line":223,"column":91}},"116":{"start":{"line":224,"column":4},"end":{"line":224,"column":81}},"117":{"start":{"line":224,"column":37},"end":{"line":224,"column":81}},"118":{"start":{"line":227,"column":2},"end":{"line":227,"column":16}},"119":{"start":{"line":230,"column":22},"end":{"line":236,"column":1}},"120":{"start":{"line":231,"column":16},"end":{"line":231,"column":54}},"121":{"start":{"line":232,"column":15},"end":{"line":232,"column":51}},"122":{"start":{"line":233,"column":15},"end":{"line":233,"column":99}},"123":{"start":{"line":235,"column":2},"end":{"line":235,"column":31}},"124":{"start":{"line":238,"column":16},"end":{"line":238,"column":76}},"125":{"start":{"line":238,"column":40},"end":{"line":238,"column":76}},"126":{"start":{"line":240,"column":21},"end":{"line":252,"column":1}},"127":{"start":{"line":241,"column":14},"end":{"line":241,"column":39}},"128":{"start":{"line":243,"column":2},"end":{"line":243,"column":65}},"129":{"start":{"line":243,"column":40},"end":{"line":243,"column":65}},"130":{"start":{"line":244,"column":2},"end":{"line":244,"column":65}},"131":{"start":{"line":244,"column":40},"end":{"line":244,"column":65}},"132":{"start":{"line":245,"column":2},"end":{"line":245,"column":68}},"133":{"start":{"line":245,"column":41},"end":{"line":245,"column":68}},"134":{"start":{"line":246,"column":2},"end":{"line":246,"column":100}},"135":{"start":{"line":246,"column":44},"end":{"line":246,"column":100}},"136":{"start":{"line":248,"column":19},"end":{"line":248,"column":86}},"137":{"start":{"line":249,"column":2},"end":{"line":251,"column":9}},"138":{"start":{"line":250,"column":32},"end":{"line":250,"column":76}},"139":{"start":{"line":254,"column":22},"end":{"line":260,"column":1}},"140":{"start":{"line":255,"column":2},"end":{"line":257,"column":3}},"141":{"start":{"line":256,"column":4},"end":{"line":256,"column":21}},"142":{"start":{"line":259,"column":2},"end":{"line":259,"column":45}},"143":{"start":{"line":262,"column":28},"end":{"line":269,"column":1}},"144":{"start":{"line":263,"column":14},"end":{"line":263,"column":39}},"145":{"start":{"line":264,"column":2},"end":{"line":266,"column":3}},"146":{"start":{"line":265,"column":4},"end":{"line":265,"column":60}},"147":{"start":{"line":268,"column":2},"end":{"line":268,"column":65}},"148":{"start":{"line":271,"column":26},"end":{"line":271,"column":97}},"149":{"start":{"line":271,"column":39},"end":{"line":271,"column":97}},"150":{"start":{"line":273,"column":28},"end":{"line":311,"column":1}},"151":{"start":{"line":274,"column":22},"end":{"line":274,"column":94}},"152":{"start":{"line":275,"column":24},"end":{"line":275,"column":97}},"153":{"start":{"line":276,"column":14},"end":{"line":276,"column":79}},"154":{"start":{"line":278,"column":2},"end":{"line":280,"column":3}},"155":{"start":{"line":279,"column":4},"end":{"line":279,"column":83}},"156":{"start":{"line":282,"column":2},"end":{"line":284,"column":3}},"157":{"start":{"line":283,"column":4},"end":{"line":283,"column":85}},"158":{"start":{"line":286,"column":17},"end":{"line":286,"column":36}},"159":{"start":{"line":287,"column":19},"end":{"line":287,"column":57}},"160":{"start":{"line":288,"column":16},"end":{"line":288,"column":34}},"161":{"start":{"line":290,"column":2},"end":{"line":292,"column":3}},"162":{"start":{"line":291,"column":4},"end":{"line":291,"column":103}},"163":{"start":{"line":294,"column":2},"end":{"line":296,"column":3}},"164":{"start":{"line":295,"column":4},"end":{"line":295,"column":124}},"165":{"start":{"line":298,"column":2},"end":{"line":300,"column":3}},"166":{"start":{"line":299,"column":4},"end":{"line":299,"column":103}},"167":{"start":{"line":302,"column":2},"end":{"line":310,"column":4}},"168":{"start":{"line":313,"column":31},"end":{"line":319,"column":1}},"169":{"start":{"line":314,"column":2},"end":{"line":314,"column":89}},"170":{"start":{"line":314,"column":16},"end":{"line":314,"column":89}},"171":{"start":{"line":315,"column":2},"end":{"line":317,"column":3}},"172":{"start":{"line":316,"column":4},"end":{"line":316,"column":95}},"173":{"start":{"line":318,"column":2},"end":{"line":318,"column":27}},"174":{"start":{"line":321,"column":29},"end":{"line":321,"column":68}},"175":{"start":{"line":321,"column":41},"end":{"line":321,"column":68}},"176":{"start":{"line":323,"column":22},"end":{"line":386,"column":1}},"177":{"start":{"line":324,"column":2},"end":{"line":385,"column":3}},"178":{"start":{"line":325,"column":59},"end":{"line":325,"column":67}},"179":{"start":{"line":326,"column":21},"end":{"line":326,"column":32}},"180":{"start":{"line":327,"column":33},"end":{"line":327,"column":59}},"181":{"start":{"line":329,"column":4},"end":{"line":331,"column":5}},"182":{"start":{"line":330,"column":6},"end":{"line":330,"column":84}},"183":{"start":{"line":333,"column":4},"end":{"line":335,"column":5}},"184":{"start":{"line":334,"column":6},"end":{"line":334,"column":109}},"185":{"start":{"line":337,"column":4},"end":{"line":342,"column":5}},"186":{"start":{"line":338,"column":6},"end":{"line":341,"column":9}},"187":{"start":{"line":344,"column":17},"end":{"line":344,"column":19}},"188":{"start":{"line":345,"column":4},"end":{"line":350,"column":5}},"189":{"start":{"line":346,"column":29},"end":{"line":348,"column":7}},"190":{"start":{"line":347,"column":32},"end":{"line":347,"column":80}},"191":{"start":{"line":349,"column":6},"end":{"line":349,"column":50}},"192":{"start":{"line":352,"column":20},"end":{"line":364,"column":6}},"193":{"start":{"line":366,"column":25},"end":{"line":366,"column":45}},"194":{"start":{"line":367,"column":4},"end":{"line":367,"column":71}},"195":{"start":{"line":368,"column":4},"end":{"line":371,"column":7}},"196":{"start":{"line":373,"column":4},"end":{"line":377,"column":7}},"197":{"start":{"line":379,"column":4},"end":{"line":379,"column":52}},"198":{"start":{"line":380,"column":4},"end":{"line":384,"column":7}},"199":{"start":{"line":388,"column":26},"end":{"line":430,"column":1}},"200":{"start":{"line":389,"column":2},"end":{"line":429,"column":3}},"201":{"start":{"line":390,"column":19},"end":{"line":390,"column":29}},"202":{"start":{"line":392,"column":4},"end":{"line":394,"column":5}},"203":{"start":{"line":393,"column":6},"end":{"line":393,"column":84}},"204":{"start":{"line":396,"column":20},"end":{"line":396,"column":51}},"205":{"start":{"line":397,"column":23},"end":{"line":397,"column":64}},"206":{"start":{"line":398,"column":4},"end":{"line":400,"column":5}},"207":{"start":{"line":399,"column":6},"end":{"line":399,"column":101}},"208":{"start":{"line":402,"column":20},"end":{"line":402,"column":49}},"209":{"start":{"line":403,"column":25},"end":{"line":403,"column":90}},"210":{"start":{"line":403,"column":65},"end":{"line":403,"column":89}},"211":{"start":{"line":404,"column":4},"end":{"line":406,"column":5}},"212":{"start":{"line":405,"column":6},"end":{"line":405,"column":110}},"213":{"start":{"line":408,"column":4},"end":{"line":408,"column":62}},"214":{"start":{"line":409,"column":27},"end":{"line":409,"column":47}},"215":{"start":{"line":410,"column":4},"end":{"line":410,"column":86}},"216":{"start":{"line":411,"column":4},"end":{"line":415,"column":7}},"217":{"start":{"line":417,"column":4},"end":{"line":421,"column":7}},"218":{"start":{"line":423,"column":4},"end":{"line":423,"column":58}},"219":{"start":{"line":424,"column":4},"end":{"line":428,"column":7}},"220":{"start":{"line":432,"column":29},"end":{"line":485,"column":1}},"221":{"start":{"line":433,"column":2},"end":{"line":484,"column":3}},"222":{"start":{"line":434,"column":30},"end":{"line":434,"column":40}},"223":{"start":{"line":436,"column":4},"end":{"line":438,"column":5}},"224":{"start":{"line":437,"column":6},"end":{"line":437,"column":84}},"225":{"start":{"line":440,"column":20},"end":{"line":440,"column":51}},"226":{"start":{"line":441,"column":23},"end":{"line":441,"column":64}},"227":{"start":{"line":442,"column":4},"end":{"line":444,"column":5}},"228":{"start":{"line":443,"column":6},"end":{"line":443,"column":101}},"229":{"start":{"line":446,"column":20},"end":{"line":448,"column":124}},"230":{"start":{"line":448,"column":48},"end":{"line":448,"column":123}},"231":{"start":{"line":450,"column":4},"end":{"line":452,"column":5}},"232":{"start":{"line":451,"column":6},"end":{"line":451,"column":84}},"233":{"start":{"line":454,"column":24},"end":{"line":454,"column":66}},"234":{"start":{"line":455,"column":25},"end":{"line":457,"column":6}},"235":{"start":{"line":456,"column":6},"end":{"line":456,"column":101}},"236":{"start":{"line":459,"column":4},"end":{"line":461,"column":5}},"237":{"start":{"line":460,"column":6},"end":{"line":460,"column":110}},"238":{"start":{"line":463,"column":4},"end":{"line":463,"column":40}},"239":{"start":{"line":464,"column":27},"end":{"line":464,"column":47}},"240":{"start":{"line":465,"column":4},"end":{"line":465,"column":86}},"241":{"start":{"line":466,"column":4},"end":{"line":470,"column":7}},"242":{"start":{"line":472,"column":4},"end":{"line":476,"column":7}},"243":{"start":{"line":478,"column":4},"end":{"line":478,"column":60}},"244":{"start":{"line":479,"column":4},"end":{"line":483,"column":7}},"245":{"start":{"line":487,"column":20},"end":{"line":535,"column":1}},"246":{"start":{"line":488,"column":2},"end":{"line":534,"column":3}},"247":{"start":{"line":489,"column":21},"end":{"line":489,"column":70}},"248":{"start":{"line":490,"column":27},"end":{"line":490,"column":59}},"249":{"start":{"line":492,"column":4},"end":{"line":495,"column":5}},"250":{"start":{"line":493,"column":6},"end":{"line":493,"column":32}},"251":{"start":{"line":494,"column":6},"end":{"line":494,"column":50}},"252":{"start":{"line":497,"column":19},"end":{"line":497,"column":48}},"253":{"start":{"line":498,"column":34},"end":{"line":498,"column":58}},"254":{"start":{"line":499,"column":20},"end":{"line":499,"column":46}},"255":{"start":{"line":500,"column":17},"end":{"line":500,"column":33}},"256":{"start":{"line":502,"column":30},"end":{"line":505,"column":6}},"257":{"start":{"line":507,"column":25},"end":{"line":511,"column":5}},"258":{"start":{"line":513,"column":4},"end":{"line":522,"column":5}},"259":{"start":{"line":514,"column":6},"end":{"line":520,"column":8}},"260":{"start":{"line":521,"column":6},"end":{"line":521,"column":34}},"261":{"start":{"line":524,"column":4},"end":{"line":524,"column":51}},"262":{"start":{"line":525,"column":4},"end":{"line":525,"column":31}},"263":{"start":{"line":526,"column":4},"end":{"line":526,"column":46}},"264":{"start":{"line":528,"column":4},"end":{"line":528,"column":53}},"265":{"start":{"line":529,"column":4},"end":{"line":533,"column":7}},"266":{"start":{"line":537,"column":24},"end":{"line":582,"column":1}},"267":{"start":{"line":538,"column":2},"end":{"line":581,"column":3}},"268":{"start":{"line":539,"column":16},"end":{"line":539,"column":45}},"269":{"start":{"line":540,"column":21},"end":{"line":540,"column":90}},"270":{"start":{"line":540,"column":54},"end":{"line":540,"column":89}},"271":{"start":{"line":542,"column":4},"end":{"line":547,"column":5}},"272":{"start":{"line":543,"column":6},"end":{"line":546,"column":9}},"273":{"start":{"line":549,"column":21},"end":{"line":549,"column":81}},"274":{"start":{"line":550,"column":27},"end":{"line":550,"column":59}},"275":{"start":{"line":551,"column":4},"end":{"line":554,"column":5}},"276":{"start":{"line":552,"column":6},"end":{"line":552,"column":32}},"277":{"start":{"line":553,"column":6},"end":{"line":553,"column":50}},"278":{"start":{"line":556,"column":16},"end":{"line":556,"column":90}},"279":{"start":{"line":557,"column":4},"end":{"line":559,"column":5}},"280":{"start":{"line":558,"column":6},"end":{"line":558,"column":120}},"281":{"start":{"line":561,"column":21},"end":{"line":561,"column":88}},"282":{"start":{"line":562,"column":25},"end":{"line":569,"column":5}},"283":{"start":{"line":566,"column":21},"end":{"line":566,"column":102}},"284":{"start":{"line":566,"column":48},"end":{"line":566,"column":101}},"285":{"start":{"line":571,"column":4},"end":{"line":571,"column":51}},"286":{"start":{"line":572,"column":4},"end":{"line":572,"column":31}},"287":{"start":{"line":573,"column":4},"end":{"line":573,"column":46}},"288":{"start":{"line":575,"column":4},"end":{"line":575,"column":54}},"289":{"start":{"line":576,"column":4},"end":{"line":580,"column":7}},"290":{"start":{"line":584,"column":23},"end":{"line":629,"column":1}},"291":{"start":{"line":585,"column":2},"end":{"line":628,"column":3}},"292":{"start":{"line":586,"column":19},"end":{"line":586,"column":29}},"293":{"start":{"line":587,"column":21},"end":{"line":587,"column":36}},"294":{"start":{"line":588,"column":27},"end":{"line":588,"column":59}},"295":{"start":{"line":590,"column":4},"end":{"line":593,"column":5}},"296":{"start":{"line":591,"column":6},"end":{"line":591,"column":32}},"297":{"start":{"line":592,"column":6},"end":{"line":592,"column":50}},"298":{"start":{"line":595,"column":20},"end":{"line":595,"column":49}},"299":{"start":{"line":596,"column":4},"end":{"line":603,"column":5}},"300":{"start":{"line":597,"column":6},"end":{"line":602,"column":9}},"301":{"start":{"line":605,"column":4},"end":{"line":607,"column":5}},"302":{"start":{"line":606,"column":6},"end":{"line":606,"column":84}},"303":{"start":{"line":609,"column":25},"end":{"line":609,"column":55}},"304":{"start":{"line":610,"column":25},"end":{"line":616,"column":5}},"305":{"start":{"line":618,"column":4},"end":{"line":618,"column":51}},"306":{"start":{"line":619,"column":4},"end":{"line":619,"column":31}},"307":{"start":{"line":620,"column":4},"end":{"line":620,"column":46}},"308":{"start":{"line":622,"column":4},"end":{"line":622,"column":58}},"309":{"start":{"line":623,"column":4},"end":{"line":627,"column":7}},"310":{"start":{"line":631,"column":25},"end":{"line":680,"column":1}},"311":{"start":{"line":632,"column":2},"end":{"line":679,"column":3}},"312":{"start":{"line":633,"column":19},"end":{"line":633,"column":29}},"313":{"start":{"line":634,"column":19},"end":{"line":634,"column":30}},"314":{"start":{"line":636,"column":4},"end":{"line":638,"column":5}},"315":{"start":{"line":637,"column":6},"end":{"line":637,"column":84}},"316":{"start":{"line":640,"column":20},"end":{"line":640,"column":51}},"317":{"start":{"line":641,"column":4},"end":{"line":643,"column":5}},"318":{"start":{"line":642,"column":6},"end":{"line":642,"column":84}},"319":{"start":{"line":645,"column":4},"end":{"line":645,"column":44}},"320":{"start":{"line":646,"column":4},"end":{"line":646,"column":69}},"321":{"start":{"line":647,"column":4},"end":{"line":652,"column":46}},"322":{"start":{"line":653,"column":4},"end":{"line":653,"column":25}},"323":{"start":{"line":655,"column":21},"end":{"line":655,"column":49}},"324":{"start":{"line":656,"column":21},"end":{"line":656,"column":59}},"325":{"start":{"line":657,"column":23},"end":{"line":658,"column":38}},"326":{"start":{"line":657,"column":62},"end":{"line":657,"column":100}},"327":{"start":{"line":659,"column":4},"end":{"line":659,"column":68}},"328":{"start":{"line":660,"column":4},"end":{"line":660,"column":53}},"329":{"start":{"line":661,"column":4},"end":{"line":661,"column":48}},"330":{"start":{"line":663,"column":4},"end":{"line":671,"column":7}},"331":{"start":{"line":673,"column":4},"end":{"line":673,"column":57}},"332":{"start":{"line":674,"column":4},"end":{"line":678,"column":7}},"333":{"start":{"line":682,"column":34},"end":{"line":715,"column":1}},"334":{"start":{"line":683,"column":2},"end":{"line":714,"column":3}},"335":{"start":{"line":684,"column":19},"end":{"line":684,"column":30}},"336":{"start":{"line":685,"column":16},"end":{"line":685,"column":74}},"337":{"start":{"line":686,"column":21},"end":{"line":686,"column":76}},"338":{"start":{"line":686,"column":40},"end":{"line":686,"column":75}},"339":{"start":{"line":688,"column":4},"end":{"line":694,"column":5}},"340":{"start":{"line":689,"column":6},"end":{"line":693,"column":9}},"341":{"start":{"line":696,"column":21},"end":{"line":696,"column":101}},"342":{"start":{"line":697,"column":28},"end":{"line":700,"column":28}},"343":{"start":{"line":698,"column":19},"end":{"line":698,"column":100}},"344":{"start":{"line":698,"column":46},"end":{"line":698,"column":99}},"345":{"start":{"line":702,"column":4},"end":{"line":706,"column":7}},"346":{"start":{"line":708,"column":4},"end":{"line":708,"column":69}},"347":{"start":{"line":709,"column":4},"end":{"line":713,"column":7}},"348":{"start":{"line":717,"column":27},"end":{"line":764,"column":1}},"349":{"start":{"line":718,"column":2},"end":{"line":763,"column":3}},"350":{"start":{"line":719,"column":19},"end":{"line":719,"column":29}},"351":{"start":{"line":720,"column":18},"end":{"line":720,"column":59}},"352":{"start":{"line":722,"column":4},"end":{"line":724,"column":5}},"353":{"start":{"line":723,"column":6},"end":{"line":723,"column":84}},"354":{"start":{"line":726,"column":20},"end":{"line":726,"column":51}},"355":{"start":{"line":727,"column":4},"end":{"line":729,"column":5}},"356":{"start":{"line":728,"column":6},"end":{"line":728,"column":84}},"357":{"start":{"line":731,"column":25},"end":{"line":731,"column":48}},"358":{"start":{"line":732,"column":24},"end":{"line":732,"column":63}},"359":{"start":{"line":733,"column":19},"end":{"line":742,"column":5}},"360":{"start":{"line":744,"column":4},"end":{"line":744,"column":51}},"361":{"start":{"line":744,"column":33},"end":{"line":744,"column":51}},"362":{"start":{"line":745,"column":21},"end":{"line":749,"column":6}},"363":{"start":{"line":751,"column":4},"end":{"line":755,"column":7}},"364":{"start":{"line":757,"column":4},"end":{"line":757,"column":61}},"365":{"start":{"line":758,"column":4},"end":{"line":762,"column":7}},"366":{"start":{"line":766,"column":28},"end":{"line":800,"column":1}},"367":{"start":{"line":767,"column":2},"end":{"line":799,"column":3}},"368":{"start":{"line":768,"column":18},"end":{"line":768,"column":60}},"369":{"start":{"line":769,"column":21},"end":{"line":769,"column":74}},"370":{"start":{"line":770,"column":27},"end":{"line":770,"column":59}},"371":{"start":{"line":772,"column":4},"end":{"line":775,"column":5}},"372":{"start":{"line":773,"column":6},"end":{"line":773,"column":32}},"373":{"start":{"line":774,"column":6},"end":{"line":774,"column":50}},"374":{"start":{"line":777,"column":21},"end":{"line":781,"column":6}},"375":{"start":{"line":783,"column":25},"end":{"line":787,"column":5}},"376":{"start":{"line":789,"column":4},"end":{"line":789,"column":56}},"377":{"start":{"line":790,"column":4},"end":{"line":790,"column":31}},"378":{"start":{"line":791,"column":4},"end":{"line":791,"column":46}},"379":{"start":{"line":793,"column":4},"end":{"line":793,"column":62}},"380":{"start":{"line":794,"column":4},"end":{"line":798,"column":7}},"381":{"start":{"line":802,"column":22},"end":{"line":917,"column":1}},"382":{"start":{"line":803,"column":2},"end":{"line":916,"column":3}},"383":{"start":{"line":804,"column":19},"end":{"line":804,"column":29}},"384":{"start":{"line":805,"column":33},"end":{"line":805,"column":41}},"385":{"start":{"line":807,"column":4},"end":{"line":809,"column":5}},"386":{"start":{"line":808,"column":6},"end":{"line":808,"column":84}},"387":{"start":{"line":811,"column":4},"end":{"line":813,"column":5}},"388":{"start":{"line":812,"column":6},"end":{"line":812,"column":86}},"389":{"start":{"line":815,"column":20},"end":{"line":815,"column":51}},"390":{"start":{"line":816,"column":4},"end":{"line":818,"column":5}},"391":{"start":{"line":817,"column":6},"end":{"line":817,"column":84}},"392":{"start":{"line":820,"column":4},"end":{"line":822,"column":5}},"393":{"start":{"line":821,"column":6},"end":{"line":821,"column":102}},"394":{"start":{"line":824,"column":4},"end":{"line":826,"column":5}},"395":{"start":{"line":825,"column":6},"end":{"line":825,"column":97}},"396":{"start":{"line":828,"column":4},"end":{"line":833,"column":5}},"397":{"start":{"line":829,"column":6},"end":{"line":831,"column":7}},"398":{"start":{"line":830,"column":8},"end":{"line":830,"column":90}},"399":{"start":{"line":832,"column":6},"end":{"line":832,"column":44}},"400":{"start":{"line":835,"column":4},"end":{"line":835,"column":98}},"401":{"start":{"line":835,"column":44},"end":{"line":835,"column":98}},"402":{"start":{"line":837,"column":33},"end":{"line":837,"column":59}},"403":{"start":{"line":838,"column":4},"end":{"line":843,"column":5}},"404":{"start":{"line":839,"column":6},"end":{"line":841,"column":7}},"405":{"start":{"line":840,"column":8},"end":{"line":840,"column":111}},"406":{"start":{"line":842,"column":6},"end":{"line":842,"column":36}},"407":{"start":{"line":845,"column":4},"end":{"line":853,"column":5}},"408":{"start":{"line":846,"column":6},"end":{"line":851,"column":7}},"409":{"start":{"line":847,"column":8},"end":{"line":850,"column":11}},"410":{"start":{"line":852,"column":6},"end":{"line":852,"column":40}},"411":{"start":{"line":855,"column":4},"end":{"line":861,"column":5}},"412":{"start":{"line":856,"column":20},"end":{"line":856,"column":42}},"413":{"start":{"line":857,"column":6},"end":{"line":859,"column":7}},"414":{"start":{"line":858,"column":8},"end":{"line":858,"column":104}},"415":{"start":{"line":860,"column":6},"end":{"line":860,"column":28}},"416":{"start":{"line":863,"column":4},"end":{"line":863,"column":96}},"417":{"start":{"line":863,"column":41},"end":{"line":863,"column":96}},"418":{"start":{"line":864,"column":4},"end":{"line":864,"column":87}},"419":{"start":{"line":864,"column":38},"end":{"line":864,"column":87}},"420":{"start":{"line":865,"column":4},"end":{"line":865,"column":77}},"421":{"start":{"line":865,"column":37},"end":{"line":865,"column":77}},"422":{"start":{"line":867,"column":4},"end":{"line":873,"column":5}},"423":{"start":{"line":868,"column":21},"end":{"line":868,"column":61}},"424":{"start":{"line":869,"column":6},"end":{"line":871,"column":7}},"425":{"start":{"line":870,"column":8},"end":{"line":870,"column":113}},"426":{"start":{"line":872,"column":6},"end":{"line":872,"column":30}},"427":{"start":{"line":875,"column":27},"end":{"line":875,"column":66}},"428":{"start":{"line":876,"column":4},"end":{"line":885,"column":5}},"429":{"start":{"line":877,"column":28},"end":{"line":877,"column":103}},"430":{"start":{"line":877,"column":69},"end":{"line":877,"column":102}},"431":{"start":{"line":878,"column":6},"end":{"line":878,"column":100}},"432":{"start":{"line":878,"column":64},"end":{"line":878,"column":98}},"433":{"start":{"line":880,"column":6},"end":{"line":884,"column":8}},"434":{"start":{"line":882,"column":10},"end":{"line":882,"column":87}},"435":{"start":{"line":882,"column":62},"end":{"line":882,"column":66}},"436":{"start":{"line":887,"column":4},"end":{"line":895,"column":5}},"437":{"start":{"line":888,"column":29},"end":{"line":890,"column":7}},"438":{"start":{"line":889,"column":32},"end":{"line":889,"column":80}},"439":{"start":{"line":891,"column":31},"end":{"line":891,"column":65}},"440":{"start":{"line":892,"column":6},"end":{"line":894,"column":71}},"441":{"start":{"line":897,"column":27},"end":{"line":897,"column":47}},"442":{"start":{"line":898,"column":4},"end":{"line":898,"column":86}},"443":{"start":{"line":899,"column":4},"end":{"line":902,"column":7}},"444":{"start":{"line":904,"column":4},"end":{"line":908,"column":7}},"445":{"start":{"line":910,"column":4},"end":{"line":910,"column":52}},"446":{"start":{"line":911,"column":4},"end":{"line":915,"column":7}},"447":{"start":{"line":919,"column":22},"end":{"line":981,"column":1}},"448":{"start":{"line":920,"column":2},"end":{"line":980,"column":3}},"449":{"start":{"line":921,"column":19},"end":{"line":921,"column":29}},"450":{"start":{"line":922,"column":33},"end":{"line":922,"column":41}},"451":{"start":{"line":924,"column":4},"end":{"line":926,"column":5}},"452":{"start":{"line":925,"column":6},"end":{"line":925,"column":84}},"453":{"start":{"line":928,"column":20},"end":{"line":928,"column":51}},"454":{"start":{"line":929,"column":4},"end":{"line":931,"column":5}},"455":{"start":{"line":930,"column":6},"end":{"line":930,"column":84}},"456":{"start":{"line":933,"column":4},"end":{"line":935,"column":5}},"457":{"start":{"line":934,"column":6},"end":{"line":934,"column":102}},"458":{"start":{"line":937,"column":23},"end":{"line":937,"column":49}},"459":{"start":{"line":938,"column":24},"end":{"line":938,"column":31}},"460":{"start":{"line":939,"column":23},"end":{"line":939,"column":29}},"461":{"start":{"line":941,"column":4},"end":{"line":951,"column":5}},"462":{"start":{"line":942,"column":6},"end":{"line":942,"column":34}},"463":{"start":{"line":943,"column":6},"end":{"line":943,"column":43}},"464":{"start":{"line":944,"column":6},"end":{"line":944,"column":28}},"465":{"start":{"line":945,"column":11},"end":{"line":951,"column":5}},"466":{"start":{"line":946,"column":6},"end":{"line":946,"column":48}},"467":{"start":{"line":947,"column":11},"end":{"line":951,"column":5}},"468":{"start":{"line":948,"column":6},"end":{"line":948,"column":32}},"469":{"start":{"line":950,"column":6},"end":{"line":950,"column":59}},"470":{"start":{"line":953,"column":4},"end":{"line":953,"column":72}},"471":{"start":{"line":954,"column":4},"end":{"line":958,"column":7}},"472":{"start":{"line":960,"column":4},"end":{"line":972,"column":7}},"473":{"start":{"line":974,"column":4},"end":{"line":974,"column":52}},"474":{"start":{"line":975,"column":4},"end":{"line":979,"column":7}},"475":{"start":{"line":983,"column":28},"end":{"line":1033,"column":1}},"476":{"start":{"line":984,"column":2},"end":{"line":1032,"column":3}},"477":{"start":{"line":985,"column":21},"end":{"line":985,"column":32}},"478":{"start":{"line":986,"column":21},"end":{"line":986,"column":84}},"479":{"start":{"line":987,"column":27},"end":{"line":987,"column":59}},"480":{"start":{"line":989,"column":4},"end":{"line":992,"column":5}},"481":{"start":{"line":990,"column":6},"end":{"line":990,"column":32}},"482":{"start":{"line":991,"column":6},"end":{"line":991,"column":50}},"483":{"start":{"line":994,"column":19},"end":{"line":994,"column":70}},"484":{"start":{"line":995,"column":34},"end":{"line":995,"column":58}},"485":{"start":{"line":996,"column":20},"end":{"line":996,"column":46}},"486":{"start":{"line":997,"column":17},"end":{"line":997,"column":33}},"487":{"start":{"line":998,"column":27},"end":{"line":998,"column":56}},"488":{"start":{"line":1000,"column":30},"end":{"line":1003,"column":6}},"489":{"start":{"line":1005,"column":25},"end":{"line":1009,"column":5}},"490":{"start":{"line":1011,"column":4},"end":{"line":1020,"column":5}},"491":{"start":{"line":1012,"column":6},"end":{"line":1018,"column":8}},"492":{"start":{"line":1019,"column":6},"end":{"line":1019,"column":34}},"493":{"start":{"line":1022,"column":4},"end":{"line":1022,"column":51}},"494":{"start":{"line":1023,"column":4},"end":{"line":1023,"column":31}},"495":{"start":{"line":1024,"column":4},"end":{"line":1024,"column":46}},"496":{"start":{"line":1026,"column":4},"end":{"line":1026,"column":60}},"497":{"start":{"line":1027,"column":4},"end":{"line":1031,"column":7}},"498":{"start":{"line":1035,"column":22},"end":{"line":1084,"column":1}},"499":{"start":{"line":1036,"column":2},"end":{"line":1083,"column":3}},"500":{"start":{"line":1037,"column":26},"end":{"line":1037,"column":36}},"501":{"start":{"line":1038,"column":19},"end":{"line":1038,"column":30}},"502":{"start":{"line":1040,"column":4},"end":{"line":1042,"column":5}},"503":{"start":{"line":1041,"column":6},"end":{"line":1041,"column":84}},"504":{"start":{"line":1044,"column":20},"end":{"line":1044,"column":58}},"505":{"start":{"line":1045,"column":4},"end":{"line":1047,"column":5}},"506":{"start":{"line":1046,"column":6},"end":{"line":1046,"column":84}},"507":{"start":{"line":1049,"column":33},"end":{"line":1049,"column":93}},"508":{"start":{"line":1050,"column":4},"end":{"line":1056,"column":5}},"509":{"start":{"line":1051,"column":6},"end":{"line":1055,"column":9}},"510":{"start":{"line":1058,"column":25},"end":{"line":1058,"column":84}},"511":{"start":{"line":1059,"column":4},"end":{"line":1059,"column":44}},"512":{"start":{"line":1060,"column":4},"end":{"line":1060,"column":75}},"513":{"start":{"line":1061,"column":4},"end":{"line":1066,"column":46}},"514":{"start":{"line":1067,"column":4},"end":{"line":1067,"column":25}},"515":{"start":{"line":1068,"column":4},"end":{"line":1068,"column":60}},"516":{"start":{"line":1069,"column":4},"end":{"line":1069,"column":48}},"517":{"start":{"line":1071,"column":4},"end":{"line":1075,"column":7}},"518":{"start":{"line":1077,"column":4},"end":{"line":1077,"column":62}},"519":{"start":{"line":1078,"column":4},"end":{"line":1082,"column":7}},"520":{"start":{"line":1086,"column":27},"end":{"line":1128,"column":1}},"521":{"start":{"line":1087,"column":2},"end":{"line":1127,"column":3}},"522":{"start":{"line":1088,"column":26},"end":{"line":1088,"column":36}},"523":{"start":{"line":1089,"column":19},"end":{"line":1089,"column":30}},"524":{"start":{"line":1091,"column":4},"end":{"line":1093,"column":5}},"525":{"start":{"line":1092,"column":6},"end":{"line":1092,"column":84}},"526":{"start":{"line":1095,"column":24},"end":{"line":1095,"column":93}},"527":{"start":{"line":1096,"column":4},"end":{"line":1098,"column":5}},"528":{"start":{"line":1097,"column":6},"end":{"line":1097,"column":90}},"529":{"start":{"line":1100,"column":20},"end":{"line":1100,"column":58}},"530":{"start":{"line":1101,"column":4},"end":{"line":1113,"column":5}},"531":{"start":{"line":1102,"column":6},"end":{"line":1102,"column":46}},"532":{"start":{"line":1103,"column":6},"end":{"line":1103,"column":90}},"533":{"start":{"line":1104,"column":6},"end":{"line":1109,"column":48}},"534":{"start":{"line":1110,"column":6},"end":{"line":1110,"column":27}},"535":{"start":{"line":1111,"column":6},"end":{"line":1111,"column":62}},"536":{"start":{"line":1112,"column":6},"end":{"line":1112,"column":50}},"537":{"start":{"line":1115,"column":4},"end":{"line":1119,"column":7}},"538":{"start":{"line":1121,"column":4},"end":{"line":1121,"column":66}},"539":{"start":{"line":1122,"column":4},"end":{"line":1126,"column":7}},"540":{"start":{"line":1130,"column":20},"end":{"line":1160,"column":1}},"541":{"start":{"line":1131,"column":2},"end":{"line":1159,"column":3}},"542":{"start":{"line":1132,"column":19},"end":{"line":1132,"column":30}},"543":{"start":{"line":1133,"column":16},"end":{"line":1133,"column":71}},"544":{"start":{"line":1135,"column":4},"end":{"line":1137,"column":5}},"545":{"start":{"line":1136,"column":6},"end":{"line":1136,"column":40}},"546":{"start":{"line":1139,"column":26},"end":{"line":1139,"column":93}},"547":{"start":{"line":1140,"column":17},"end":{"line":1145,"column":10}},"548":{"start":{"line":1141,"column":37},"end":{"line":1144,"column":7}},"549":{"start":{"line":1147,"column":4},"end":{"line":1151,"column":7}},"550":{"start":{"line":1153,"column":4},"end":{"line":1153,"column":53}},"551":{"start":{"line":1154,"column":4},"end":{"line":1158,"column":7}},"552":{"start":{"line":1162,"column":0},"end":{"line":1179,"column":2}}},"fnMap":{"0":{"name":"(anonymous_0)","decl":{"start":{"line":26,"column":18},"end":{"line":26,"column":19}},"loc":{"start":{"line":26,"column":28},"end":{"line":40,"column":1}},"line":26},"1":{"name":"(anonymous_1)","decl":{"start":{"line":30,"column":20},"end":{"line":30,"column":21}},"loc":{"start":{"line":30,"column":29},"end":{"line":30,"column":64}},"line":30},"2":{"name":"(anonymous_2)","decl":{"start":{"line":38,"column":9},"end":{"line":38,"column":10}},"loc":{"start":{"line":38,"column":18},"end":{"line":38,"column":42}},"line":38},"3":{"name":"(anonymous_3)","decl":{"start":{"line":42,"column":23},"end":{"line":42,"column":24}},"loc":{"start":{"line":42,"column":34},"end":{"line":52,"column":1}},"line":42},"4":{"name":"(anonymous_4)","decl":{"start":{"line":50,"column":43},"end":{"line":50,"column":44}},"loc":{"start":{"line":50,"column":53},"end":{"line":50,"column":64}},"line":50},"5":{"name":"(anonymous_5)","decl":{"start":{"line":54,"column":25},"end":{"line":54,"column":26}},"loc":{"start":{"line":54,"column":35},"end":{"line":62,"column":1}},"line":54},"6":{"name":"(anonymous_6)","decl":{"start":{"line":64,"column":23},"end":{"line":64,"column":24}},"loc":{"start":{"line":64,"column":40},"end":{"line":68,"column":1}},"line":64},"7":{"name":"(anonymous_7)","decl":{"start":{"line":70,"column":21},"end":{"line":70,"column":22}},"loc":{"start":{"line":70,"column":34},"end":{"line":70,"column":91}},"line":70},"8":{"name":"(anonymous_8)","decl":{"start":{"line":72,"column":23},"end":{"line":72,"column":24}},"loc":{"start":{"line":72,"column":36},"end":{"line":78,"column":1}},"line":72},"9":{"name":"(anonymous_9)","decl":{"start":{"line":80,"column":30},"end":{"line":80,"column":31}},"loc":{"start":{"line":80,"column":43},"end":{"line":95,"column":1}},"line":80},"10":{"name":"(anonymous_10)","decl":{"start":{"line":88,"column":35},"end":{"line":88,"column":36}},"loc":{"start":{"line":88,"column":53},"end":{"line":88,"column":87}},"line":88},"11":{"name":"(anonymous_11)","decl":{"start":{"line":97,"column":25},"end":{"line":97,"column":26}},"loc":{"start":{"line":97,"column":38},"end":{"line":104,"column":1}},"line":97},"12":{"name":"(anonymous_12)","decl":{"start":{"line":106,"column":28},"end":{"line":106,"column":29}},"loc":{"start":{"line":106,"column":44},"end":{"line":111,"column":1}},"line":106},"13":{"name":"(anonymous_13)","decl":{"start":{"line":113,"column":28},"end":{"line":113,"column":29}},"loc":{"start":{"line":113,"column":57},"end":{"line":134,"column":1}},"line":113},"14":{"name":"(anonymous_14)","decl":{"start":{"line":136,"column":33},"end":{"line":136,"column":34}},"loc":{"start":{"line":136,"column":69},"end":{"line":158,"column":1}},"line":136},"15":{"name":"(anonymous_15)","decl":{"start":{"line":160,"column":28},"end":{"line":160,"column":29}},"loc":{"start":{"line":160,"column":70},"end":{"line":167,"column":1}},"line":160},"16":{"name":"(anonymous_16)","decl":{"start":{"line":169,"column":31},"end":{"line":169,"column":32}},"loc":{"start":{"line":169,"column":62},"end":{"line":185,"column":1}},"line":169},"17":{"name":"(anonymous_17)","decl":{"start":{"line":177,"column":31},"end":{"line":177,"column":32}},"loc":{"start":{"line":177,"column":40},"end":{"line":177,"column":80}},"line":177},"18":{"name":"(anonymous_18)","decl":{"start":{"line":181,"column":31},"end":{"line":181,"column":32}},"loc":{"start":{"line":181,"column":40},"end":{"line":181,"column":85}},"line":181},"19":{"name":"(anonymous_19)","decl":{"start":{"line":183,"column":31},"end":{"line":183,"column":32}},"loc":{"start":{"line":183,"column":40},"end":{"line":183,"column":78}},"line":183},"20":{"name":"(anonymous_20)","decl":{"start":{"line":187,"column":27},"end":{"line":187,"column":28}},"loc":{"start":{"line":187,"column":61},"end":{"line":228,"column":1}},"line":187},"21":{"name":"(anonymous_21)","decl":{"start":{"line":230,"column":22},"end":{"line":230,"column":23}},"loc":{"start":{"line":230,"column":38},"end":{"line":236,"column":1}},"line":230},"22":{"name":"(anonymous_22)","decl":{"start":{"line":238,"column":16},"end":{"line":238,"column":17}},"loc":{"start":{"line":238,"column":40},"end":{"line":238,"column":76}},"line":238},"23":{"name":"(anonymous_23)","decl":{"start":{"line":240,"column":21},"end":{"line":240,"column":22}},"loc":{"start":{"line":240,"column":78},"end":{"line":252,"column":1}},"line":240},"24":{"name":"(anonymous_24)","decl":{"start":{"line":250,"column":19},"end":{"line":250,"column":20}},"loc":{"start":{"line":250,"column":32},"end":{"line":250,"column":76}},"line":250},"25":{"name":"(anonymous_25)","decl":{"start":{"line":254,"column":22},"end":{"line":254,"column":23}},"loc":{"start":{"line":254,"column":40},"end":{"line":260,"column":1}},"line":254},"26":{"name":"(anonymous_26)","decl":{"start":{"line":262,"column":28},"end":{"line":262,"column":29}},"loc":{"start":{"line":262,"column":42},"end":{"line":269,"column":1}},"line":262},"27":{"name":"(anonymous_27)","decl":{"start":{"line":271,"column":26},"end":{"line":271,"column":27}},"loc":{"start":{"line":271,"column":39},"end":{"line":271,"column":97}},"line":271},"28":{"name":"(anonymous_28)","decl":{"start":{"line":273,"column":28},"end":{"line":273,"column":29}},"loc":{"start":{"line":273,"column":56},"end":{"line":311,"column":1}},"line":273},"29":{"name":"(anonymous_29)","decl":{"start":{"line":313,"column":31},"end":{"line":313,"column":32}},"loc":{"start":{"line":313,"column":50},"end":{"line":319,"column":1}},"line":313},"30":{"name":"(anonymous_30)","decl":{"start":{"line":321,"column":29},"end":{"line":321,"column":30}},"loc":{"start":{"line":321,"column":41},"end":{"line":321,"column":68}},"line":321},"31":{"name":"(anonymous_31)","decl":{"start":{"line":323,"column":22},"end":{"line":323,"column":23}},"loc":{"start":{"line":323,"column":42},"end":{"line":386,"column":1}},"line":323},"32":{"name":"(anonymous_32)","decl":{"start":{"line":347,"column":22},"end":{"line":347,"column":23}},"loc":{"start":{"line":347,"column":32},"end":{"line":347,"column":80}},"line":347},"33":{"name":"(anonymous_33)","decl":{"start":{"line":388,"column":26},"end":{"line":388,"column":27}},"loc":{"start":{"line":388,"column":46},"end":{"line":430,"column":1}},"line":388},"34":{"name":"(anonymous_34)","decl":{"start":{"line":403,"column":55},"end":{"line":403,"column":56}},"loc":{"start":{"line":403,"column":65},"end":{"line":403,"column":89}},"line":403},"35":{"name":"(anonymous_35)","decl":{"start":{"line":432,"column":29},"end":{"line":432,"column":30}},"loc":{"start":{"line":432,"column":49},"end":{"line":485,"column":1}},"line":432},"36":{"name":"(anonymous_36)","decl":{"start":{"line":448,"column":38},"end":{"line":448,"column":39}},"loc":{"start":{"line":448,"column":48},"end":{"line":448,"column":123}},"line":448},"37":{"name":"(anonymous_37)","decl":{"start":{"line":455,"column":55},"end":{"line":455,"column":56}},"loc":{"start":{"line":456,"column":6},"end":{"line":456,"column":101}},"line":456},"38":{"name":"(anonymous_38)","decl":{"start":{"line":487,"column":20},"end":{"line":487,"column":21}},"loc":{"start":{"line":487,"column":40},"end":{"line":535,"column":1}},"line":487},"39":{"name":"(anonymous_39)","decl":{"start":{"line":537,"column":24},"end":{"line":537,"column":25}},"loc":{"start":{"line":537,"column":44},"end":{"line":582,"column":1}},"line":537},"40":{"name":"(anonymous_40)","decl":{"start":{"line":540,"column":46},"end":{"line":540,"column":47}},"loc":{"start":{"line":540,"column":54},"end":{"line":540,"column":89}},"line":540},"41":{"name":"(anonymous_41)","decl":{"start":{"line":566,"column":13},"end":{"line":566,"column":14}},"loc":{"start":{"line":566,"column":21},"end":{"line":566,"column":102}},"line":566},"42":{"name":"(anonymous_42)","decl":{"start":{"line":566,"column":35},"end":{"line":566,"column":36}},"loc":{"start":{"line":566,"column":48},"end":{"line":566,"column":101}},"line":566},"43":{"name":"(anonymous_43)","decl":{"start":{"line":584,"column":23},"end":{"line":584,"column":24}},"loc":{"start":{"line":584,"column":43},"end":{"line":629,"column":1}},"line":584},"44":{"name":"(anonymous_44)","decl":{"start":{"line":631,"column":25},"end":{"line":631,"column":26}},"loc":{"start":{"line":631,"column":45},"end":{"line":680,"column":1}},"line":631},"45":{"name":"(anonymous_45)","decl":{"start":{"line":657,"column":47},"end":{"line":657,"column":48}},"loc":{"start":{"line":657,"column":62},"end":{"line":657,"column":100}},"line":657},"46":{"name":"(anonymous_46)","decl":{"start":{"line":682,"column":34},"end":{"line":682,"column":35}},"loc":{"start":{"line":682,"column":54},"end":{"line":715,"column":1}},"line":682},"47":{"name":"(anonymous_47)","decl":{"start":{"line":686,"column":32},"end":{"line":686,"column":33}},"loc":{"start":{"line":686,"column":40},"end":{"line":686,"column":75}},"line":686},"48":{"name":"(anonymous_48)","decl":{"start":{"line":698,"column":11},"end":{"line":698,"column":12}},"loc":{"start":{"line":698,"column":19},"end":{"line":698,"column":100}},"line":698},"49":{"name":"(anonymous_49)","decl":{"start":{"line":698,"column":33},"end":{"line":698,"column":34}},"loc":{"start":{"line":698,"column":46},"end":{"line":698,"column":99}},"line":698},"50":{"name":"(anonymous_50)","decl":{"start":{"line":717,"column":27},"end":{"line":717,"column":28}},"loc":{"start":{"line":717,"column":47},"end":{"line":764,"column":1}},"line":717},"51":{"name":"(anonymous_51)","decl":{"start":{"line":766,"column":28},"end":{"line":766,"column":29}},"loc":{"start":{"line":766,"column":48},"end":{"line":800,"column":1}},"line":766},"52":{"name":"(anonymous_52)","decl":{"start":{"line":802,"column":22},"end":{"line":802,"column":23}},"loc":{"start":{"line":802,"column":42},"end":{"line":917,"column":1}},"line":802},"53":{"name":"(anonymous_53)","decl":{"start":{"line":877,"column":58},"end":{"line":877,"column":59}},"loc":{"start":{"line":877,"column":69},"end":{"line":877,"column":102}},"line":877},"54":{"name":"(anonymous_54)","decl":{"start":{"line":878,"column":53},"end":{"line":878,"column":54}},"loc":{"start":{"line":878,"column":64},"end":{"line":878,"column":98}},"line":878},"55":{"name":"(anonymous_55)","decl":{"start":{"line":881,"column":26},"end":{"line":881,"column":27}},"loc":{"start":{"line":882,"column":10},"end":{"line":882,"column":87}},"line":882},"56":{"name":"(anonymous_56)","decl":{"start":{"line":882,"column":56},"end":{"line":882,"column":57}},"loc":{"start":{"line":882,"column":62},"end":{"line":882,"column":66}},"line":882},"57":{"name":"(anonymous_57)","decl":{"start":{"line":889,"column":22},"end":{"line":889,"column":23}},"loc":{"start":{"line":889,"column":32},"end":{"line":889,"column":80}},"line":889},"58":{"name":"(anonymous_58)","decl":{"start":{"line":919,"column":22},"end":{"line":919,"column":23}},"loc":{"start":{"line":919,"column":42},"end":{"line":981,"column":1}},"line":919},"59":{"name":"(anonymous_59)","decl":{"start":{"line":983,"column":28},"end":{"line":983,"column":29}},"loc":{"start":{"line":983,"column":48},"end":{"line":1033,"column":1}},"line":983},"60":{"name":"(anonymous_60)","decl":{"start":{"line":1035,"column":22},"end":{"line":1035,"column":23}},"loc":{"start":{"line":1035,"column":42},"end":{"line":1084,"column":1}},"line":1035},"61":{"name":"(anonymous_61)","decl":{"start":{"line":1086,"column":27},"end":{"line":1086,"column":28}},"loc":{"start":{"line":1086,"column":47},"end":{"line":1128,"column":1}},"line":1086},"62":{"name":"(anonymous_62)","decl":{"start":{"line":1130,"column":20},"end":{"line":1130,"column":21}},"loc":{"start":{"line":1130,"column":40},"end":{"line":1160,"column":1}},"line":1130},"63":{"name":"(anonymous_63)","decl":{"start":{"line":1141,"column":26},"end":{"line":1141,"column":27}},"loc":{"start":{"line":1141,"column":37},"end":{"line":1144,"column":7}},"line":1141}},"branchMap":{"0":{"loc":{"start":{"line":9,"column":28},"end":{"line":9,"column":72}},"type":"binary-expr","locations":[{"start":{"line":9,"column":28},"end":{"line":9,"column":67}},{"start":{"line":9,"column":71},"end":{"line":9,"column":72}}],"line":9},"1":{"loc":{"start":{"line":10,"column":30},"end":{"line":10,"column":77}},"type":"binary-expr","locations":[{"start":{"line":10,"column":30},"end":{"line":10,"column":71}},{"start":{"line":10,"column":75},"end":{"line":10,"column":77}}],"line":10},"2":{"loc":{"start":{"line":27,"column":2},"end":{"line":27,"column":23}},"type":"if","locations":[{"start":{"line":27,"column":2},"end":{"line":27,"column":23}},{"start":{},"end":{}}],"line":27},"3":{"loc":{"start":{"line":29,"column":2},"end":{"line":31,"column":3}},"type":"if","locations":[{"start":{"line":29,"column":2},"end":{"line":31,"column":3}},{"start":{},"end":{}}],"line":29},"4":{"loc":{"start":{"line":43,"column":2},"end":{"line":43,"column":24}},"type":"if","locations":[{"start":{"line":43,"column":2},"end":{"line":43,"column":24}},{"start":{},"end":{}}],"line":43},"5":{"loc":{"start":{"line":44,"column":2},"end":{"line":44,"column":41}},"type":"if","locations":[{"start":{"line":44,"column":2},"end":{"line":44,"column":41}},{"start":{},"end":{}}],"line":44},"6":{"loc":{"start":{"line":48,"column":11},"end":{"line":48,"column":46}},"type":"cond-expr","locations":[{"start":{"line":48,"column":35},"end":{"line":48,"column":41}},{"start":{"line":48,"column":44},"end":{"line":48,"column":46}}],"line":48},"7":{"loc":{"start":{"line":55,"column":22},"end":{"line":55,"column":80}},"type":"binary-expr","locations":[{"start":{"line":55,"column":22},"end":{"line":55,"column":33}},{"start":{"line":55,"column":37},"end":{"line":55,"column":57}},{"start":{"line":55,"column":61},"end":{"line":55,"column":80}}],"line":55},"8":{"loc":{"start":{"line":56,"column":24},"end":{"line":56,"column":97}},"type":"binary-expr","locations":[{"start":{"line":56,"column":24},"end":{"line":56,"column":37}},{"start":{"line":56,"column":41},"end":{"line":56,"column":63}},{"start":{"line":56,"column":67},"end":{"line":56,"column":88}},{"start":{"line":56,"column":92},"end":{"line":56,"column":97}}],"line":56},"9":{"loc":{"start":{"line":64,"column":24},"end":{"line":64,"column":34}},"type":"default-arg","locations":[{"start":{"line":64,"column":32},"end":{"line":64,"column":34}}],"line":64},"10":{"loc":{"start":{"line":65,"column":6},"end":{"line":65,"column":30}},"type":"binary-expr","locations":[{"start":{"line":65,"column":6},"end":{"line":65,"column":18}},{"start":{"line":65,"column":22},"end":{"line":65,"column":30}}],"line":65},"11":{"loc":{"start":{"line":67,"column":13},"end":{"line":67,"column":63}},"type":"binary-expr","locations":[{"start":{"line":67,"column":13},"end":{"line":67,"column":31}},{"start":{"line":67,"column":35},"end":{"line":67,"column":50}},{"start":{"line":67,"column":54},"end":{"line":67,"column":63}}],"line":67},"12":{"loc":{"start":{"line":70,"column":34},"end":{"line":70,"column":91}},"type":"binary-expr","locations":[{"start":{"line":70,"column":34},"end":{"line":70,"column":60}},{"start":{"line":70,"column":64},"end":{"line":70,"column":76}},{"start":{"line":70,"column":80},"end":{"line":70,"column":91}}],"line":70},"13":{"loc":{"start":{"line":73,"column":2},"end":{"line":73,"column":31}},"type":"if","locations":[{"start":{"line":73,"column":2},"end":{"line":73,"column":31}},{"start":{},"end":{}}],"line":73},"14":{"loc":{"start":{"line":74,"column":2},"end":{"line":76,"column":3}},"type":"if","locations":[{"start":{"line":74,"column":2},"end":{"line":76,"column":3}},{"start":{},"end":{}}],"line":74},"15":{"loc":{"start":{"line":81,"column":2},"end":{"line":83,"column":3}},"type":"if","locations":[{"start":{"line":81,"column":2},"end":{"line":83,"column":3}},{"start":{},"end":{}}],"line":81},"16":{"loc":{"start":{"line":81,"column":6},"end":{"line":81,"column":68}},"type":"binary-expr","locations":[{"start":{"line":81,"column":6},"end":{"line":81,"column":13}},{"start":{"line":81,"column":17},"end":{"line":81,"column":68}}],"line":81},"17":{"loc":{"start":{"line":86,"column":20},"end":{"line":86,"column":52}},"type":"binary-expr","locations":[{"start":{"line":86,"column":20},"end":{"line":86,"column":47}},{"start":{"line":86,"column":51},"end":{"line":86,"column":52}}],"line":86},"18":{"loc":{"start":{"line":87,"column":23},"end":{"line":89,"column":7}},"type":"cond-expr","locations":[{"start":{"line":88,"column":6},"end":{"line":88,"column":91}},{"start":{"line":89,"column":6},"end":{"line":89,"column":7}}],"line":87},"19":{"loc":{"start":{"line":88,"column":60},"end":{"line":88,"column":86}},"type":"binary-expr","locations":[{"start":{"line":88,"column":60},"end":{"line":88,"column":81}},{"start":{"line":88,"column":85},"end":{"line":88,"column":86}}],"line":88},"20":{"loc":{"start":{"line":92,"column":2},"end":{"line":92,"column":45}},"type":"if","locations":[{"start":{"line":92,"column":2},"end":{"line":92,"column":45}},{"start":{},"end":{}}],"line":92},"21":{"loc":{"start":{"line":93,"column":2},"end":{"line":93,"column":60}},"type":"if","locations":[{"start":{"line":93,"column":2},"end":{"line":93,"column":60}},{"start":{},"end":{}}],"line":93},"22":{"loc":{"start":{"line":98,"column":2},"end":{"line":98,"column":31}},"type":"if","locations":[{"start":{"line":98,"column":2},"end":{"line":98,"column":31}},{"start":{},"end":{}}],"line":98},"23":{"loc":{"start":{"line":106,"column":29},"end":{"line":106,"column":38}},"type":"default-arg","locations":[{"start":{"line":106,"column":36},"end":{"line":106,"column":38}}],"line":106},"24":{"loc":{"start":{"line":107,"column":6},"end":{"line":107,"column":25}},"type":"binary-expr","locations":[{"start":{"line":107,"column":6},"end":{"line":107,"column":13}},{"start":{"line":107,"column":17},"end":{"line":107,"column":25}}],"line":107},"25":{"loc":{"start":{"line":110,"column":8},"end":{"line":110,"column":29}},"type":"binary-expr","locations":[{"start":{"line":110,"column":8},"end":{"line":110,"column":17}},{"start":{"line":110,"column":21},"end":{"line":110,"column":29}}],"line":110},"26":{"loc":{"start":{"line":116,"column":2},"end":{"line":118,"column":3}},"type":"if","locations":[{"start":{"line":116,"column":2},"end":{"line":118,"column":3}},{"start":{},"end":{}}],"line":116},"27":{"loc":{"start":{"line":116,"column":6},"end":{"line":116,"column":71}},"type":"binary-expr","locations":[{"start":{"line":116,"column":6},"end":{"line":116,"column":19}},{"start":{"line":116,"column":23},"end":{"line":116,"column":42}},{"start":{"line":116,"column":46},"end":{"line":116,"column":71}}],"line":116},"28":{"loc":{"start":{"line":120,"column":26},"end":{"line":120,"column":100}},"type":"binary-expr","locations":[{"start":{"line":120,"column":26},"end":{"line":120,"column":50}},{"start":{"line":120,"column":54},"end":{"line":120,"column":77}},{"start":{"line":120,"column":81},"end":{"line":120,"column":100}}],"line":120},"29":{"loc":{"start":{"line":121,"column":2},"end":{"line":123,"column":3}},"type":"if","locations":[{"start":{"line":121,"column":2},"end":{"line":123,"column":3}},{"start":{},"end":{}}],"line":121},"30":{"loc":{"start":{"line":136,"column":54},"end":{"line":136,"column":64}},"type":"default-arg","locations":[{"start":{"line":136,"column":62},"end":{"line":136,"column":64}}],"line":136},"31":{"loc":{"start":{"line":142,"column":14},"end":{"line":142,"column":91}},"type":"binary-expr","locations":[{"start":{"line":142,"column":14},"end":{"line":142,"column":39}},{"start":{"line":142,"column":43},"end":{"line":142,"column":67}},{"start":{"line":142,"column":71},"end":{"line":142,"column":91}}],"line":142},"32":{"loc":{"start":{"line":148,"column":10},"end":{"line":148,"column":34}},"type":"binary-expr","locations":[{"start":{"line":148,"column":10},"end":{"line":148,"column":28}},{"start":{"line":148,"column":32},"end":{"line":148,"column":34}}],"line":148},"33":{"loc":{"start":{"line":149,"column":12},"end":{"line":149,"column":38}},"type":"binary-expr","locations":[{"start":{"line":149,"column":12},"end":{"line":149,"column":32}},{"start":{"line":149,"column":36},"end":{"line":149,"column":38}}],"line":149},"34":{"loc":{"start":{"line":152,"column":12},"end":{"line":152,"column":44}},"type":"binary-expr","locations":[{"start":{"line":152,"column":12},"end":{"line":152,"column":32}},{"start":{"line":152,"column":36},"end":{"line":152,"column":44}}],"line":152},"35":{"loc":{"start":{"line":160,"column":55},"end":{"line":160,"column":65}},"type":"default-arg","locations":[{"start":{"line":160,"column":63},"end":{"line":160,"column":65}}],"line":160},"36":{"loc":{"start":{"line":172,"column":4},"end":{"line":172,"column":45}},"type":"cond-expr","locations":[{"start":{"line":172,"column":16},"end":{"line":172,"column":38}},{"start":{"line":172,"column":41},"end":{"line":172,"column":45}}],"line":172},"37":{"loc":{"start":{"line":173,"column":4},"end":{"line":173,"column":51}},"type":"cond-expr","locations":[{"start":{"line":173,"column":15},"end":{"line":173,"column":44}},{"start":{"line":173,"column":47},"end":{"line":173,"column":51}}],"line":173},"38":{"loc":{"start":{"line":176,"column":2},"end":{"line":178,"column":3}},"type":"if","locations":[{"start":{"line":176,"column":2},"end":{"line":178,"column":3}},{"start":{},"end":{}}],"line":176},"39":{"loc":{"start":{"line":180,"column":2},"end":{"line":184,"column":3}},"type":"if","locations":[{"start":{"line":180,"column":2},"end":{"line":184,"column":3}},{"start":{"line":182,"column":9},"end":{"line":184,"column":3}}],"line":180},"40":{"loc":{"start":{"line":180,"column":6},"end":{"line":180,"column":74}},"type":"binary-expr","locations":[{"start":{"line":180,"column":6},"end":{"line":180,"column":25}},{"start":{"line":180,"column":29},"end":{"line":180,"column":74}}],"line":180},"41":{"loc":{"start":{"line":182,"column":9},"end":{"line":184,"column":3}},"type":"if","locations":[{"start":{"line":182,"column":9},"end":{"line":184,"column":3}},{"start":{},"end":{}}],"line":182},"42":{"loc":{"start":{"line":182,"column":13},"end":{"line":182,"column":67}},"type":"binary-expr","locations":[{"start":{"line":182,"column":13},"end":{"line":182,"column":25}},{"start":{"line":182,"column":29},"end":{"line":182,"column":67}}],"line":182},"43":{"loc":{"start":{"line":187,"column":28},"end":{"line":187,"column":38}},"type":"default-arg","locations":[{"start":{"line":187,"column":36},"end":{"line":187,"column":38}}],"line":187},"44":{"loc":{"start":{"line":187,"column":40},"end":{"line":187,"column":56}},"type":"default-arg","locations":[{"start":{"line":187,"column":54},"end":{"line":187,"column":56}}],"line":187},"45":{"loc":{"start":{"line":190,"column":2},"end":{"line":192,"column":3}},"type":"if","locations":[{"start":{"line":190,"column":2},"end":{"line":192,"column":3}},{"start":{},"end":{}}],"line":190},"46":{"loc":{"start":{"line":194,"column":2},"end":{"line":194,"column":51}},"type":"if","locations":[{"start":{"line":194,"column":2},"end":{"line":194,"column":51}},{"start":{},"end":{}}],"line":194},"47":{"loc":{"start":{"line":195,"column":2},"end":{"line":195,"column":55}},"type":"if","locations":[{"start":{"line":195,"column":2},"end":{"line":195,"column":55}},{"start":{},"end":{}}],"line":195},"48":{"loc":{"start":{"line":196,"column":2},"end":{"line":196,"column":46}},"type":"if","locations":[{"start":{"line":196,"column":2},"end":{"line":196,"column":46}},{"start":{},"end":{}}],"line":196},"49":{"loc":{"start":{"line":197,"column":2},"end":{"line":197,"column":66}},"type":"if","locations":[{"start":{"line":197,"column":2},"end":{"line":197,"column":66}},{"start":{},"end":{}}],"line":197},"50":{"loc":{"start":{"line":199,"column":19},"end":{"line":199,"column":51}},"type":"binary-expr","locations":[{"start":{"line":199,"column":19},"end":{"line":199,"column":33}},{"start":{"line":199,"column":37},"end":{"line":199,"column":51}}],"line":199},"51":{"loc":{"start":{"line":200,"column":19},"end":{"line":200,"column":51}},"type":"binary-expr","locations":[{"start":{"line":200,"column":19},"end":{"line":200,"column":33}},{"start":{"line":200,"column":37},"end":{"line":200,"column":51}}],"line":200},"52":{"loc":{"start":{"line":202,"column":2},"end":{"line":207,"column":3}},"type":"if","locations":[{"start":{"line":202,"column":2},"end":{"line":207,"column":3}},{"start":{},"end":{}}],"line":202},"53":{"loc":{"start":{"line":209,"column":2},"end":{"line":214,"column":3}},"type":"if","locations":[{"start":{"line":209,"column":2},"end":{"line":214,"column":3}},{"start":{},"end":{}}],"line":209},"54":{"loc":{"start":{"line":216,"column":2},"end":{"line":218,"column":3}},"type":"if","locations":[{"start":{"line":216,"column":2},"end":{"line":218,"column":3}},{"start":{},"end":{}}],"line":216},"55":{"loc":{"start":{"line":220,"column":2},"end":{"line":225,"column":3}},"type":"if","locations":[{"start":{"line":220,"column":2},"end":{"line":225,"column":3}},{"start":{},"end":{}}],"line":220},"56":{"loc":{"start":{"line":222,"column":4},"end":{"line":222,"column":58}},"type":"if","locations":[{"start":{"line":222,"column":4},"end":{"line":222,"column":58}},{"start":{},"end":{}}],"line":222},"57":{"loc":{"start":{"line":223,"column":4},"end":{"line":223,"column":91}},"type":"if","locations":[{"start":{"line":223,"column":4},"end":{"line":223,"column":91}},{"start":{},"end":{}}],"line":223},"58":{"loc":{"start":{"line":224,"column":4},"end":{"line":224,"column":81}},"type":"if","locations":[{"start":{"line":224,"column":4},"end":{"line":224,"column":81}},{"start":{},"end":{}}],"line":224},"59":{"loc":{"start":{"line":230,"column":23},"end":{"line":230,"column":33}},"type":"default-arg","locations":[{"start":{"line":230,"column":31},"end":{"line":230,"column":33}}],"line":230},"60":{"loc":{"start":{"line":231,"column":25},"end":{"line":231,"column":50}},"type":"binary-expr","locations":[{"start":{"line":231,"column":25},"end":{"line":231,"column":44}},{"start":{"line":231,"column":48},"end":{"line":231,"column":50}}],"line":231},"61":{"loc":{"start":{"line":232,"column":24},"end":{"line":232,"column":47}},"type":"binary-expr","locations":[{"start":{"line":232,"column":24},"end":{"line":232,"column":42}},{"start":{"line":232,"column":46},"end":{"line":232,"column":47}}],"line":232},"62":{"loc":{"start":{"line":233,"column":15},"end":{"line":233,"column":99}},"type":"cond-expr","locations":[{"start":{"line":233,"column":42},"end":{"line":233,"column":78}},{"start":{"line":233,"column":81},"end":{"line":233,"column":99}}],"line":233},"63":{"loc":{"start":{"line":233,"column":51},"end":{"line":233,"column":74}},"type":"binary-expr","locations":[{"start":{"line":233,"column":51},"end":{"line":233,"column":69}},{"start":{"line":233,"column":73},"end":{"line":233,"column":74}}],"line":233},"64":{"loc":{"start":{"line":238,"column":17},"end":{"line":238,"column":35}},"type":"default-arg","locations":[{"start":{"line":238,"column":27},"end":{"line":238,"column":35}}],"line":238},"65":{"loc":{"start":{"line":238,"column":40},"end":{"line":238,"column":76}},"type":"binary-expr","locations":[{"start":{"line":238,"column":40},"end":{"line":238,"column":57}},{"start":{"line":238,"column":61},"end":{"line":238,"column":76}}],"line":238},"66":{"loc":{"start":{"line":243,"column":2},"end":{"line":243,"column":65}},"type":"if","locations":[{"start":{"line":243,"column":2},"end":{"line":243,"column":65}},{"start":{},"end":{}}],"line":243},"67":{"loc":{"start":{"line":244,"column":2},"end":{"line":244,"column":65}},"type":"if","locations":[{"start":{"line":244,"column":2},"end":{"line":244,"column":65}},{"start":{},"end":{}}],"line":244},"68":{"loc":{"start":{"line":245,"column":2},"end":{"line":245,"column":68}},"type":"if","locations":[{"start":{"line":245,"column":2},"end":{"line":245,"column":68}},{"start":{},"end":{}}],"line":245},"69":{"loc":{"start":{"line":246,"column":2},"end":{"line":246,"column":100}},"type":"if","locations":[{"start":{"line":246,"column":2},"end":{"line":246,"column":100}},{"start":{},"end":{}}],"line":246},"70":{"loc":{"start":{"line":248,"column":19},"end":{"line":248,"column":86}},"type":"cond-expr","locations":[{"start":{"line":248,"column":54},"end":{"line":248,"column":72}},{"start":{"line":248,"column":75},"end":{"line":248,"column":86}}],"line":248},"71":{"loc":{"start":{"line":249,"column":9},"end":{"line":251,"column":8}},"type":"cond-expr","locations":[{"start":{"line":250,"column":6},"end":{"line":250,"column":77}},{"start":{"line":251,"column":6},"end":{"line":251,"column":8}}],"line":249},"72":{"loc":{"start":{"line":255,"column":2},"end":{"line":257,"column":3}},"type":"if","locations":[{"start":{"line":255,"column":2},"end":{"line":257,"column":3}},{"start":{},"end":{}}],"line":255},"73":{"loc":{"start":{"line":264,"column":2},"end":{"line":266,"column":3}},"type":"if","locations":[{"start":{"line":264,"column":2},"end":{"line":266,"column":3}},{"start":{},"end":{}}],"line":264},"74":{"loc":{"start":{"line":268,"column":9},"end":{"line":268,"column":64}},"type":"cond-expr","locations":[{"start":{"line":268,"column":44},"end":{"line":268,"column":56}},{"start":{"line":268,"column":59},"end":{"line":268,"column":64}}],"line":268},"75":{"loc":{"start":{"line":271,"column":39},"end":{"line":271,"column":97}},"type":"binary-expr","locations":[{"start":{"line":271,"column":39},"end":{"line":271,"column":68}},{"start":{"line":271,"column":72},"end":{"line":271,"column":97}}],"line":271},"76":{"loc":{"start":{"line":273,"column":29},"end":{"line":273,"column":38}},"type":"default-arg","locations":[{"start":{"line":273,"column":36},"end":{"line":273,"column":38}}],"line":273},"77":{"loc":{"start":{"line":274,"column":22},"end":{"line":274,"column":94}},"type":"binary-expr","locations":[{"start":{"line":274,"column":22},"end":{"line":274,"column":33}},{"start":{"line":274,"column":37},"end":{"line":274,"column":57}},{"start":{"line":274,"column":61},"end":{"line":274,"column":80}},{"start":{"line":274,"column":84},"end":{"line":274,"column":94}}],"line":274},"78":{"loc":{"start":{"line":275,"column":24},"end":{"line":275,"column":97}},"type":"binary-expr","locations":[{"start":{"line":275,"column":24},"end":{"line":275,"column":37}},{"start":{"line":275,"column":41},"end":{"line":275,"column":63}},{"start":{"line":275,"column":67},"end":{"line":275,"column":88}},{"start":{"line":275,"column":92},"end":{"line":275,"column":97}}],"line":275},"79":{"loc":{"start":{"line":276,"column":14},"end":{"line":276,"column":79}},"type":"cond-expr","locations":[{"start":{"line":276,"column":25},"end":{"line":276,"column":65}},{"start":{"line":276,"column":68},"end":{"line":276,"column":79}}],"line":276},"80":{"loc":{"start":{"line":278,"column":2},"end":{"line":280,"column":3}},"type":"if","locations":[{"start":{"line":278,"column":2},"end":{"line":280,"column":3}},{"start":{},"end":{}}],"line":278},"81":{"loc":{"start":{"line":282,"column":2},"end":{"line":284,"column":3}},"type":"if","locations":[{"start":{"line":282,"column":2},"end":{"line":284,"column":3}},{"start":{},"end":{}}],"line":282},"82":{"loc":{"start":{"line":290,"column":2},"end":{"line":292,"column":3}},"type":"if","locations":[{"start":{"line":290,"column":2},"end":{"line":292,"column":3}},{"start":{},"end":{}}],"line":290},"83":{"loc":{"start":{"line":290,"column":6},"end":{"line":290,"column":33}},"type":"binary-expr","locations":[{"start":{"line":290,"column":6},"end":{"line":290,"column":19}},{"start":{"line":290,"column":23},"end":{"line":290,"column":33}}],"line":290},"84":{"loc":{"start":{"line":294,"column":2},"end":{"line":296,"column":3}},"type":"if","locations":[{"start":{"line":294,"column":2},"end":{"line":296,"column":3}},{"start":{},"end":{}}],"line":294},"85":{"loc":{"start":{"line":298,"column":2},"end":{"line":300,"column":3}},"type":"if","locations":[{"start":{"line":298,"column":2},"end":{"line":300,"column":3}},{"start":{},"end":{}}],"line":298},"86":{"loc":{"start":{"line":298,"column":6},"end":{"line":298,"column":61}},"type":"binary-expr","locations":[{"start":{"line":298,"column":6},"end":{"line":298,"column":30}},{"start":{"line":298,"column":35},"end":{"line":298,"column":47}},{"start":{"line":298,"column":51},"end":{"line":298,"column":60}}],"line":298},"87":{"loc":{"start":{"line":309,"column":11},"end":{"line":309,"column":47}},"type":"cond-expr","locations":[{"sta
[...]
"66":{"start":{"line":119,"column":6},"end":{"line":119,"column":73}},"67":{"start":{"line":121,"column":6},"end":{"line":121,"column":30}},"68":{"start":{"line":126,"column":4},"end":{"line":126,"column":28}},"69":{"start":{"line":126,"column":21},"end":{"line":126,"column":28}},"70":{"start":{"line":128,"column":4},"end":{"line":146,"column":5}},"71":{"start":{"line":129,"column":6},"end":{"line":129,"column":55}},"72":{"start":{"line":129,"column":28},"end":{"line":129,"column":55}},"73":{"start":{"line":130,"column":6},"end":{"line":130,"column":40}},"74":{"start":{"line":132,"column":19},"end":{"line":132,"column":22}},"75":{"start":{"line":133,"column":6},"end":{"line":143,"column":31}},"76":{"start":{"line":134,"column":35},"end":{"line":140,"column":9}},"77":{"start":{"line":141,"column":8},"end":{"line":141,"column":28}},"78":{"start":{"line":142,"column":8},"end":{"line":142,"column":59}},"79":{"start":{"line":142,"column":29},"end":{"line":142,"column":59}},"80":{"start":{"line":145,"column":6},"end":{"line":145,"column":30}},"81":{"start":{"line":150,"column":16},"end":{"line":150,"column":26}},"82":{"start":{"line":151,"column":4},"end":{"line":153,"column":5}},"83":{"start":{"line":152,"column":6},"end":{"line":152,"column":63}},"84":{"start":{"line":152,"column":34},"end":{"line":152,"column":63}},"85":{"start":{"line":157,"column":4},"end":{"line":157,"column":74}},"86":{"start":{"line":157,"column":45},"end":{"line":157,"column":74}},"87":{"start":{"line":158,"column":4},"end":{"line":158,"column":102}},"88":{"start":{"line":158,"column":30},"end":{"line":158,"column":102}},"89":{"start":{"line":158,"column":61},"end":{"line":158,"column":87}},"90":{"start":{"line":160,"column":4},"end":{"line":163,"column":20}},"91":{"start":{"line":162,"column":20},"end":{"line":162,"column":80}},"92":{"start":{"line":167,"column":0},"end":{"line":167,"column":36}}},"fnMap":{"0":{"name":"(anonymous_0)","decl":{"start":{"line":14,"column":2},"end":{"line":14,"column":3}},"loc":{"start":{"line":14,"column":16},"end":{"line":44,"column":3}},"line":14},"1":{"name":"(anonymous_1)","decl":{"start":{"line":29,"column":31},"end":{"line":29,"column":32}},"loc":{"start":{"line":29,"column":37},"end":{"line":32,"column":7}},"line":29},"2":{"name":"(anonymous_2)","decl":{"start":{"line":34,"column":29},"end":{"line":34,"column":30}},"loc":{"start":{"line":34,"column":40},"end":{"line":37,"column":7}},"line":34},"3":{"name":"(anonymous_3)","decl":{"start":{"line":41,"column":39},"end":{"line":41,"column":40}},"loc":{"start":{"line":41,"column":45},"end":{"line":41,"column":74}},"line":41},"4":{"name":"(anonymous_4)","decl":{"start":{"line":46,"column":2},"end":{"line":46,"column":3}},"loc":{"start":{"line":46,"column":34},"end":{"line":50,"column":3}},"line":46},"5":{"name":"(anonymous_5)","decl":{"start":{"line":52,"column":2},"end":{"line":52,"column":3}},"loc":{"start":{"line":52,"column":17},"end":{"line":67,"column":3}},"line":52},"6":{"name":"(anonymous_6)","decl":{"start":{"line":69,"column":2},"end":{"line":69,"column":3}},"loc":{"start":{"line":69,"column":58},"end":{"line":77,"column":3}},"line":69},"7":{"name":"(anonymous_7)","decl":{"start":{"line":79,"column":2},"end":{"line":79,"column":3}},"loc":{"start":{"line":79,"column":25},"end":{"line":89,"column":3}},"line":79},"8":{"name":"(anonymous_8)","decl":{"start":{"line":91,"column":2},"end":{"line":91,"column":3}},"loc":{"start":{"line":91,"column":16},"end":{"line":93,"column":3}},"line":91},"9":{"name":"(anonymous_9)","decl":{"start":{"line":95,"column":2},"end":{"line":95,"column":3}},"loc":{"start":{"line":95,"column":14},"end":{"line":99,"column":3}},"line":95},"10":{"name":"(anonymous_10)","decl":{"start":{"line":101,"column":2},"end":{"line":101,"column":3}},"loc":{"start":{"line":101,"column":26},"end":{"line":112,"column":3}},"line":101},"11":{"name":"(anonymous_11)","decl":{"start":{"line":114,"column":2},"end":{"line":114,"column":3}},"loc":{"start":{"line":114,"column":43},"end":{"line":123,"column":3}},"line":114},"12":{"name":"(anonymous_12)","decl":{"start":{"line":125,"column":2},"end":{"line":125,"column":3}},"loc":{"start":{"line":125,"column":37},"end":{"line":147,"column":3}},"line":125},"13":{"name":"(anonymous_13)","decl":{"start":{"line":149,"column":2},"end":{"line":149,"column":3}},"loc":{"start":{"line":149,"column":27},"end":{"line":154,"column":3}},"line":149},"14":{"name":"(anonymous_14)","decl":{"start":{"line":156,"column":2},"end":{"line":156,"column":3}},"loc":{"start":{"line":156,"column":25},"end":{"line":164,"column":3}},"line":156},"15":{"name":"(anonymous_15)","decl":{"start":{"line":158,"column":51},"end":{"line":158,"column":52}},"loc":{"start":{"line":158,"column":61},"end":{"line":158,"column":87}},"line":158},"16":{"name":"(anonymous_16)","decl":{"start":{"line":162,"column":11},"end":{"line":162,"column":12}},"loc":{"start":{"line":162,"column":20},"end":{"line":162,"column":80}},"line":162}},"branchMap":{"0":{"loc":{"start":{"line":3,"column":28},"end":{"line":3,"column":80}},"type":"binary-expr","locations":[{"start":{"line":3,"column":28},"end":{"line":3,"column":73}},{"start":{"line":3,"column":77},"end":{"line":3,"column":80}}],"line":3},"1":{"loc":{"start":{"line":19,"column":4},"end":{"line":38,"column":5}},"type":"if","locations":[{"start":{"line":19,"column":4},"end":{"line":38,"column":5}},{"start":{},"end":{}}],"line":19},"2":{"loc":{"start":{"line":19,"column":8},"end":{"line":19,"column":74}},"type":"binary-expr","locations":[{"start":{"line":19,"column":8},"end":{"line":19,"column":13}},{"start":{"line":19,"column":17},"end":{"line":19,"column":48}},{"start":{"line":19,"column":52},"end":{"line":19,"column":74}}],"line":19},"3":{"loc":{"start":{"line":40,"column":4},"end":{"line":43,"column":5}},"type":"if","locations":[{"start":{"line":40,"column":4},"end":{"line":43,"column":5}},{"start":{},"end":{}}],"line":40},"4":{"loc":{"start":{"line":46,"column":22},"end":{"line":46,"column":32}},"type":"default-arg","locations":[{"start":{"line":46,"column":30},"end":{"line":46,"column":32}}],"line":46},"5":{"loc":{"start":{"line":53,"column":4},"end":{"line":53,"column":39}},"type":"if","locations":[{"start":{"line":53,"column":4},"end":{"line":53,"column":39}},{"start":{},"end":{}}],"line":53},"6":{"loc":{"start":{"line":56,"column":4},"end":{"line":56,"column":47}},"type":"if","locations":[{"start":{"line":56,"column":4},"end":{"line":56,"column":47}},{"start":{},"end":{}}],"line":56},"7":{"loc":{"start":{"line":59,"column":4},"end":{"line":59,"column":28}},"type":"if","locations":[{"start":{"line":59,"column":4},"end":{"line":59,"column":28}},{"start":{},"end":{}}],"line":59},"8":{"loc":{"start":{"line":61,"column":4},"end":{"line":64,"column":5}},"type":"if","locations":[{"start":{"line":61,"column":4},"end":{"line":64,"column":5}},{"start":{},"end":{}}],"line":61},"9":{"loc":{"start":{"line":69,"column":24},"end":{"line":69,"column":56}},"type":"default-arg","locations":[{"start":{"line":69,"column":37},"end":{"line":69,"column":56}}],"line":69},"10":{"loc":{"start":{"line":70,"column":4},"end":{"line":70,"column":34}},"type":"if","locations":[{"start":{"line":70,"column":4},"end":{"line":70,"column":34}},{"start":{},"end":{}}],"line":70},"11":{"loc":{"start":{"line":80,"column":4},"end":{"line":80,"column":34}},"type":"if","locations":[{"start":{"line":80,"column":4},"end":{"line":80,"column":34}},{"start":{},"end":{}}],"line":80},"12":{"loc":{"start":{"line":85,"column":6},"end":{"line":87,"column":7}},"type":"if","locations":[{"start":{"line":85,"column":6},"end":{"line":87,"column":7}},{"start":{},"end":{}}],"line":85},"13":{"loc":{"start":{"line":85,"column":10},"end":{"line":85,"column":66}},"type":"binary-expr","locations":[{"start":{"line":85,"column":10},"end":{"line":85,"column":29}},{"start":{"line":85,"column":33},"end":{"line":85,"column":66}}],"line":85},"14":{"loc":{"start":{"line":96,"column":4},"end":{"line":96,"column":68}},"type":"if","locations":[{"start":{"line":96,"column":4},"end":{"line":96,"column":68}},{"start":{},"end":{}}],"line":96},"15":{"loc":{"start":{"line":97,"column":4},"end":{"line":97,"column":102}},"type":"if","locations":[{"start":{"line":97,"column":4},"end":{"line":97,"column":102}},{"start":{},"end":{}}],"line":97},"16":{"loc":{"start":{"line":97,"column":8},"end":{"line":97,"column":87}},"type":"binary-expr","locations":[{"start":{"line":97,"column":8},"end":{"line":97,"column":39}},{"start":{"line":97,"column":43},"end":{"line":97,"column":87}}],"line":97},"17":{"loc":{"start":{"line":102,"column":4},"end":{"line":102,"column":33}},"type":"if","locations":[{"start":{"line":102,"column":4},"end":{"line":102,"column":33}},{"start":{},"end":{}}],"line":102},"18":{"loc":{"start":{"line":105,"column":6},"end":{"line":105,"column":55}},"type":"if","locations":[{"start":{"line":105,"column":6},"end":{"line":105,"column":55}},{"start":{},"end":{}}],"line":105},"19":{"loc":{"start":{"line":107,"column":13},"end":{"line":107,"column":41}},"type":"cond-expr","locations":[{"start":{"line":107,"column":19},"end":{"line":107,"column":34}},{"start":{"line":107,"column":37},"end":{"line":107,"column":41}}],"line":107},"20":{"loc":{"start":{"line":115,"column":4},"end":{"line":115,"column":28}},"type":"if","locations":[{"start":{"line":115,"column":4},"end":{"line":115,"column":28}},{"start":{},"end":{}}],"line":115},"21":{"loc":{"start":{"line":118,"column":6},"end":{"line":118,"column":55}},"type":"if","locations":[{"start":{"line":118,"column":6},"end":{"line":118,"column":55}},{"start":{},"end":{}}],"line":118},"22":{"loc":{"start":{"line":126,"column":4},"end":{"line":126,"column":28}},"type":"if","locations":[{"start":{"line":126,"column":4},"end":{"line":126,"column":28}},{"start":{},"end":{}}],"line":126},"23":{"loc":{"start":{"line":129,"column":6},"end":{"line":129,"column":55}},"type":"if","locations":[{"start":{"line":129,"column":6},"end":{"line":129,"column":55}},{"start":{},"end":{}}],"line":129},"24":{"loc":{"start":{"line":142,"column":8},"end":{"line":142,"column":59}},"type":"if","locations":[{"start":{"line":142,"column":8},"end":{"line":142,"column":59}},{"start":{},"end":{}}],"line":142},"25":{"loc":{"start":{"line":152,"column":6},"end":{"line":152,"column":63}},"type":"if","locations":[{"start":{"line":152,"column":6},"end":{"line":152,"column":63}},{"start":{},"end":{}}],"line":152},"26":{"loc":{"start":{"line":157,"column":4},"end":{"line":157,"column":74}},"type":"if","locations":[{"start":{"line":157,"column":4},"end":{"line":157,"column":74}},{"start":{},"end":{}}],"line":157},"27":{"loc":{"start":{"line":157,"column":8},"end":{"line":157,"column":43}},"type":"binary-expr","locations":[{"start":{"line":157,"column":8},"end":{"line":157,"column":14}},{"start":{"line":157,"column":18},"end":{"line":157,"column":43}}],"line":157},"28":{"loc":{"start":{"line":158,"column":4},"end":{"line":158,"column":102}},"type":"if","locations":[{"start":{"line":158,"column":4},"end":{"line":158,"column":102}},{"start":{},"end":{}}],"line":158}},"s":{"0":9,"1":9,"2":9,"3":9,"4":9,"5":9,"6":9,"7":9,"8":9,"9":9,"10":0,"11":0,"12":0,"13":0,"14":0,"15":0,"16":0,"17":9,"18":0,"19":0,"20":0,"21":63,"22":63,"23":63,"24":102,"25":91,"26":11,"27":11,"28":0,"29":11,"30":11,"31":6,"32":5,"33":1,"34":1,"35":4,"36":85,"37":76,"38":9,"39":9,"40":256,"41":237,"42":19,"43":19,"44":7,"45":2,"46":244,"47":443,"48":2,"49":441,"50":402,"51":39,"52":11,"53":11,"54":0,"55":0,"56":0,"57":0,"58":0,"59":0,"60":0,"61":9,"62":9,"63":0,"64":0,"65":0,"66":0,"67":0,"68":19,"69":19,"70":0,"71":0,"72":0,"73":0,"74":0,"75":0,"76":0,"77":0,"78":0,"79":0,"80":0,"81":0,"82":0,"83":0,"84":0,"85":129,"86":65,"87":64,"88":1,"89":2,"90":63,"91":64,"92":9},"f":{"0":9,"1":0,"2":0,"3":0,"4":63,"5":102,"6":85,"7":256,"8":244,"9":443,"10":11,"11":9,"12":19,"13":0,"14":129,"15":2,"16":64},"b":{"0":[9,9],"1":[0,9],"2":[9,0,0],"3":[0,9],"4":[0],"5":[91,11],"6":[0,11],"7":[6,5],"8":[1,4],"9":[76],"10":[76,9],"11":[237,19],"12":[2,5],"13":[7,7],"14":[2,441],"15":[402,39],"16":[441,441],"17":[11,0],"18":[0,0],"19":[0,0],"20":[9,0],"21":[0,0],"22":[19,0],"23":[0,0],"24":[0,0],"25":[0,0],"26":[65,64],"27":[129,129],"28":[1,63]},"_coverageSchema":"1a1c01bbd47fc00a2c39e90264f33305004495a9","hash":"c45f049fba6b28aae86235cf31da46851bdab6f4"}
,"/Users/shivachoudhry/Downloads/Ai-VendorHub/product/src/services/imagekit.service.js": {"path":"/Users/shivachoudhry/Downloads/Ai-VendorHub/product/src/services/imagekit.service.js","statementMap":{"0":{"start":{"line":1,"column":17},"end":{"line":1,"column":36}},"1":{"start":{"line":4,"column":17},"end":{"line":8,"column":2}},"2":{"start":{"line":18,"column":25},"end":{"line":28,"column":1}},"3":{"start":{"line":19,"column":2},"end":{"line":27,"column":3}},"4":{"start":{"line":20,"column":21},"end":{"line":23,"column":6}},"5":{"start":{"line":24,"column":4},"end":{"line":24,"column":20}},"6":{"start":{"line":26,"column":4},"end":{"line":26,"column":64}},"7":{"start":{"line":35,"column":27},"end":{"line":41,"column":1}},"8":{"start":{"line":36,"column":2},"end":{"line":40,"column":3}},"9":{"start":{"line":37,"column":4},"end":{"line":37,"column":38}},"10":{"start":{"line":39,"column":4},"end":{"line":39,"column":64}},"11":{"start":{"line":43,"column":0},"end":{"line":47,"column":2}}},"fnMap":{"0":{"name":"(anonymous_0)","decl":{"start":{"line":18,"column":25},"end":{"line":18,"column":26}},"loc":{"start":{"line":18,"column":57},"end":{"line":28,"column":1}},"line":18},"1":{"name":"(anonymous_1)","decl":{"start":{"line":35,"column":27},"end":{"line":35,"column":28}},"loc":{"start":{"line":35,"column":45},"end":{"line":41,"column":1}},"line":35}},"branchMap":{},"s":{"0":7,"1":7,"2":7,"3":0,"4":0,"5":0,"6":0,"7":7,"8":0,"9":0,"10":0,"11":7},"f":{"0":0,"1":0},"b":{},"_coverageSchema":"1a1c01bbd47fc00a2c39e90264f33305004495a9","hash":"cfa20f77f4809c1fbf65aaa45c04a4574918d52e"}
,"/Users/shivachoudhry/Downloads/Ai-VendorHub/product/src/validators/product.validator.js": {"path":"/Users/shivachoudhry/Downloads/Ai-VendorHub/product/src/validators/product.validator.js","statementMap":{"0":{"start":{"line":1,"column":35},"end":{"line":1,"column":63}},"1":{"start":{"line":7,"column":28},"end":{"line":29,"column":1}},"2":{"start":{"line":8,"column":2},"end":{"line":27,"column":3}},"3":{"start":{"line":10,"column":4},"end":{"line":17,"column":5}},"4":{"start":{"line":11,"column":6},"end":{"line":14,"column":8}},"5":{"start":{"line":15,"column":6},"end":{"line":15,"column":29}},"6":{"start":{"line":16,"column":6},"end":{"line":16,"column":31}},"7":{"start":{"line":19,"column":4},"end":{"line":26,"column":5}},"8":{"start":{"line":20,"column":6},"end":{"line":23,"column":8}},"9":{"start":{"line":24,"column":6},"end":{"line":24,"column":38}},"10":{"start":{"line":25,"column":6},"end":{"line":25,"column":40}},"11":{"start":{"line":28,"column":2},"end":{"line":28,"column":9}},"12":{"start":{"line":34,"column":31},"end":{"line":50,"column":1}},"13":{"start":{"line":35,"column":17},"end":{"line":35,"column":38}},"14":{"start":{"line":37,"column":2},"end":{"line":47,"column":3}},"15":{"start":{"line":38,"column":4},"end":{"line":46,"column":7}},"16":{"start":{"line":41,"column":45},"end":{"line":45,"column":7}},"17":{"start":{"line":49,"column":2},"end":{"line":49,"column":9}},"18":{"start":{"line":56,"column":32},"end":{"line":115,"column":1}},"19":{"start":{"line":73,"column":6},"end":{"line":75,"column":7}},"20":{"start":{"line":74,"column":8},"end":{"line":74,"column":60}},"21":{"start":{"line":76,"column":6},"end":{"line":76,"column":18}},"22":{"start":{"line":101,"column":6},"end":{"line":103,"column":7}},"23":{"start":{"line":102,"column":8},"end":{"line":102,"column":63}},"24":{"start":{"line":104,"column":6},"end":{"line":104,"column":18}},"25":{"start":{"line":119,"column":0},"end":{"line":123,"column":2}}},"fnMap":{"0":{"name":"(anonymous_0)","decl":{"start":{"line":7,"column":28},"end":{"line":7,"column":29}},"loc":{"start":{"line":7,"column":48},"end":{"line":29,"column":1}},"line":7},"1":{"name":"(anonymous_1)","decl":{"start":{"line":34,"column":31},"end":{"line":34,"column":32}},"loc":{"start":{"line":34,"column":51},"end":{"line":50,"column":1}},"line":34},"2":{"name":"(anonymous_2)","decl":{"start":{"line":41,"column":33},"end":{"line":41,"column":34}},"loc":{"start":{"line":41,"column":45},"end":{"line":45,"column":7}},"line":41},"3":{"name":"(anonymous_3)","decl":{"start":{"line":72,"column":12},"end":{"line":72,"column":13}},"loc":{"start":{"line":72,"column":23},"end":{"line":77,"column":5}},"line":72},"4":{"name":"(anonymous_4)","decl":{"start":{"line":100,"column":12},"end":{"line":100,"column":13}},"loc":{"start":{"line":100,"column":23},"end":{"line":105,"column":5}},"line":100}},"branchMap":{"0":{"loc":{"start":{"line":8,"column":2},"end":{"line":27,"column":3}},"type":"if","locations":[{"start":{"line":8,"column":2},"end":{"line":27,"column":3}},{"start":{},"end":{}}],"line":8},"1":{"loc":{"start":{"line":10,"column":4},"end":{"line":17,"column":5}},"type":"if","locations":[{"start":{"line":10,"column":4},"end":{"line":17,"column":5}},{"start":{},"end":{}}],"line":10},"2":{"loc":{"start":{"line":10,"column":8},"end":{"line":10,"column":72}},"type":"binary-expr","locations":[{"start":{"line":10,"column":8},"end":{"line":10,"column":37}},{"start":{"line":10,"column":41},"end":{"line":10,"column":72}}],"line":10},"3":{"loc":{"start":{"line":13,"column":18},"end":{"line":13,"column":44}},"type":"binary-expr","locations":[{"start":{"line":13,"column":18},"end":{"line":13,"column":35}},{"start":{"line":13,"column":39},"end":{"line":13,"column":44}}],"line":13},"4":{"loc":{"start":{"line":19,"column":4},"end":{"line":26,"column":5}},"type":"if","locations":[{"start":{"line":19,"column":4},"end":{"line":26,"column":5}},{"start":{},"end":{}}],"line":19},"5":{"loc":{"start":{"line":19,"column":8},"end":{"line":19,"column":62}},"type":"binary-expr","locations":[{"start":{"line":19,"column":8},"end":{"line":19,"column":32}},{"start":{"line":19,"column":36},"end":{"line":19,"column":62}}],"line":19},"6":{"loc":{"start":{"line":22,"column":18},"end":{"line":22,"column":53}},"type":"binary-expr","locations":[{"start":{"line":22,"column":18},"end":{"line":22,"column":44}},{"start":{"line":22,"column":48},"end":{"line":22,"column":53}}],"line":22},"7":{"loc":{"start":{"line":37,"column":2},"end":{"line":47,"column":3}},"type":"if","locations":[{"start":{"line":37,"column":2},"end":{"line":47,"column":3}},{"start":{},"end":{}}],"line":37},"8":{"loc":{"start":{"line":73,"column":6},"end":{"line":75,"column":7}},"type":"if","locations":[{"start":{"line":73,"column":6},"end":{"line":75,"column":7}},{"start":{},"end":{}}],"line":73},"9":{"loc":{"start":{"line":73,"column":10},"end":{"line":73,"column":36}},"type":"binary-expr","locations":[{"start":{"line":73,"column":10},"end":{"line":73,"column":22}},{"start":{"line":73,"column":26},"end":{"line":73,"column":36}}],"line":73},"10":{"loc":{"start":{"line":101,"column":6},"end":{"line":103,"column":7}},"type":"if","locations":[{"start":{"line":101,"column":6},"end":{"line":103,"column":7}},{"start":{},"end":{}}],"line":101},"11":{"loc":{"start":{"line":101,"column":10},"end":{"line":101,"column":35}},"type":"binary-expr","locations":[{"start":{"line":101,"column":10},"end":{"line":101,"column":22}},{"start":{"line":101,"column":26},"end":{"line":101,"column":35}}],"line":101}},"s":{"0":7,"1":7,"2":63,"3":63,"4":21,"5":21,"6":21,"7":63,"8":7,"9":7,"10":7,"11":63,"12":7,"13":18,"14":18,"15":3,"16":5,"17":15,"18":7,"19":18,"20":2,"21":16,"22":0,"23":0,"24":0,"25":7},"f":{"0":63,"1":18,"2":5,"3":18,"4":0},"b":{"0":[63,0],"1":[21,42],"2":[63,42],"3":[21,17],"4":[7,56],"5":[63,59],"6":[7,3],"7":[3,15],"8":[2,16],"9":[18,16],"10":[0,0],"11":[0,0]},"_coverageSchema":"1a1c01bbd47fc00a2c39e90264f33305004495a9","hash":"b690e06f919a88dca832a59a1c35d7c27460e800"}
}
