{"/Users/shivachoudhry/Downloads/Ai-VendorHub/product/src/app.js": {"path":"/Users/shivachoudhry/Downloads/Ai-VendorHub/product/src/app.js","statementMap":{"0":{"start":{"line":1,"column":16},"end":{"line":1,"column":34}},"1":{"start":{"line":2,"column":21},"end":{"line":2,"column":45}},"2":{"start":{"line":3,"column":22},"end":{"line":3,"column":56}},"3":{"start":{"line":5,"column":11},"end":{"line":5,"column":20}},"4":{"start":{"line":6,"column":0},"end":{"line":6,"column":24}},"5":{"start":{"line":7,"column":0},"end":{"line":7,"column":24}},"6":{"start":{"line":9,"column":0},"end":{"line":9,"column":39}},"7":{"start":{"line":12,"column":0},"end":{"line":30,"column":3}},"8":{"start":{"line":13,"column":2},"end":{"line":28,"column":3}},"9":{"start":{"line":15,"column":4},"end":{"line":20,"column":5}},"10":{"start":{"line":16,"column":6},"end":{"line":19,"column":9}},"11":{"start":{"line":22,"column":4},"end":{"line":27,"column":5}},"12":{"start":{"line":23,"column":6},"end":{"line":26,"column":9}},"13":{"start":{"line":29,"column":2},"end":{"line":29,"column":12}},"14":{"start":{"line":32,"column":0},"end":{"line":32,"column":21}}},"fnMap":{"0":{"name":"(anonymous_0)","decl":{"start":{"line":12,"column":8},"end":{"line":12,"column":9}},"loc":{"start":{"line":12,"column":33},"end":{"line":30,"column":1}},"line":12}},"branchMap":{"0":{"loc":{"start":{"line":13,"column":2},"end":{"line":28,"column":3}},"type":"if","locations":[{"start":{"line":13,"column":2},"end":{"line":28,"column":3}},{"start":{},"end":{}}],"line":13},"1":{"loc":{"start":{"line":15,"column":4},"end":{"line":20,"column":5}},"type":"if","locations":[{"start":{"line":15,"column":4},"end":{"line":20,"column":5}},{"start":{},"end":{}}],"line":15},"2":{"loc":{"start":{"line":15,"column":8},"end":{"line":15,"column":73}},"type":"binary-expr","locations":[{"start":{"line":15,"column":8},"end":{"line":15,"column":38}},{"start":{"line":15,"column":42},"end":{"line":15,"column":73}}],"line":15},"3":{"loc":{"start":{"line":22,"column":4},"end":{"line":27,"column":5}},"type":"if","locations":[{"start":{"line":22,"column":4},"end":{"line":27,"column":5}},{"start":{},"end":{}}],"line":22},"4":{"loc":{"start":{"line":22,"column":8},"end":{"line":22,"column":64}},"type":"binary-expr","locations":[{"start":{"line":22,"column":8},"end":{"line":22,"column":19}},{"start":{"line":22,"column":23},"end":{"line":22,"column":64}}],"line":22}},"s":{"0":6,"1":6,"2":6,"3":6,"4":6,"5":6,"6":6,"7":6,"8":3,"9":3,"10":2,"11":1,"12":1,"13":0,"14":6},"f":{"0":3},"b":{"0":[3,0],"1":[2,1],"2":[3,2],"3":[1,0],"4":[1,1]},"_coverageSchema":"1a1c01bbd47fc00a2c39e90264f33305004495a9","hash":"a70d5aeecf4d0331bbef10f7b004771dc5c525ef"}
,"/Users/shivachoudhry/Downloads/Ai-VendorHub/product/src/controllers/product.controller.js": {"path":"/Users/shivachoudhry/Downloads/Ai-VendorHub/product/src/controllers/product.controller.js","statementMap":{"0":{"start":{"line":1,"column":29},"end":{"line":1,"column":68}},"1":{"start":{"line":2,"column":17},"end":{"line":2,"column":36}},"2":{"start":{"line":3,"column":21},"end":{"line":3,"column":55}},"3":{"start":{"line":11,"column":22},"end":{"line":69,"column":1}},"4":{"start":{"line":12,"column":2},"end":{"line":68,"column":3}},"5":{"start":{"line":13,"column":61},"end":{"line":13,"column":69}},"6":{"start":{"line":14,"column":21},"end":{"line":14,"column":32}},"7":{"start":{"line":20,"column":17},"end":{"line":20,"column":19}},"8":{"start":{"line":22,"column":4},"end":{"line":37,"column":5}},"9":{"start":{"line":23,"column":6},"end":{"line":36,"column":7}},"10":{"start":{"line":24,"column":8},"end":{"line":28,"column":10}},"11":{"start":{"line":26,"column":12},"end":{"line":26,"column":60}},"12":{"start":{"line":30,"column":8},"end":{"line":30,"column":74}},"13":{"start":{"line":31,"column":8},"end":{"line":35,"column":11}},"14":{"start":{"line":40,"column":20},"end":{"line":53,"column":6}},"15":{"start":{"line":54,"column":25},"end":{"line":54,"column":45}},"16":{"start":{"line":56,"column":4},"end":{"line":60,"column":7}},"17":{"start":{"line":62,"column":4},"end":{"line":62,"column":52}},"18":{"start":{"line":63,"column":4},"end":{"line":67,"column":7}},"19":{"start":{"line":71,"column":20},"end":{"line":113,"column":1}},"20":{"start":{"line":72,"column":2},"end":{"line":112,"column":3}},"21":{"start":{"line":73,"column":60},"end":{"line":73,"column":69}},"22":{"start":{"line":75,"column":19},"end":{"line":75,"column":21}},"23":{"start":{"line":77,"column":4},"end":{"line":79,"column":5}},"24":{"start":{"line":78,"column":6},"end":{"line":78,"column":36}},"25":{"start":{"line":81,"column":4},"end":{"line":86,"column":5}},"26":{"start":{"line":82,"column":6},"end":{"line":85,"column":8}},"27":{"start":{"line":88,"column":4},"end":{"line":93,"column":5}},"28":{"start":{"line":89,"column":6},"end":{"line":92,"column":8}},"29":{"start":{"line":95,"column":21},"end":{"line":98,"column":27}},"30":{"start":{"line":100,"column":4},"end":{"line":104,"column":7}},"31":{"start":{"line":106,"column":4},"end":{"line":106,"column":53}},"32":{"start":{"line":107,"column":4},"end":{"line":111,"column":7}},"33":{"start":{"line":116,"column":23},"end":{"line":144,"column":1}},"34":{"start":{"line":117,"column":17},"end":{"line":117,"column":27}},"35":{"start":{"line":119,"column":2},"end":{"line":135,"column":3}},"36":{"start":{"line":120,"column":20},"end":{"line":120,"column":51}},"37":{"start":{"line":122,"column":4},"end":{"line":126,"column":7}},"38":{"start":{"line":129,"column":4},"end":{"line":129,"column":58}},"39":{"start":{"line":130,"column":4},"end":{"line":134,"column":7}},"40":{"start":{"line":137,"column":2},"end":{"line":142,"column":3}},"41":{"start":{"line":138,"column":4},"end":{"line":141,"column":7}},"42":{"start":{"line":146,"column":22},"end":{"line":284,"column":1}},"43":{"start":{"line":147,"column":2},"end":{"line":283,"column":3}},"44":{"start":{"line":148,"column":19},"end":{"line":148,"column":29}},"45":{"start":{"line":149,"column":33},"end":{"line":149,"column":41}},"46":{"start":{"line":152,"column":4},"end":{"line":157,"column":5}},"47":{"start":{"line":153,"column":6},"end":{"line":156,"column":9}},"48":{"start":{"line":160,"column":4},"end":{"line":165,"column":5}},"49":{"start":{"line":161,"column":6},"end":{"line":164,"column":9}},"50":{"start":{"line":168,"column":20},"end":{"line":168,"column":51}},"51":{"start":{"line":170,"column":4},"end":{"line":175,"column":5}},"52":{"start":{"line":171,"column":6},"end":{"line":174,"column":9}},"53":{"start":{"line":178,"column":4},"end":{"line":183,"column":5}},"54":{"start":{"line":179,"column":6},"end":{"line":182,"column":9}},"55":{"start":{"line":186,"column":4},"end":{"line":191,"column":5}},"56":{"start":{"line":187,"column":6},"end":{"line":190,"column":9}},"57":{"start":{"line":194,"column":26},"end":{"line":199,"column":5}},"58":{"start":{"line":202,"column":4},"end":{"line":245,"column":5}},"59":{"start":{"line":203,"column":6},"end":{"line":244,"column":7}},"60":{"start":{"line":204,"column":22},"end":{"line":204,"column":35}},"61":{"start":{"line":206,"column":8},"end":{"line":243,"column":9}},"62":{"start":{"line":208,"column":10},"end":{"line":213,"column":11}},"63":{"start":{"line":209,"column":12},"end":{"line":212,"column":15}},"64":{"start":{"line":214,"column":10},"end":{"line":214,"column":50}},"65":{"start":{"line":215,"column":15},"end":{"line":243,"column":9}},"66":{"start":{"line":216,"column":10},"end":{"line":216,"column":49}},"67":{"start":{"line":217,"column":15},"end":{"line":243,"column":9}},"68":{"start":{"line":219,"column":25},"end":{"line":219,"column":38}},"69":{"start":{"line":220,"column":10},"end":{"line":225,"column":11}},"70":{"start":{"line":221,"column":12},"end":{"line":224,"column":15}},"71":{"start":{"line":226,"column":10},"end":{"line":231,"column":11}},"72":{"start":{"line":227,"column":12},"end":{"line":230,"column":15}},"73":{"start":{"line":232,"column":10},"end":{"line":232,"column":40}},"74":{"start":{"line":233,"column":15},"end":{"line":243,"column":9}},"75":{"start":{"line":235,"column":31},"end":{"line":235,"column":61}},"76":{"start":{"line":236,"column":10},"end":{"line":241,"column":11}},"77":{"start":{"line":237,"column":12},"end":{"line":240,"column":15}},"78":{"start":{"line":242,"column":10},"end":{"line":242,"column":48}},"79":{"start":{"line":248,"column":27},"end":{"line":248,"column":47}},"80":{"start":{"line":252,"column":4},"end":{"line":261,"column":5}},"81":{"start":{"line":253,"column":6},"end":{"line":260,"column":9}},"82":{"start":{"line":264,"column":4},"end":{"line":269,"column":5}},"83":{"start":{"line":266,"column":6},"end":{"line":266,"column":48}},"84":{"start":{"line":268,"column":6},"end":{"line":268,"column":50}},"85":{"start":{"line":271,"column":4},"end":{"line":275,"column":7}},"86":{"start":{"line":277,"column":4},"end":{"line":277,"column":52}},"87":{"start":{"line":278,"column":4},"end":{"line":282,"column":7}},"88":{"start":{"line":286,"column":22},"end":{"line":367,"column":1}},"89":{"start":{"line":287,"column":2},"end":{"line":366,"column":3}},"90":{"start":{"line":288,"column":19},"end":{"line":288,"column":29}},"91":{"start":{"line":289,"column":33},"end":{"line":289,"column":41}},"92":{"start":{"line":292,"column":4},"end":{"line":297,"column":5}},"93":{"start":{"line":293,"column":6},"end":{"line":296,"column":9}},"94":{"start":{"line":300,"column":20},"end":{"line":300,"column":51}},"95":{"start":{"line":302,"column":4},"end":{"line":307,"column":5}},"96":{"start":{"line":303,"column":6},"end":{"line":306,"column":9}},"97":{"start":{"line":310,"column":4},"end":{"line":315,"column":5}},"98":{"start":{"line":311,"column":6},"end":{"line":314,"column":9}},"99":{"start":{"line":318,"column":23},"end":{"line":318,"column":29}},"100":{"start":{"line":319,"column":21},"end":{"line":319,"column":28}},"101":{"start":{"line":321,"column":4},"end":{"line":329,"column":5}},"102":{"start":{"line":323,"column":6},"end":{"line":323,"column":28}},"103":{"start":{"line":324,"column":6},"end":{"line":324,"column":34}},"104":{"start":{"line":325,"column":6},"end":{"line":325,"column":40}},"105":{"start":{"line":328,"column":6},"end":{"line":328,"column":48}},"106":{"start":{"line":332,"column":4},"end":{"line":339,"column":5}},"107":{"start":{"line":333,"column":6},"end":{"line":338,"column":9}},"108":{"start":{"line":342,"column":4},"end":{"line":347,"column":5}},"109":{"start":{"line":344,"column":6},"end":{"line":344,"column":48}},"110":{"start":{"line":346,"column":6},"end":{"line":346,"column":50}},"111":{"start":{"line":349,"column":4},"end":{"line":358,"column":7}},"112":{"start":{"line":360,"column":4},"end":{"line":360,"column":52}},"113":{"start":{"line":361,"column":4},"end":{"line":365,"column":7}},"114":{"start":{"line":370,"column":28},"end":{"line":417,"column":1}},"115":{"start":{"line":371,"column":2},"end":{"line":416,"column":3}},"116":{"start":{"line":372,"column":21},"end":{"line":372,"column":32}},"117":{"start":{"line":373,"column":60},"end":{"line":373,"column":69}},"118":{"start":{"line":376,"column":19},"end":{"line":376,"column":39}},"119":{"start":{"line":379,"column":4},"end":{"line":381,"column":5}},"120":{"start":{"line":380,"column":6},"end":{"line":380,"column":36}},"121":{"start":{"line":384,"column":4},"end":{"line":389,"column":5}},"122":{"start":{"line":385,"column":6},"end":{"line":388,"column":8}},"123":{"start":{"line":391,"column":4},"end":{"line":396,"column":5}},"124":{"start":{"line":392,"column":6},"end":{"line":395,"column":8}},"125":{"start":{"line":399,"column":21},"end":{"line":402,"column":27}},"126":{"start":{"line":404,"column":4},"end":{"line":408,"column":7}},"127":{"start":{"line":410,"column":4},"end":{"line":410,"column":60}},"128":{"start":{"line":411,"column":4},"end":{"line":415,"column":7}},"129":{"start":{"line":419,"column":0},"end":{"line":426,"column":2}}},"fnMap":{"0":{"name":"(anonymous_0)","decl":{"start":{"line":11,"column":22},"end":{"line":11,"column":23}},"loc":{"start":{"line":11,"column":42},"end":{"line":69,"column":1}},"line":11},"1":{"name":"(anonymous_1)","decl":{"start":{"line":25,"column":24},"end":{"line":25,"column":25}},"loc":{"start":{"line":26,"column":12},"end":{"line":26,"column":60}},"line":26},"2":{"name":"(anonymous_2)","decl":{"start":{"line":71,"column":20},"end":{"line":71,"column":21}},"loc":{"start":{"line":71,"column":40},"end":{"line":113,"column":1}},"line":71},"3":{"name":"(anonymous_3)","decl":{"start":{"line":116,"column":23},"end":{"line":116,"column":24}},"loc":{"start":{"line":116,"column":43},"end":{"line":144,"column":1}},"line":116},"4":{"name":"(anonymous_4)","decl":{"start":{"line":146,"column":22},"end":{"line":146,"column":23}},"loc":{"start":{"line":146,"column":42},"end":{"line":284,"column":1}},"line":146},"5":{"name":"(anonymous_5)","decl":{"start":{"line":286,"column":22},"end":{"line":286,"column":23}},"loc":{"start":{"line":286,"column":42},"end":{"line":367,"column":1}},"line":286},"6":{"name":"(anonymous_6)","decl":{"start":{"line":370,"column":28},"end":{"line":370,"column":29}},"loc":{"start":{"line":370,"column":48},"end":{"line":417,"column":1}},"line":370}},"branchMap":{"0":{"loc":{"start":{"line":13,"column":40},"end":{"line":13,"column":56}},"type":"default-arg","locations":[{"start":{"line":13,"column":51},"end":{"line":13,"column":56}}],"line":13},"1":{"loc":{"start":{"line":22,"column":4},"end":{"line":37,"column":5}},"type":"if","locations":[{"start":{"line":22,"column":4},"end":{"line":37,"column":5}},{"start":{},"end":{}}],"line":22},"2":{"loc":{"start":{"line":22,"column":8},"end":{"line":22,"column":41}},"type":"binary-expr","locations":[{"start":{"line":22,"column":8},"end":{"line":22,"column":17}},{"start":{"line":22,"column":21},"end":{"line":22,"column":41}}],"line":22},"3":{"loc":{"start":{"line":43,"column":19},"end":{"line":43,"column":36}},"type":"binary-expr","locations":[{"start":{"line":43,"column":19},"end":{"line":43,"column":30}},{"start":{"line":43,"column":34},"end":{"line":43,"column":36}}],"line":43},"4":{"loc":{"start":{"line":47,"column":18},"end":{"line":47,"column":35}},"type":"binary-expr","locations":[{"start":{"line":47,"column":18},"end":{"line":47,"column":26}},{"start":{"line":47,"column":30},"end":{"line":47,"column":35}}],"line":47},"5":{"loc":{"start":{"line":73,"column":35},"end":{"line":73,"column":43}},"type":"default-arg","locations":[{"start":{"line":73,"column":42},"end":{"line":73,"column":43}}],"line":73},"6":{"loc":{"start":{"line":73,"column":45},"end":{"line":73,"column":55}},"type":"default-arg","locations":[{"start":{"line":73,"column":53},"end":{"line":73,"column":55}}],"line":73},"7":{"loc":{"start":{"line":77,"column":4},"end":{"line":79,"column":5}},"type":"if","locations":[{"start":{"line":77,"column":4},"end":{"line":79,"column":5}},{"start":{},"end":{}}],"line":77},"8":{"loc":{"start":{"line":81,"column":4},"end":{"line":86,"column":5}},"type":"if","locations":[{"start":{"line":81,"column":4},"end":{"line":86,"column":5}},{"start":{},"end":{}}],"line":81},"9":{"loc":{"start":{"line":88,"column":4},"end":{"line":93,"column":5}},"type":"if","locations":[{"start":{"line":88,"column":4},"end":{"line":93,"column":5}},{"start":{},"end":{}}],"line":88},"10":{"loc":{"start":{"line":137,"column":2},"end":{"line":142,"column":3}},"type":"if","locations":[{"start":{"line":137,"column":2},"end":{"line":142,"column":3}},{"start":{},"end":{}}],"line":137},"11":{"loc":{"start":{"line":152,"column":4},"end":{"line":157,"column":5}},"type":"if","locations":[{"start":{"line":152,"column":4},"end":{"line":157,"column":5}},{"start":{},"end":{}}],"line":152},"12":{"loc":{"start":{"line":160,"column":4},"end":{"line":165,"column":5}},"type":"if","locations":[{"start":{"line":160,"column":4},"end":{"line":165,"column":5}},{"start":{},"end":{}}],"line":160},"13":{"loc":{"start":{"line":160,"column":8},"end":{"line":160,"column":55}},"type":"binary-expr","locations":[{"start":{"line":160,"column":8},"end":{"line":160,"column":17}},{"start":{"line":160,"column":21},"end":{"line":160,"column":55}}],"line":160},"14":{"loc":{"start":{"line":170,"column":4},"end":{"line":175,"column":5}},"type":"if","locations":[{"start":{"line":170,"column":4},"end":{"line":175,"column":5}},{"start":{},"end":{}}],"line":170},"15":{"loc":{"start":{"line":178,"column":4},"end":{"line":183,"column":5}},"type":"if","locations":[{"start":{"line":178,"column":4},"end":{"line":183,"column":5}},{"start":{},"end":{}}],"line":178},"16":{"loc":{"start":{"line":178,"column":8},"end":{"line":178,"column":65}},"type":"binary-expr","locations":[{"start":{"line":178,"column":8},"end":{"line":178,"column":25}},{"start":{"line":178,"column":29},"end":{"line":178,"column":65}}],"line":178},"17":{"loc":{"start":{"line":186,"column":4},"end":{"line":191,"column":5}},"type":"if","locations":[{"start":{"line":186,"column":4},"end":{"line":191,"column":5}},{"start":{},"end":{}}],"line":186},"18":{"loc":{"start":{"line":186,"column":8},"end":{"line":186,"column":39}},"type":"binary-expr","locations":[{"start":{"line":186,"column":8},"end":{"line":186,"column":20}},{"start":{"line":186,"column":24},"end":{"line":186,"column":39}}],"line":186},"19":{"loc":{"start":{"line":203,"column":6},"end":{"line":244,"column":7}},"type":"if","locations":[{"start":{"line":203,"column":6},"end":{"line":244,"column":7}},{"start":{},"end":{}}],"line":203},"20":{"loc":{"start":{"line":206,"column":8},"end":{"line":243,"column":9}},"type":"if","locations":[{"start":{"line":206,"column":8},"end":{"line":243,"column":9}},{"start":{"line":215,"column":15},"end":{"line":243,"column":9}}],"line":206},"21":{"loc":{"start":{"line":208,"column":10},"end":{"line":213,"column":11}},"type":"if","locations":[{"start":{"line":208,"column":10},"end":{"line":213,"column":11}},{"start":{},"end":{}}],"line":208},"22":{"loc":{"start":{"line":208,"column":14},"end":{"line":208,"column":74}},"type":"binary-expr","locations":[{"start":{"line":208,"column":14},"end":{"line":208,"column":20}},{"start":{"line":208,"column":25},"end":{"line":208,"column":50}},{"start":{"line":208,"column":54},"end":{"line":208,"column":73}}],"line":208},"23":{"loc":{"start":{"line":215,"column":15},"end":{"line":243,"column":9}},"type":"if","locations":[{"start":{"line":215,"column":15},"end":{"line":243,"column":9}},{"start":{"line":217,"column":15},"end":{"line":243,"column":9}}],"line":215},"24":{"loc":{"start":{"line":217,"column":15},"end":{"line":243,"column":9}},"type":"if","locations":[{"start":{"line":217,"column":15},"end":{"line":243,"column":9}},{"start":{"line":233,"column":15},"end":{"line":243,"column":9}}],"line":217},"25":{"loc":{"start":{"line":220,"column":10},"end":{"line":225,"column":11}},"type":"if","locations":[{"start":{"line":220,"column":10},"end":{"line":225,"column":11}},{"start":{},"end":{}}],"line":220},"26":{"loc":{"start":{"line":226,"column":10},"end":{"line":231,"column":11}},"type":"if","locations":[{"start":{"line":226,"column":10},"end":{"line":231,"column":11}},{"start":{},"end":{}}],"line":226},"27":{"loc":{"start":{"line":233,"column":15},"end":{"line":243,"column":9}},"type":"if","locations":[{"start":{"line":233,"column":15},"end":{"line":243,"column":9}},{"start":{},"end":{}}],"line":233},"28":{"loc":{"start":{"line":236,"column":10},"end":{"line":241,"column":11}},"type":"if","locations":[{"start":{"line":236,"column":10},"end":{"line":241,"column":11}},{"start":{},"end":{}}],"line":236},"29":{"loc":{"start":{"line":252,"column":4},"end":{"line":261,"column":5}},"type":"if","locations":[{"start":{"line":252,"column":4},"end":{"line":261,"column":5}},{"start":{},"end":{}}],"line":252},"30":{"loc":{"start":{"line":264,"column":4},"end":{"line":269,"column":5}},"type":"if","locations":[{"start":{"line":264,"column":4},"end":{"line":269,"column":5}},{"start":{},"end":{}}],"line":264},"31":{"loc":{"start":{"line":292,"column":4},"end":{"line":297,"column":5}},"type":"if","locations":[{"start":{"line":292,"column":4},"end":{"line":297,"column":5}},{"start":{},"end":{}}],"line":292},"32":{"loc":{"start":{"line":302,"column":4},"end":{"line":307,"column":5}},"type":"if","locations":[{"start":{"line":302,"column":4},"end":{"line":307,"column":5}},{"start":{},"end":{}}],"line":302},"33":{"loc":{"start":{"line":310,"column":4},"end":{"line":315,"column":5}},"type":"if","locations":[{"start":{"line":310,"column":4},"end":{"line":315,"column":5}},{"start":{},"end":{}}],"line":310},"34":{"loc":{"start":{"line":310,"column":8},"end":{"line":310,"column":65}},"type":"binary-expr","locations":[{"start":{"line":310,"column":8},"end":{"line":310,"column":25}},{"start":{"line":310,"column":29},"end":{"line":310,"column":65}}],"line":310},"35":{"loc":{"start":{"line":321,"column":4},"end":{"line":329,"column":5}},"type":"if","locations":[{"start":{"line":321,"column":4},"end":{"line":329,"column":5}},{"start":{"line":326,"column":11},"end":{"line":329,"column":5}}],"line":321},"36":{"loc":{"start":{"line":321,"column":8},"end":{"line":321,"column":51}},"type":"binary-expr","locations":[{"start":{"line":321,"column":8},"end":{"line":321,"column":22}},{"start":{"line":321,"column":26},"end":{"line":321,"column":51}}],"line":321},"37":{"loc":{"start":{"line":332,"column":4},"end":{"line":339,"column":5}},"type":"if","locations":[{"start":{"line":332,"column":4},"end":{"line":339,"column":5}},{"start":{},"end":{}}],"line":332},"38":{"loc":{"start":{"line":342,"column":4},"end":{"line":347,"column":5}},"type":"if","locations":[{"start":{"line":342,"column":4},"end":{"line":347,"column":5}},{"start":{},"end":{}}],"line":342},"39":{"loc":{"start":{"line":353,"column":11},"end":{"line":353,"column":67}},"type":"cond-expr","locations":[{"start":{"line":353,"column":33},"end":{"line":353,"column":54}},{"start":{"line":353,"column":57},"end":{"line":353,"column":67}}],"line":353},"40":{"loc":{"start":{"line":373,"column":35},"end":{"line":373,"column":43}},"type":"default-arg","locations":[{"start":{"line":373,"column":42},"end":{"line":373,"column":43}}],"line":373},"41":{"loc":{"start":{"line":373,"column":45},"end":{"line":373,"column":55}},"type":"default-arg","locations":[{"start":{"line":373,"column":53},"end":{"line":373,"column":55}}],"line":373},"42":{"loc":{"start":{"line":379,"column":4},"end":{"line":381,"column":5}},"type":"if","locations":[{"start":{"line":379,"column":4},"end":{"line":381,"column":5}},{"start":{},"end":{}}],"line":379},"43":{"loc":{"start":{"line":384,"column":4},"end":{"line":389,"column":5}},"type":"if","locations":[{"start":{"line":384,"column":4},"end":{"line":389,"column":5}},{"start":{},"end":{}}],"line":384},"44":{"loc":{"start":{"line":391,"column":4},"end":{"line":396,"column":5}},"type":"if","locations":[{"start":{"line":391,"column":4},"end":{"line":396,"column":5}},{"start":{},"end":{}}],"line":391}},"s":{"0":6,"1":6,"2":6,"3":6,"4":15,"5":15,"6":15,"7":15,"8":15,"9":3,"10":3,"11":5,"12":1,"13":1,"14":14,"15":14,"16":13,"17":1,"18":1,"19":6,"20":30,"21":30,"22":30,"23":30,"24":6,"25":30,"26":9,"27":30,"28":8,"29":30,"30":28,"31":2,"32":2,"33":6,"34":31,"35":31,"36":31,"37":24,"38":7,"39":7,"40":0,"41":0,"42":6,"43":41,"44":41,"45":41,"46":41,"47":1,"48":40,"49":1,"50":39,"51":38,"52":1,"53":37,"54":1,"55":36,"56":2,"57":34,"58":34,"59":38,"60":38,"61":38,"62":24,"63":1,"64":23,"65":14,"66":5,"67":9,"68":5,"69":5,"70":1,"71":4,"72":1,"73":3,"74":4,"75":4,"76":4,"77":1,"78":3,"79":30,"80":29,"81":0,"82":29,"83":20,"84":20,"85":29,"86":2,"87":2,"88":6,"89":44,"90":44,"91":44,"92":44,"93":1,"94":43,"95":42,"96":1,"97":41,"98":1,"99":40,"100":40,"101":40,"102":11,"103":11,"104":11,"105":29,"106":38,"107":0,"108":38,"109":0,"110":0,"111":38,"112":3,"113":3,"114":6,"115":29,"116":29,"117":29,"118":29,"119":29,"120":3,"121":29,"122":3,"123":29,"124":3,"125":29,"126":28,"127":1,"128":1,"129":6},"f":{"0":15,"1":5,"2":30,"3":31,"4":41,"5":44,"6":29},"b":{"0":[14],"1":[3,12],"2":[15,3],"3":[14,12],"4":[14,0],"5":[23],"6":[23],"7":[6,24],"8":[9,21],"9":[8,22],"10":[0,0],"11":[1,40],"12":[1,39],"13":[40,40],"14":[1,37],"15":[1,36],"16":[37,36],"17":[2,34],"18":[36,35],"19":[38,0],"20":[24,14],"21":[1,23],"22":[24,23,23],"23":[5,9],"24":[5,4],"25":[1,4],"26":[1,3],"27":[4,0],"28":[1,3],"29":[0,29],"30":[20,9],"31":[1,43],"32":[1,41],"33":[1,40],"34":[41,38],"35":[11,29],"36":[40,38],"37":[0,38],"38":[0,38],"39":[1,37],"40":[24],"41":[22],"42":[3,26],"43":[3,26],"44":[3,26]},"_coverageSchema":"1a1c01bbd47fc00a2c39e90264f33305004495a9","hash":"b28134495c0b3ce4b38281775727fb849dd2470e"}
,"/Users/shivachoudhry/Downloads/Ai-VendorHub/product/src/middleware/auth.middleware.js": {"path":"/Users/shivachoudhry/Downloads/Ai-VendorHub/product/src/middleware/auth.middleware.js","statementMap":{"0":{"start":{"line":1,"column":10},"end":{"line":1,"column":33}},"1":{"start":{"line":4,"column":4},"end":{"line":26,"column":6}},"2":{"start":{"line":5,"column":20},"end":{"line":5,"column":83}},"3":{"start":{"line":6,"column":8},"end":{"line":10,"column":9}},"4":{"start":{"line":7,"column":12},"end":{"line":9,"column":15}},"5":{"start":{"line":11,"column":8},"end":{"line":24,"column":9}},"6":{"start":{"line":12,"column":26},"end":{"line":12,"column":66}},"7":{"start":{"line":13,"column":12},"end":{"line":17,"column":13}},"8":{"start":{"line":14,"column":16},"end":{"line":16,"column":19}},"9":{"start":{"line":18,"column":12},"end":{"line":18,"column":29}},"10":{"start":{"line":19,"column":12},"end":{"line":19,"column":19}},"11":{"start":{"line":21,"column":12},"end":{"line":23,"column":15}},"12":{"start":{"line":31,"column":0},"end":{"line":31,"column":36}}},"fnMap":{"0":{"name":"createAuthMiddleware","decl":{"start":{"line":3,"column":9},"end":{"line":3,"column":29}},"loc":{"start":{"line":3,"column":45},"end":{"line":28,"column":1}},"line":3},"1":{"name":"authMiddleware","decl":{"start":{"line":4,"column":20},"end":{"line":4,"column":34}},"loc":{"start":{"line":4,"column":48},"end":{"line":26,"column":5}},"line":4}},"branchMap":{"0":{"loc":{"start":{"line":3,"column":30},"end":{"line":3,"column":44}},"type":"default-arg","locations":[{"start":{"line":3,"column":36},"end":{"line":3,"column":44}}],"line":3},"1":{"loc":{"start":{"line":5,"column":20},"end":{"line":5,"column":83}},"type":"binary-expr","locations":[{"start":{"line":5,"column":20},"end":{"line":5,"column":38}},{"start":{"line":5,"column":42},"end":{"line":5,"column":83}}],"line":5},"2":{"loc":{"start":{"line":6,"column":8},"end":{"line":10,"column":9}},"type":"if","locations":[{"start":{"line":6,"column":8},"end":{"line":10,"column":9}},{"start":{},"end":{}}],"line":6},"3":{"loc":{"start":{"line":13,"column":12},"end":{"line":17,"column":13}},"type":"if","locations":[{"start":{"line":13,"column":12},"end":{"line":17,"column":13}},{"start":{},"end":{}}],"line":13}},"s":{"0":6,"1":24,"2":144,"3":144,"4":3,"5":141,"6":141,"7":139,"8":4,"9":135,"10":135,"11":2,"12":6},"f":{"0":24,"1":144},"b":{"0":[0],"1":[144,144],"2":[3,141],"3":[4,135]},"_coverageSchema":"1a1c01bbd47fc00a2c39e90264f33305004495a9","hash":"af0f2270c1da09b764c324ef6407f8631ffc2e79"}
,"/Users/shivachoudhry/Downloads/Ai-VendorHub/product/src/middleware/upload.middleware.js": {"path":"/Users/shivachoudhry/Downloads/Ai-VendorHub/product/src/middleware/upload.middleware.js","statementMap":{"0":{"start":{"line":1,"column":15},"end":{"line":1,"column":32}},"1":{"start":{"line":4,"column":16},"end":{"line":4,"column":38}},"2":{"start":{"line":6,"column":19},"end":{"line":15,"column":1}},"3":{"start":{"line":8,"column":23},"end":{"line":8,"column":77}},"4":{"start":{"line":10,"column":2},"end":{"line":14,"column":3}},"5":{"start":{"line":11,"column":4},"end":{"line":11,"column":19}},"6":{"start":{"line":13,"column":4},"end":{"line":13,"column":117}},"7":{"start":{"line":17,"column":15},"end":{"line":24,"column":2}},"8":{"start":{"line":26,"column":0},"end":{"line":26,"column":24}}},"fnMap":{"0":{"name":"(anonymous_0)","decl":{"start":{"line":6,"column":19},"end":{"line":6,"column":20}},"loc":{"start":{"line":6,"column":38},"end":{"line":15,"column":1}},"line":6}},"branchMap":{"0":{"loc":{"start":{"line":10,"column":2},"end":{"line":14,"column":3}},"type":"if","locations":[{"start":{"line":10,"column":2},"end":{"line":14,"column":3}},{"start":{"line":12,"column":9},"end":{"line":14,"column":3}}],"line":10}},"s":{"0":6,"1":6,"2":6,"3":12,"4":12,"5":11,"6":1,"7":6,"8":6},"f":{"0":12},"b":{"0":[11,1]},"_coverageSchema":"1a1c01bbd47fc00a2c39e90264f33305004495a9","hash":"88095f48b7f7417f59f326ba56ecedfed2110496"}
,"/Users/shivachoudhry/Downloads/Ai-VendorHub/product/src/models/product.model.js": {"path":"/Users/shivachoudhry/Downloads/Ai-VendorHub/product/src/models/product.model.js","statementMap":{"0":{"start":{"line":1,"column":17},"end":{"line":1,"column":36}},"1":{"start":{"line":3,"column":22},"end":{"line":37,"column":2}},"2":{"start":{"line":39,"column":0},"end":{"line":39,"column":60}},"3":{"start":{"line":41,"column":16},"end":{"line":41,"column":56}},"4":{"start":{"line":43,"column":0},"end":{"line":43,"column":25}}},"fnMap":{},"branchMap":{},"s":{"0":6,"1":6,"2":6,"3":6,"4":6},"f":{},"b":{},"_coverageSchema":"1a1c01bbd47fc00a2c39e90264f33305004495a9","hash":"3210f83ffff19c206a4266e8c4504314d3e3d884"}
,"/Users/shivachoudhry/Downloads/Ai-VendorHub/product/src/routes/product.routes.js": {"path":"/Users/shivachoudhry/Downloads/Ai-VendorHub/product/src/routes/product.routes.js","statementMap":{"0":{"start":{"line":1,"column":16},"end":{"line":1,"column":34}},"1":{"start":{"line":2,"column":15},"end":{"line":2,"column":31}},"2":{"start":{"line":3,"column":26},"end":{"line":3,"column":70}},"3":{"start":{"line":4,"column":29},"end":{"line":4,"column":69}},"4":{"start":{"line":5,"column":15},"end":{"line":5,"column":57}},"5":{"start":{"line":6,"column":36},"end":{"line":6,"column":78}},"6":{"start":{"line":10,"column":0},"end":{"line":16,"column":2}},"7":{"start":{"line":19,"column":0},"end":{"line":19,"column":47}},"8":{"start":{"line":22,"column":0},"end":{"line":22,"column":95}},"9":{"start":{"line":25,"column":0},"end":{"line":25,"column":53}},"10":{"start":{"line":28,"column":0},"end":{"line":32,"column":2}},"11":{"start":{"line":37,"column":0},"end":{"line":41,"column":2}},"12":{"start":{"line":43,"column":0},"end":{"line":43,"column":24}}},"fnMap":{},"branchMap":{},"s":{"0":6,"1":6,"2":6,"3":6,"4":6,"5":6,"6":6,"7":6,"8":6,"9":6,"10":6,"11":6,"12":6},"f":{},"b":{},"_coverageSchema":"1a1c01bbd47fc00a2c39e90264f33305004495a9","hash":"f330de7058f1f0fe9a8eff2b59417eab923bb174"}
,"/Users/shivachoudhry/Downloads/Ai-VendorHub/product/src/services/imagekit.service.js": {"path":"/Users/shivachoudhry/Downloads/Ai-VendorHub/product/src/services/imagekit.service.js","statementMap":{"0":{"start":{"line":1,"column":17},"end":{"line":1,"column":36}},"1":{"start":{"line":4,"column":17},"end":{"line":8,"column":2}},"2":{"start":{"line":18,"column":25},"end":{"line":28,"column":1}},"3":{"start":{"line":19,"column":2},"end":{"line":27,"column":3}},"4":{"start":{"line":20,"column":21},"end":{"line":23,"column":6}},"5":{"start":{"line":24,"column":4},"end":{"line":24,"column":20}},"6":{"start":{"line":26,"column":4},"end":{"line":26,"column":64}},"7":{"start":{"line":35,"column":27},"end":{"line":41,"column":1}},"8":{"start":{"line":36,"column":2},"end":{"line":40,"column":3}},"9":{"start":{"line":37,"column":4},"end":{"line":37,"column":38}},"10":{"start":{"line":39,"column":4},"end":{"line":39,"column":64}},"11":{"start":{"line":43,"column":0},"end":{"line":47,"column":2}}},"fnMap":{"0":{"name":"(anonymous_0)","decl":{"start":{"line":18,"column":25},"end":{"line":18,"column":26}},"loc":{"start":{"line":18,"column":57},"end":{"line":28,"column":1}},"line":18},"1":{"name":"(anonymous_1)","decl":{"start":{"line":35,"column":27},"end":{"line":35,"column":28}},"loc":{"start":{"line":35,"column":45},"end":{"line":41,"column":1}},"line":35}},"branchMap":{},"s":{"0":6,"1":6,"2":6,"3":0,"4":0,"5":0,"6":0,"7":6,"8":0,"9":0,"10":0,"11":6},"f":{"0":0,"1":0},"b":{},"_coverageSchema":"1a1c01bbd47fc00a2c39e90264f33305004495a9","hash":"cfa20f77f4809c1fbf65aaa45c04a4574918d52e"}
,"/Users/shivachoudhry/Downloads/Ai-VendorHub/product/src/validators/product.validator.js": {"path":"/Users/shivachoudhry/Downloads/Ai-VendorHub/product/src/validators/product.validator.js","statementMap":{"0":{"start":{"line":1,"column":35},"end":{"line":1,"column":63}},"1":{"start":{"line":6,"column":31},"end":{"line":22,"column":1}},"2":{"start":{"line":7,"column":17},"end":{"line":7,"column":38}},"3":{"start":{"line":9,"column":2},"end":{"line":19,"column":3}},"4":{"start":{"line":10,"column":4},"end":{"line":18,"column":7}},"5":{"start":{"line":13,"column":45},"end":{"line":17,"column":7}},"6":{"start":{"line":21,"column":2},"end":{"line":21,"column":9}},"7":{"start":{"line":28,"column":32},"end":{"line":68,"column":1}},"8":{"start":{"line":45,"column":6},"end":{"line":47,"column":7}},"9":{"start":{"line":46,"column":8},"end":{"line":46,"column":60}},"10":{"start":{"line":48,"column":6},"end":{"line":48,"column":18}},"11":{"start":{"line":72,"column":0},"end":{"line":74,"column":2}}},"fnMap":{"0":{"name":"(anonymous_0)","decl":{"start":{"line":6,"column":31},"end":{"line":6,"column":32}},"loc":{"start":{"line":6,"column":51},"end":{"line":22,"column":1}},"line":6},"1":{"name":"(anonymous_1)","decl":{"start":{"line":13,"column":33},"end":{"line":13,"column":34}},"loc":{"start":{"line":13,"column":45},"end":{"line":17,"column":7}},"line":13},"2":{"name":"(anonymous_2)","decl":{"start":{"line":44,"column":12},"end":{"line":44,"column":13}},"loc":{"start":{"line":44,"column":23},"end":{"line":49,"column":5}},"line":44}},"branchMap":{"0":{"loc":{"start":{"line":9,"column":2},"end":{"line":19,"column":3}},"type":"if","locations":[{"start":{"line":9,"column":2},"end":{"line":19,"column":3}},{"start":{},"end":{}}],"line":9},"1":{"loc":{"start":{"line":45,"column":6},"end":{"line":47,"column":7}},"type":"if","locations":[{"start":{"line":45,"column":6},"end":{"line":47,"column":7}},{"start":{},"end":{}}],"line":45},"2":{"loc":{"start":{"line":45,"column":10},"end":{"line":45,"column":36}},"type":"binary-expr","locations":[{"start":{"line":45,"column":10},"end":{"line":45,"column":22}},{"start":{"line":45,"column":26},"end":{"line":45,"column":36}}],"line":45}},"s":{"0":6,"1":6,"2":18,"3":18,"4":3,"5":5,"6":15,"7":6,"8":18,"9":2,"10":16,"11":6},"f":{"0":18,"1":5,"2":18},"b":{"0":[3,15],"1":[2,16],"2":[18,16]},"_coverageSchema":"1a1c01bbd47fc00a2c39e90264f33305004495a9","hash":"72a09ef2bcf0321655687d805892e9a0f745b50a"}
}
