TN:
SF:src/app.js
FN:23,(anonymous_0)
FN:32,(anonymous_1)
FNF:2
FNH:1
FNDA:0,(anonymous_0)
FNDA:3,(anonymous_1)
DA:1,7
DA:2,7
DA:3,7
DA:4,7
DA:5,7
DA:6,7
DA:8,7
DA:9,7
DA:14,7
DA:15,7
DA:16,7
DA:17,7
DA:18,7
DA:20,7
DA:23,7
DA:24,0
DA:27,7
DA:28,7
DA:29,7
DA:32,7
DA:33,3
DA:35,3
DA:36,2
DA:42,1
DA:43,1
DA:49,0
DA:52,7
LF:27
LH:25
BRDA:10,0,0,0
BRDA:10,0,1,7
BRDA:33,1,0,3
BRDA:33,1,1,0
BRDA:35,2,0,2
BRDA:35,2,1,1
BRDA:35,3,0,3
BRDA:35,3,1,2
BRDA:42,4,0,1
BRDA:42,4,1,0
BRDA:42,5,0,1
BRDA:42,5,1,1
BRF:12
BRH:9
end_of_record
TN:
SF:src/Broker/broker.js
FN:6,resetBroker
FN:11,connect
FN:17,(anonymous_2)
FN:21,(anonymous_3)
FN:26,(anonymous_4)
FN:39,publishToQueue
FN:56,SubscribeToQueue
FN:63,(anonymous_7)
FNF:8
FNH:0
FNDA:0,resetBroker
FNDA:0,connect
FNDA:0,(anonymous_2)
FNDA:0,(anonymous_3)
FNDA:0,(anonymous_4)
FNDA:0,publishToQueue
FNDA:0,SubscribeToQueue
FNDA:0,(anonymous_7)
DA:1,0
DA:7,0
DA:8,0
DA:12,0
DA:14,0
DA:15,0
DA:16,0
DA:17,0
DA:18,0
DA:19,0
DA:21,0
DA:22,0
DA:23,0
DA:25,0
DA:26,0
DA:27,0
DA:28,0
DA:33,0
DA:34,0
DA:35,0
DA:40,0
DA:41,0
DA:42,0
DA:43,0
DA:46,0
DA:50,0
DA:52,0
DA:57,0
DA:59,0
DA:63,0
DA:64,0
DA:65,0
DA:66,0
DA:67,0
DA:72,0
LF:35
LH:0
BRDA:12,0,0,0
BRDA:12,0,1,0
BRDA:39,1,0,0
BRDA:40,2,0,0
BRDA:40,2,1,0
BRDA:40,3,0,0
BRDA:40,3,1,0
BRDA:41,4,0,0
BRDA:41,4,1,0
BRDA:41,5,0,0
BRDA:41,5,1,0
BRDA:57,6,0,0
BRDA:57,6,1,0
BRDA:57,7,0,0
BRDA:57,7,1,0
BRDA:64,8,0,0
BRDA:64,8,1,0
BRF:17
BRH:0
end_of_record
TN:
SF:src/controllers/homepage.controller.js
FN:6,(anonymous_0)
FN:12,(anonymous_1)
FN:14,(anonymous_2)
FN:29,(anonymous_3)
FN:38,(anonymous_4)
FN:41,(anonymous_5)
FN:83,(anonymous_6)
FN:96,(anonymous_7)
FN:118,(anonymous_8)
FN:133,(anonymous_9)
FN:152,(anonymous_10)
FN:182,(anonymous_11)
FNF:12
FNH:0
FNDA:0,(anonymous_0)
FNDA:0,(anonymous_1)
FNDA:0,(anonymous_2)
FNDA:0,(anonymous_3)
FNDA:0,(anonymous_4)
FNDA:0,(anonymous_5)
FNDA:0,(anonymous_6)
FNDA:0,(anonymous_7)
FNDA:0,(anonymous_8)
FNDA:0,(anonymous_9)
FNDA:0,(anonymous_10)
FNDA:0,(anonymous_11)
DA:1,7
DA:2,7
DA:4,7
DA:6,7
DA:7,0
DA:8,0
DA:9,0
DA:12,7
DA:14,0
DA:29,7
DA:30,0
DA:31,0
DA:38,7
DA:39,0
DA:40,0
DA:41,0
DA:44,0
DA:68,7
DA:83,7
DA:84,0
DA:85,0
DA:87,0
DA:88,0
DA:90,0
DA:91,0
DA:93,0
DA:96,7
DA:97,0
DA:98,0
DA:99,0
DA:109,0
DA:114,0
DA:118,7
DA:119,0
DA:120,0
DA:124,0
DA:129,0
DA:133,7
DA:134,0
DA:135,0
DA:136,0
DA:137,0
DA:139,0
DA:140,0
DA:142,0
DA:148,0
DA:152,7
DA:153,0
DA:154,0
DA:155,0
DA:158,0
DA:159,0
DA:160,0
DA:161,0
DA:163,0
DA:168,0
DA:169,0
DA:172,0
DA:178,0
DA:182,7
DA:183,0
DA:184,0
DA:185,0
DA:188,0
DA:189,0
DA:190,0
DA:193,0
DA:195,0
LF:68
LH:14
BRDA:7,0,0,0
BRDA:7,0,1,0
BRDA:9,1,0,0
BRDA:9,1,1,0
BRDA:12,2,0,0
BRDA:30,3,0,0
BRDA:30,3,1,0
BRDA:38,4,0,0
BRDA:38,5,0,0
BRDA:39,6,0,0
BRDA:39,6,1,0
BRDA:39,7,0,0
BRDA:39,7,1,0
BRDA:40,8,0,0
BRDA:40,8,1,0
BRDA:46,9,0,0
BRDA:46,9,1,0
BRDA:48,10,0,0
BRDA:48,10,1,0
BRDA:49,11,0,0
BRDA:49,11,1,0
BRDA:49,11,2,0
BRDA:50,12,0,0
BRDA:50,12,1,0
BRDA:50,12,2,0
BRDA:51,13,0,0
BRDA:51,13,1,0
BRDA:51,13,2,0
BRDA:52,14,0,0
BRDA:52,14,1,0
BRDA:53,15,0,0
BRDA:53,15,1,0
BRDA:54,16,0,0
BRDA:54,16,1,0
BRDA:55,17,0,0
BRDA:55,17,1,0
BRDA:56,18,0,0
BRDA:56,18,1,0
BRDA:57,19,0,0
BRDA:57,19,1,0
BRDA:60,20,0,0
BRDA:60,20,1,0
BRDA:64,21,0,0
BRDA:64,21,1,0
BRDA:64,22,0,0
BRDA:64,22,1,0
BRDA:84,23,0,0
BRDA:84,23,1,0
BRDA:87,24,0,0
BRDA:87,24,1,0
BRDA:87,25,0,0
BRDA:87,25,1,0
BRDA:90,26,0,0
BRDA:90,26,1,0
BRDA:90,27,0,0
BRDA:90,27,1,0
BRDA:90,27,2,0
BRDA:114,28,0,0
BRDA:114,28,1,0
BRDA:129,29,0,0
BRDA:129,29,1,0
BRDA:137,30,0,0
BRDA:137,30,1,0
BRDA:148,31,0,0
BRDA:148,31,1,0
BRDA:154,32,0,0
BRDA:154,32,1,0
BRDA:160,33,0,0
BRDA:160,33,1,0
BRDA:168,34,0,0
BRDA:168,34,1,0
BRDA:178,35,0,0
BRDA:178,35,1,0
BRDA:184,36,0,0
BRDA:184,36,1,0
BRDA:189,37,0,0
BRDA:189,37,1,0
BRDA:195,38,0,0
BRDA:195,38,1,0
BRF:79
BRH:0
end_of_record
TN:
SF:src/controllers/product.controller.js
FN:26,(anonymous_0)
FN:30,(anonymous_1)
FN:38,(anonymous_2)
FN:42,(anonymous_3)
FN:50,(anonymous_4)
FN:54,(anonymous_5)
FN:64,(anonymous_6)
FN:70,(anonymous_7)
FN:72,(anonymous_8)
FN:80,(anonymous_9)
FN:88,(anonymous_10)
FN:97,(anonymous_11)
FN:106,(anonymous_12)
FN:113,(anonymous_13)
FN:136,(anonymous_14)
FN:160,(anonymous_15)
FN:173,(anonymous_16)
FN:181,(anonymous_17)
FN:185,(anonymous_18)
FN:187,(anonymous_19)
FN:191,(anonymous_20)
FN:234,(anonymous_21)
FN:242,(anonymous_22)
FN:244,(anonymous_23)
FN:254,(anonymous_24)
FN:258,(anonymous_25)
FN:266,(anonymous_26)
FN:275,(anonymous_27)
FN:277,(anonymous_28)
FN:317,(anonymous_29)
FN:325,(anonymous_30)
FN:327,(anonymous_31)
FN:351,(anonymous_32)
FN:392,(anonymous_33)
FN:407,(anonymous_34)
FN:436,(anonymous_35)
FN:452,(anonymous_36)
FN:459,(anonymous_37)
FN:491,(anonymous_38)
FN:541,(anonymous_39)
FN:544,(anonymous_40)
FN:570,(anonymous_41)
FN:570,(anonymous_42)
FN:588,(anonymous_43)
FN:635,(anonymous_44)
FN:661,(anonymous_45)
FN:686,(anonymous_46)
FN:690,(anonymous_47)
FN:702,(anonymous_48)
FN:702,(anonymous_49)
FN:721,(anonymous_50)
FN:770,(anonymous_51)
FN:806,(anonymous_52)
FN:881,(anonymous_53)
FN:882,(anonymous_54)
FN:885,(anonymous_55)
FN:886,(anonymous_56)
FN:893,(anonymous_57)
FN:923,(anonymous_58)
FN:987,(anonymous_59)
FN:1039,(anonymous_60)
FN:1090,(anonymous_61)
FN:1134,(anonymous_62)
FN:1145,(anonymous_63)
FNF:64
FNH:53
FNDA:14,(anonymous_0)
FNDA:0,(anonymous_1)
FNDA:0,(anonymous_2)
FNDA:31,(anonymous_3)
FNDA:4,(anonymous_4)
FNDA:48,(anonymous_5)
FNDA:4,(anonymous_6)
FNDA:168,(anonymous_7)
FNDA:392,(anonymous_8)
FNDA:108,(anonymous_9)
FNDA:4,(anonymous_10)
FNDA:89,(anonymous_11)
FNDA:151,(anonymous_12)
FNDA:184,(anonymous_13)
FNDA:81,(anonymous_14)
FNDA:81,(anonymous_15)
FNDA:84,(anonymous_16)
FNDA:57,(anonymous_17)
FNDA:252,(anonymous_18)
FNDA:0,(anonymous_19)
FNDA:59,(anonymous_20)
FNDA:59,(anonymous_21)
FNDA:59,(anonymous_22)
FNDA:61,(anonymous_23)
FNDA:143,(anonymous_24)
FNDA:59,(anonymous_25)
FNDA:31,(anonymous_26)
FNDA:40,(anonymous_27)
FNDA:4,(anonymous_28)
FNDA:4,(anonymous_29)
FNDA:3,(anonymous_30)
FNDA:15,(anonymous_31)
FNDA:5,(anonymous_32)
FNDA:3,(anonymous_33)
FNDA:1,(anonymous_34)
FNDA:1,(anonymous_35)
FNDA:1,(anonymous_36)
FNDA:1,(anonymous_37)
FNDA:30,(anonymous_38)
FNDA:2,(anonymous_39)
FNDA:4,(anonymous_40)
FNDA:2,(anonymous_41)
FNDA:3,(anonymous_42)
FNDA:31,(anonymous_43)
FNDA:1,(anonymous_44)
FNDA:0,(anonymous_45)
FNDA:2,(anonymous_46)
FNDA:2,(anonymous_47)
FNDA:2,(anonymous_48)
FNDA:3,(anonymous_49)
FNDA:2,(anonymous_50)
FNDA:1,(anonymous_51)
FNDA:41,(anonymous_52)
FNDA:0,(anonymous_53)
FNDA:0,(anonymous_54)
FNDA:0,(anonymous_55)
FNDA:0,(anonymous_56)
FNDA:0,(anonymous_57)
FNDA:44,(anonymous_58)
FNDA:29,(anonymous_59)
FNDA:2,(anonymous_60)
FNDA:2,(anonymous_61)
FNDA:0,(anonymous_62)
FNDA:0,(anonymous_63)
DA:1,7
DA:2,7
DA:3,7
DA:4,7
DA:5,7
DA:6,7
DA:8,7
DA:9,7
DA:10,7
DA:11,7
DA:12,7
DA:13,7
DA:15,7
DA:26,7
DA:27,14
DA:29,0
DA:30,0
DA:33,0
DA:38,0
DA:42,7
DA:43,31
DA:44,2
DA:46,2
DA:47,2
DA:48,0
DA:50,4
DA:54,7
DA:55,48
DA:56,48
DA:58,48
DA:64,7
DA:70,168
DA:72,7
DA:73,392
DA:74,392
DA:75,2
DA:77,390
DA:80,7
DA:81,108
DA:82,0
DA:85,108
DA:86,108
DA:87,108
DA:88,4
DA:90,108
DA:92,108
DA:93,9
DA:94,6
DA:97,7
DA:98,89
DA:99,89
DA:100,89
DA:106,151
DA:113,7
DA:114,184
DA:116,184
DA:117,184
DA:120,0
DA:121,0
DA:122,0
DA:125,0
DA:136,7
DA:137,81
DA:139,81
DA:160,7
DA:161,81
DA:163,81
DA:164,81
DA:169,0
DA:173,7
DA:174,84
DA:180,84
DA:181,57
DA:184,84
DA:185,252
DA:186,0
DA:187,0
DA:191,7
DA:192,59
DA:194,59
DA:195,0
DA:198,59
DA:199,59
DA:200,59
DA:201,59
DA:203,59
DA:204,59
DA:206,59
DA:207,12
DA:213,59
DA:214,11
DA:220,59
DA:221,0
DA:224,59
DA:225,0
DA:226,0
DA:227,0
DA:228,0
DA:231,59
DA:234,7
DA:235,59
DA:236,59
DA:237,59
DA:239,59
DA:242,59
DA:244,7
DA:245,61
DA:247,59
DA:248,59
DA:249,59
DA:250,59
DA:252,59
DA:253,58
DA:254,143
DA:258,7
DA:259,59
DA:260,0
DA:263,59
DA:266,7
DA:267,31
DA:268,31
DA:269,0
DA:272,31
DA:275,40
DA:277,7
DA:278,4
DA:279,4
DA:280,4
DA:282,4
DA:283,0
DA:286,4
DA:287,0
DA:290,4
DA:291,4
DA:292,4
DA:294,4
DA:295,1
DA:298,3
DA:299,0
DA:302,3
DA:303,0
DA:306,3
DA:317,7
DA:318,4
DA:319,4
DA:320,0
DA:322,4
DA:325,7
DA:327,7
DA:328,15
DA:329,15
DA:330,15
DA:331,15
DA:333,15
DA:334,0
DA:337,15
DA:338,0
DA:341,15
DA:342,0
DA:348,15
DA:349,15
DA:350,3
DA:351,5
DA:353,2
DA:356,14
DA:370,14
DA:371,13
DA:372,13
DA:377,13
DA:383,2
DA:384,2
DA:392,7
DA:393,3
DA:394,3
DA:396,3
DA:397,0
DA:400,3
DA:401,3
DA:402,3
DA:403,0
DA:406,3
DA:407,2
DA:408,2
DA:409,1
DA:412,1
DA:413,1
DA:414,1
DA:415,1
DA:421,1
DA:427,1
DA:428,1
DA:436,7
DA:437,1
DA:438,1
DA:440,1
DA:441,0
DA:444,1
DA:445,1
DA:446,1
DA:447,0
DA:450,1
DA:452,1
DA:454,1
DA:455,0
DA:458,1
DA:459,1
DA:460,1
DA:463,1
DA:464,0
DA:467,1
DA:468,1
DA:469,1
DA:470,1
DA:476,1
DA:482,0
DA:483,0
DA:491,7
DA:492,30
DA:493,30
DA:494,30
DA:496,30
DA:497,0
DA:498,0
DA:501,30
DA:502,30
DA:503,30
DA:504,30
DA:506,30
DA:511,28
DA:517,28
DA:518,0
DA:525,0
DA:528,28
DA:529,28
DA:530,28
DA:532,2
DA:533,2
DA:541,7
DA:542,2
DA:543,2
DA:544,4
DA:546,2
DA:547,1
DA:553,1
DA:554,1
DA:555,1
DA:556,0
DA:557,0
DA:560,1
DA:561,1
DA:562,1
DA:565,1
DA:566,1
DA:570,3
DA:575,1
DA:576,1
DA:577,1
DA:579,0
DA:580,0
DA:588,7
DA:589,31
DA:590,31
DA:591,31
DA:592,31
DA:594,31
DA:595,0
DA:596,0
DA:599,31
DA:600,24
DA:601,5
DA:609,19
DA:610,0
DA:613,19
DA:614,19
DA:622,19
DA:623,19
DA:624,19
DA:626,7
DA:627,7
DA:635,7
DA:636,1
DA:637,1
DA:638,1
DA:640,1
DA:641,0
DA:644,1
DA:645,1
DA:646,0
DA:649,1
DA:650,1
DA:651,1
DA:657,1
DA:659,1
DA:660,1
DA:661,1
DA:663,1
DA:664,1
DA:665,1
DA:667,1
DA:677,0
DA:678,0
DA:686,7
DA:687,2
DA:688,2
DA:689,2
DA:690,2
DA:692,2
DA:693,1
DA:700,1
DA:701,1
DA:702,3
DA:706,1
DA:712,0
DA:713,0
DA:721,7
DA:722,2
DA:723,2
DA:724,2
DA:726,2
DA:727,0
DA:730,2
DA:731,2
DA:732,1
DA:735,1
DA:736,1
DA:737,1
DA:748,1
DA:749,1
DA:755,1
DA:761,0
DA:762,0
DA:770,7
DA:771,1
DA:772,1
DA:773,1
DA:774,1
DA:776,1
DA:777,0
DA:778,0
DA:781,1
DA:787,1
DA:793,1
DA:794,1
DA:795,1
DA:797,0
DA:798,0
DA:806,7
DA:807,41
DA:808,41
DA:809,41
DA:811,41
DA:812,1
DA:815,40
DA:816,1
DA:819,39
DA:820,38
DA:821,1
DA:824,37
DA:825,1
DA:828,36
DA:829,2
DA:832,34
DA:833,24
DA:834,1
DA:836,23
DA:839,33
DA:841,33
DA:842,33
DA:843,5
DA:844,3
DA:846,2
DA:849,30
DA:850,5
DA:851,1
DA:856,4
DA:859,29
DA:860,0
DA:861,0
DA:862,0
DA:864,0
DA:867,29
DA:868,29
DA:869,29
DA:871,29
DA:872,0
DA:873,0
DA:874,0
DA:876,0
DA:879,29
DA:880,29
DA:881,0
DA:882,0
DA:884,0
DA:886,0
DA:891,29
DA:892,0
DA:893,0
DA:895,0
DA:896,0
DA:901,29
DA:902,28
DA:903,28
DA:908,28
DA:914,2
DA:915,2
DA:923,7
DA:924,44
DA:925,44
DA:926,44
DA:928,44
DA:929,1
DA:932,43
DA:933,42
DA:934,1
DA:937,41
DA:938,1
DA:941,40
DA:942,40
DA:943,40
DA:945,40
DA:946,11
DA:947,11
DA:948,10
DA:949,29
DA:950,29
DA:951,0
DA:952,0
DA:954,0
DA:957,38
DA:958,38
DA:964,38
DA:978,3
DA:979,3
DA:987,7
DA:988,29
DA:989,29
DA:990,29
DA:991,29
DA:993,29
DA:994,0
DA:995,0
DA:998,29
DA:999,29
DA:1000,29
DA:1001,29
DA:1002,29
DA:1004,29
DA:1009,28
DA:1015,28
DA:1016,0
DA:1023,0
DA:1026,28
DA:1027,28
DA:1028,28
DA:1030,1
DA:1031,1
DA:1039,7
DA:1040,2
DA:1041,2
DA:1042,2
DA:1044,2
DA:1045,0
DA:1048,2
DA:1049,2
DA:1050,0
DA:1053,2
DA:1054,2
DA:1055,1
DA:1062,1
DA:1063,1
DA:1064,1
DA:1065,1
DA:1071,1
DA:1072,1
DA:1073,1
DA:1075,1
DA:1081,0
DA:1082,0
DA:1090,7
DA:1091,2
DA:1092,2
DA:1093,2
DA:1095,2
DA:1096,0
DA:1099,2
DA:1100,2
DA:1101,1
DA:1104,1
DA:1105,1
DA:1106,1
DA:1107,1
DA:1108,1
DA:1114,1
DA:1115,1
DA:1116,1
DA:1119,1
DA:1125,0
DA:1126,0
DA:1134,7
DA:1135,0
DA:1136,0
DA:1137,0
DA:1139,0
DA:1140,0
DA:1143,0
DA:1144,0
DA:1145,0
DA:1151,0
DA:1157,0
DA:1158,0
DA:1166,7
LF:511
LH:409
BRDA:9,0,0,7
BRDA:9,0,1,7
BRDA:10,1,0,7
BRDA:10,1,1,7
BRDA:27,2,0,14
BRDA:27,2,1,0
BRDA:29,3,0,0
BRDA:29,3,1,0
BRDA:43,4,0,29
BRDA:43,4,1,2
BRDA:44,5,0,0
BRDA:44,5,1,2
BRDA:48,6,0,0
BRDA:48,6,1,0
BRDA:55,7,0,48
BRDA:55,7,1,48
BRDA:55,7,2,48
BRDA:56,8,0,48
BRDA:56,8,1,48
BRDA:56,8,2,48
BRDA:56,8,3,26
BRDA:64,9,0,0
BRDA:65,10,0,4
BRDA:65,10,1,0
BRDA:67,11,0,4
BRDA:67,11,1,4
BRDA:67,11,2,4
BRDA:70,12,0,168
BRDA:70,12,1,0
BRDA:70,12,2,0
BRDA:73,13,0,0
BRDA:73,13,1,392
BRDA:74,14,0,2
BRDA:74,14,1,390
BRDA:81,15,0,0
BRDA:81,15,1,108
BRDA:81,16,0,108
BRDA:81,16,1,108
BRDA:86,17,0,108
BRDA:86,17,1,103
BRDA:87,18,0,4
BRDA:87,18,1,104
BRDA:88,19,0,4
BRDA:88,19,1,0
BRDA:92,20,0,99
BRDA:92,20,1,9
BRDA:93,21,0,3
BRDA:93,21,1,6
BRDA:98,22,0,0
BRDA:98,22,1,89
BRDA:106,23,0,0
BRDA:107,24,0,151
BRDA:107,24,1,0
BRDA:110,25,0,151
BRDA:110,25,1,0
BRDA:116,26,0,184
BRDA:116,26,1,0
BRDA:116,27,0,184
BRDA:116,27,1,184
BRDA:116,27,2,168
BRDA:120,28,0,0
BRDA:120,28,1,0
BRDA:120,28,2,0
BRDA:121,29,0,0
BRDA:121,29,1,0
BRDA:136,30,0,0
BRDA:142,31,0,81
BRDA:142,31,1,81
BRDA:142,31,2,81
BRDA:148,32,0,81
BRDA:148,32,1,81
BRDA:149,33,0,81
BRDA:149,33,1,68
BRDA:152,34,0,81
BRDA:152,34,1,71
BRDA:160,35,0,0
BRDA:176,36,0,84
BRDA:176,36,1,0
BRDA:177,37,0,84
BRDA:177,37,1,0
BRDA:180,38,0,19
BRDA:180,38,1,65
BRDA:184,39,0,84
BRDA:184,39,1,0
BRDA:184,40,0,84
BRDA:184,40,1,84
BRDA:186,41,0,0
BRDA:186,41,1,0
BRDA:186,42,0,0
BRDA:186,42,1,0
BRDA:191,43,0,0
BRDA:191,44,0,30
BRDA:194,45,0,0
BRDA:194,45,1,59
BRDA:198,46,0,9
BRDA:198,46,1,50
BRDA:199,47,0,0
BRDA:199,47,1,59
BRDA:200,48,0,0
BRDA:200,48,1,59
BRDA:201,49,0,0
BRDA:201,49,1,59
BRDA:203,50,0,59
BRDA:203,50,1,47
BRDA:204,51,0,59
BRDA:204,51,1,48
BRDA:206,52,0,12
BRDA:206,52,1,47
BRDA:213,53,0,11
BRDA:213,53,1,48
BRDA:220,54,0,0
BRDA:220,54,1,59
BRDA:224,55,0,0
BRDA:224,55,1,59
BRDA:226,56,0,0
BRDA:226,56,1,0
BRDA:227,57,0,0
BRDA:227,57,1,0
BRDA:228,58,0,0
BRDA:228,58,1,0
BRDA:234,59,0,0
BRDA:235,60,0,59
BRDA:235,60,1,46
BRDA:236,61,0,59
BRDA:236,61,1,59
BRDA:237,62,0,12
BRDA:237,62,1,47
BRDA:237,63,0,12
BRDA:237,63,1,5
BRDA:242,64,0,0
BRDA:242,65,0,59
BRDA:242,65,1,0
BRDA:247,66,0,2
BRDA:247,66,1,57
BRDA:248,67,0,59
BRDA:248,67,1,0
BRDA:249,68,0,59
BRDA:249,68,1,0
BRDA:250,69,0,2
BRDA:250,69,1,57
BRDA:252,70,0,2
BRDA:252,70,1,57
BRDA:253,71,0,58
BRDA:253,71,1,0
BRDA:259,72,0,0
BRDA:259,72,1,59
BRDA:268,73,0,0
BRDA:268,73,1,31
BRDA:272,74,0,0
BRDA:272,74,1,31
BRDA:275,75,0,40
BRDA:275,75,1,38
BRDA:277,76,0,0
BRDA:278,77,0,4
BRDA:278,77,1,4
BRDA:278,77,2,4
BRDA:278,77,3,0
BRDA:279,78,0,4
BRDA:279,78,1,4
BRDA:279,78,2,4
BRDA:279,78,3,0
BRDA:280,79,0,4
BRDA:280,79,1,0
BRDA:282,80,0,0
BRDA:282,80,1,4
BRDA:286,81,0,0
BRDA:286,81,1,4
BRDA:294,82,0,1
BRDA:294,82,1,3
BRDA:294,83,0,4
BRDA:294,83,1,4
BRDA:298,84,0,0
BRDA:298,84,1,3
BRDA:302,85,0,0
BRDA:302,85,1,3
BRDA:302,86,0,3
BRDA:302,86,1,3
BRDA:302,86,2,3
BRDA:313,87,0,0
BRDA:313,87,1,3
BRDA:318,88,0,0
BRDA:318,88,1,4
BRDA:319,89,0,0
BRDA:319,89,1,4
BRDA:319,90,0,4
BRDA:319,90,1,4
BRDA:333,91,0,0
BRDA:333,91,1,15
BRDA:333,92,0,15
BRDA:333,92,1,15
BRDA:337,93,0,0
BRDA:337,93,1,15
BRDA:337,94,0,15
BRDA:337,94,1,15
BRDA:341,95,0,0
BRDA:341,95,1,15
BRDA:349,96,0,3
BRDA:349,96,1,12
BRDA:349,97,0,15
BRDA:349,97,1,3
BRDA:358,98,0,14
BRDA:358,98,1,12
BRDA:359,99,0,14
BRDA:359,99,1,14
BRDA:361,100,0,0
BRDA:361,100,1,14
BRDA:362,101,0,0
BRDA:362,101,1,14
BRDA:364,102,0,14
BRDA:364,102,1,14
BRDA:396,103,0,0
BRDA:396,103,1,3
BRDA:402,104,0,0
BRDA:402,104,1,3
BRDA:407,105,0,2
BRDA:407,105,1,0
BRDA:408,106,0,1
BRDA:408,106,1,1
BRDA:412,107,0,1
BRDA:412,107,1,0
BRDA:428,108,0,1
BRDA:428,108,1,0
BRDA:430,109,0,1
BRDA:430,109,1,0
BRDA:431,110,0,1
BRDA:431,110,1,0
BRDA:440,111,0,0
BRDA:440,111,1,1
BRDA:446,112,0,0
BRDA:446,112,1,1
BRDA:450,113,0,0
BRDA:450,113,1,1
BRDA:452,114,0,1
BRDA:452,114,1,0
BRDA:452,115,0,1
BRDA:452,115,1,0
BRDA:454,116,0,0
BRDA:454,116,1,1
BRDA:459,117,0,1
BRDA:459,117,1,0
BRDA:460,118,0,1
BRDA:460,118,1,0
BRDA:460,119,0,0
BRDA:460,119,1,0
BRDA:463,120,0,0
BRDA:463,120,1,1
BRDA:483,121,0,0
BRDA:483,121,1,0
BRDA:485,122,0,0
BRDA:485,122,1,0
BRDA:486,123,0,0
BRDA:486,123,1,0
BRDA:496,124,0,0
BRDA:496,124,1,30
BRDA:503,125,0,30
BRDA:503,125,1,30
BRDA:517,126,0,0
BRDA:517,126,1,28
BRDA:517,127,0,28
BRDA:517,127,1,28
BRDA:517,127,2,28
BRDA:519,128,0,0
BRDA:519,128,1,0
BRDA:523,129,0,0
BRDA:523,129,1,0
BRDA:546,130,0,1
BRDA:546,130,1,1
BRDA:555,131,0,0
BRDA:555,131,1,1
BRDA:561,132,0,1
BRDA:561,132,1,0
BRDA:565,133,0,1
BRDA:565,133,1,0
BRDA:594,134,0,0
BRDA:594,134,1,31
BRDA:600,135,0,5
BRDA:600,135,1,19
BRDA:609,136,0,0
BRDA:609,136,1,19
BRDA:640,137,0,0
BRDA:640,137,1,1
BRDA:645,138,0,0
BRDA:645,138,1,1
BRDA:645,139,0,1
BRDA:645,139,1,1
BRDA:649,140,0,1
BRDA:649,140,1,0
BRDA:650,141,0,1
BRDA:650,141,1,0
BRDA:651,142,0,1
BRDA:651,142,1,0
BRDA:653,143,0,0
BRDA:653,143,1,0
BRDA:654,144,0,0
BRDA:654,144,1,0
BRDA:655,145,0,0
BRDA:655,145,1,0
BRDA:656,146,0,0
BRDA:656,146,1,0
BRDA:660,147,0,1
BRDA:660,147,1,1
BRDA:689,148,0,2
BRDA:689,148,1,1
BRDA:692,149,0,1
BRDA:692,149,1,1
BRDA:724,150,0,2
BRDA:724,150,1,2
BRDA:726,151,0,0
BRDA:726,151,1,2
BRDA:731,152,0,1
BRDA:731,152,1,1
BRDA:731,153,0,2
BRDA:731,153,1,2
BRDA:736,154,0,1
BRDA:736,154,1,0
BRDA:741,155,0,1
BRDA:741,155,1,0
BRDA:742,156,0,1
BRDA:742,156,1,0
BRDA:743,157,0,1
BRDA:743,157,1,0
BRDA:744,158,0,1
BRDA:744,158,1,0
BRDA:748,159,0,0
BRDA:748,159,1,1
BRDA:772,160,0,1
BRDA:772,160,1,0
BRDA:776,161,0,0
BRDA:776,161,1,1
BRDA:811,162,0,1
BRDA:811,162,1,40
BRDA:815,163,0,1
BRDA:815,163,1,39
BRDA:815,164,0,40
BRDA:815,164,1,40
BRDA:815,164,2,1
BRDA:815,164,3,0
BRDA:820,165,0,1
BRDA:820,165,1,37
BRDA:824,166,0,1
BRDA:824,166,1,36
BRDA:824,167,0,37
BRDA:824,167,1,36
BRDA:828,168,0,2
BRDA:828,168,1,34
BRDA:828,169,0,36
BRDA:828,169,1,35
BRDA:832,170,0,24
BRDA:832,170,1,10
BRDA:833,171,0,1
BRDA:833,171,1,23
BRDA:833,172,0,24
BRDA:833,172,1,23
BRDA:839,173,0,5
BRDA:839,173,1,28
BRDA:842,174,0,5
BRDA:842,174,1,28
BRDA:842,175,0,33
BRDA:842,175,1,33
BRDA:842,175,2,32
BRDA:843,176,0,3
BRDA:843,176,1,2
BRDA:843,177,0,5
BRDA:843,177,1,3
BRDA:849,178,0,5
BRDA:849,178,1,25
BRDA:849,179,0,30
BRDA:849,179,1,30
BRDA:849,179,2,30
BRDA:850,180,0,1
BRDA:850,180,1,4
BRDA:859,181,0,0
BRDA:859,181,1,29
BRDA:861,182,0,0
BRDA:861,182,1,0
BRDA:861,183,0,0
BRDA:861,183,1,0
BRDA:867,184,0,0
BRDA:867,184,1,29
BRDA:868,185,0,0
BRDA:868,185,1,29
BRDA:869,186,0,0
BRDA:869,186,1,29
BRDA:871,187,0,0
BRDA:871,187,1,29
BRDA:873,188,0,0
BRDA:873,188,1,0
BRDA:880,189,0,0
BRDA:880,189,1,29
BRDA:881,190,0,0
BRDA:881,190,1,0
BRDA:882,191,0,0
BRDA:882,191,1,0
BRDA:886,192,0,0
BRDA:886,192,1,0
BRDA:891,193,0,0
BRDA:891,193,1,29
BRDA:891,194,0,29
BRDA:891,194,1,0
BRDA:896,195,0,0
BRDA:896,195,1,0
BRDA:898,196,0,0
BRDA:898,196,1,0
BRDA:928,197,0,1
BRDA:928,197,1,43
BRDA:933,198,0,1
BRDA:933,198,1,41
BRDA:937,199,0,1
BRDA:937,199,1,40
BRDA:937,200,0,41
BRDA:937,200,1,38
BRDA:945,201,0,11
BRDA:945,201,1,29
BRDA:949,202,0,29
BRDA:949,202,1,0
BRDA:951,203,0,0
BRDA:951,203,1,0
BRDA:966,204,0,10
BRDA:966,204,1,28
BRDA:967,205,0,10
BRDA:967,205,1,28
BRDA:993,206,0,0
BRDA:993,206,1,29
BRDA:1000,207,0,29
BRDA:1000,207,1,29
BRDA:1015,208,0,0
BRDA:1015,208,1,28
BRDA:1015,209,0,28
BRDA:1015,209,1,28
BRDA:1015,209,2,28
BRDA:1017,210,0,0
BRDA:1017,210,1,0
BRDA:1021,211,0,0
BRDA:1021,211,1,0
BRDA:1044,212,0,0
BRDA:1044,212,1,2
BRDA:1049,213,0,0
BRDA:1049,213,1,2
BRDA:1049,214,0,2
BRDA:1049,214,1,2
BRDA:1054,215,0,1
BRDA:1054,215,1,1
BRDA:1063,216,0,1
BRDA:1063,216,1,0
BRDA:1064,217,0,1
BRDA:1064,217,1,1
BRDA:1065,218,0,1
BRDA:1065,218,1,0
BRDA:1067,219,0,0
BRDA:1067,219,1,0
BRDA:1068,220,0,0
BRDA:1068,220,1,0
BRDA:1069,221,0,0
BRDA:1069,221,1,0
BRDA:1070,222,0,0
BRDA:1070,222,1,0
BRDA:1095,223,0,0
BRDA:1095,223,1,2
BRDA:1100,224,0,1
BRDA:1100,224,1,1
BRDA:1105,225,0,1
BRDA:1105,225,1,0
BRDA:1106,226,0,1
BRDA:1106,226,1,0
BRDA:1107,227,0,1
BRDA:1107,227,1,0
BRDA:1108,228,0,1
BRDA:1108,228,1,0
BRDA:1110,229,0,0
BRDA:1110,229,1,0
BRDA:1111,230,0,0
BRDA:1111,230,1,0
BRDA:1112,231,0,0
BRDA:1112,231,1,0
BRDA:1113,232,0,0
BRDA:1113,232,1,0
BRDA:1139,233,0,0
BRDA:1139,233,1,0
BRDA:1143,234,0,0
BRDA:1143,234,1,0
BRDA:1144,235,0,0
BRDA:1144,235,1,0
BRF:482
BRH:290
end_of_record
TN:
SF:src/middleware/auth.middleware.js
FN:3,createAuthMiddleware
FN:4,authMiddleware
FNF:2
FNH:2
FNDA:105,createAuthMiddleware
FNDA:155,authMiddleware
DA:1,7
DA:4,105
DA:5,155
DA:6,155
DA:7,3
DA:11,152
DA:12,152
DA:13,150
DA:14,4
DA:18,146
DA:19,146
DA:21,2
DA:31,7
LF:13
LH:13
BRDA:3,0,0,0
BRDA:5,1,0,155
BRDA:5,1,1,3
BRDA:5,1,2,3
BRDA:6,2,0,3
BRDA:6,2,1,152
BRDA:13,3,0,4
BRDA:13,3,1,146
BRF:8
BRH:7
end_of_record
TN:
SF:src/middleware/upload.middleware.js
FN:6,(anonymous_0)
FNF:1
FNH:1
FNDA:12,(anonymous_0)
DA:1,7
DA:4,7
DA:6,7
DA:8,12
DA:10,12
DA:11,11
DA:13,1
DA:17,7
DA:26,7
LF:9
LH:9
BRDA:10,0,0,11
BRDA:10,0,1,1
BRF:2
BRH:2
end_of_record
TN:
SF:src/models/homepageSection.model.js
FN:104,(anonymous_0)
FNF:1
FNH:0
FNDA:0,(anonymous_0)
DA:1,7
DA:2,7
DA:4,7
DA:17,7
DA:104,0
DA:135,7
DA:136,7
DA:138,7
LF:8
LH:7
BRF:0
BRH:0
end_of_record
TN:
SF:src/models/product.model.js
FN:128,calculateAvailability
FN:131,(anonymous_1)
FN:140,calculatePopularityScore
FN:148,updateDerivedProductFields
FNF:4
FNH:3
FNDA:3,calculateAvailability
FNDA:1,(anonymous_1)
FNDA:1,calculatePopularityScore
FNDA:0,updateDerivedProductFields
DA:1,8
DA:2,8
DA:4,8
DA:37,8
DA:120,8
DA:121,8
DA:122,8
DA:123,8
DA:124,8
DA:125,8
DA:126,8
DA:128,8
DA:129,3
DA:130,3
DA:131,1
DA:133,3
DA:135,3
DA:136,2
DA:137,1
DA:140,8
DA:141,1
DA:142,1
DA:148,8
DA:149,0
DA:150,0
DA:153,8
DA:155,8
LF:27
LH:25
BRDA:128,0,0,3
BRDA:129,1,0,3
BRDA:129,1,1,1
BRDA:130,2,0,3
BRDA:130,2,1,0
BRDA:131,3,0,1
BRDA:131,3,1,0
BRDA:135,4,0,1
BRDA:135,4,1,2
BRDA:136,5,0,1
BRDA:136,5,1,1
BRDA:141,6,0,1
BRDA:141,6,1,0
BRDA:142,7,0,1
BRDA:142,7,1,0
BRDA:143,8,0,1
BRDA:143,8,1,0
BRDA:144,9,0,1
BRDA:144,9,1,0
BRDA:145,10,0,1
BRDA:145,10,1,0
BRDA:149,11,0,0
BRDA:149,11,1,0
BRF:23
BRH:14
end_of_record
TN:
SF:src/models/user.model.js
FNF:0
FNH:0
DA:1,8
DA:3,8
DA:23,8
LF:3
LH:3
BRDA:23,0,0,8
BRDA:23,0,1,8
BRF:2
BRH:2
end_of_record
TN:
SF:src/models/wishlist.model.js
FNF:0
FNH:0
DA:1,7
DA:3,7
DA:19,7
DA:21,7
LF:4
LH:4
BRF:0
BRH:0
end_of_record
TN:
SF:src/routes/product.routes.js
FNF:0
FNH:0
DA:1,7
DA:2,7
DA:3,7
DA:4,7
DA:5,7
DA:6,7
DA:7,7
DA:11,7
DA:21,7
DA:24,7
DA:27,7
DA:30,7
DA:33,7
DA:36,7
DA:39,7
DA:42,7
DA:45,7
DA:48,7
DA:55,7
DA:62,7
DA:69,7
DA:76,7
DA:83,7
DA:86,7
DA:94,7
DA:102,7
DA:105,7
DA:116,7
DA:122,7
LF:29
LH:29
BRF:0
BRH:0
end_of_record
TN:
SF:src/services/cache.service.js
FN:14,(anonymous_0)
FN:29,(anonymous_1)
FN:34,(anonymous_2)
FN:41,(anonymous_3)
FN:46,(anonymous_4)
FN:52,(anonymous_5)
FN:69,(anonymous_6)
FN:79,(anonymous_7)
FN:91,(anonymous_8)
FN:95,(anonymous_9)
FN:101,(anonymous_10)
FN:114,(anonymous_11)
FN:125,(anonymous_12)
FN:149,(anonymous_13)
FN:156,(anonymous_14)
FN:158,(anonymous_15)
FN:162,(anonymous_16)
FNF:17
FNH:13
FNDA:9,(anonymous_0)
FNDA:0,(anonymous_1)
FNDA:0,(anonymous_2)
FNDA:0,(anonymous_3)
FNDA:63,(anonymous_4)
FNDA:102,(anonymous_5)
FNDA:85,(anonymous_6)
FNDA:256,(anonymous_7)
FNDA:244,(anonymous_8)
FNDA:443,(anonymous_9)
FNDA:11,(anonymous_10)
FNDA:9,(anonymous_11)
FNDA:19,(anonymous_12)
FNDA:0,(anonymous_13)
FNDA:129,(anonymous_14)
FNDA:2,(anonymous_15)
FNDA:64,(anonymous_16)
DA:1,9
DA:3,9
DA:4,9
DA:7,9
DA:8,9
DA:10,0
DA:15,9
DA:16,9
DA:17,9
DA:19,9
DA:20,0
DA:29,0
DA:30,0
DA:31,0
DA:34,0
DA:35,0
DA:36,0
DA:40,9
DA:41,0
DA:42,0
DA:47,63
DA:48,63
DA:49,63
DA:53,102
DA:55,11
DA:56,11
DA:58,11
DA:59,11
DA:61,5
DA:62,1
DA:63,1
DA:66,4
DA:70,85
DA:72,9
DA:73,9
DA:80,256
DA:82,19
DA:84,19
DA:85,7
DA:86,2
DA:92,244
DA:96,443
DA:97,441
DA:98,39
DA:102,11
DA:104,0
DA:105,0
DA:106,0
DA:107,0
DA:109,0
DA:110,0
DA:115,9
DA:117,0
DA:118,0
DA:119,0
DA:121,0
DA:126,19
DA:128,0
DA:129,0
DA:130,0
DA:132,0
DA:133,0
DA:134,0
DA:141,0
DA:142,0
DA:145,0
DA:150,0
DA:151,0
DA:152,0
DA:157,129
DA:158,64
DA:160,63
DA:162,64
DA:167,9
LF:74
LH:42
BRDA:3,0,0,9
BRDA:3,0,1,9
BRDA:19,1,0,0
BRDA:19,1,1,9
BRDA:19,2,0,9
BRDA:19,2,1,9
BRDA:19,2,2,0
BRDA:40,3,0,0
BRDA:40,3,1,9
BRDA:46,4,0,0
BRDA:53,5,0,91
BRDA:53,5,1,11
BRDA:56,6,0,0
BRDA:56,6,1,11
BRDA:59,7,0,6
BRDA:59,7,1,5
BRDA:61,8,0,1
BRDA:61,8,1,4
BRDA:69,9,0,76
BRDA:70,10,0,76
BRDA:70,10,1,9
BRDA:80,11,0,237
BRDA:80,11,1,19
BRDA:85,12,0,2
BRDA:85,12,1,5
BRDA:85,13,0,7
BRDA:85,13,1,7
BRDA:96,14,0,2
BRDA:96,14,1,441
BRDA:97,15,0,402
BRDA:97,15,1,39
BRDA:97,16,0,441
BRDA:97,16,1,441
BRDA:102,17,0,11
BRDA:102,17,1,0
BRDA:105,18,0,0
BRDA:105,18,1,0
BRDA:107,19,0,0
BRDA:107,19,1,0
BRDA:115,20,0,9
BRDA:115,20,1,0
BRDA:118,21,0,0
BRDA:118,21,1,0
BRDA:126,22,0,19
BRDA:126,22,1,0
BRDA:129,23,0,0
BRDA:129,23,1,0
BRDA:142,24,0,0
BRDA:142,24,1,0
BRDA:152,25,0,0
BRDA:152,25,1,0
BRDA:157,26,0,65
BRDA:157,26,1,64
BRDA:157,27,0,129
BRDA:157,27,1,129
BRDA:158,28,0,1
BRDA:158,28,1,63
BRF:57
BRH:37
end_of_record
TN:
SF:src/services/imagekit.service.js
FN:18,(anonymous_0)
FN:35,(anonymous_1)
FNF:2
FNH:0
FNDA:0,(anonymous_0)
FNDA:0,(anonymous_1)
DA:1,7
DA:4,7
DA:18,7
DA:19,0
DA:20,0
DA:24,0
DA:26,0
DA:35,7
DA:36,0
DA:37,0
DA:39,0
DA:43,7
LF:12
LH:5
BRF:0
BRH:0
end_of_record
TN:
SF:src/validators/product.validator.js
FN:7,(anonymous_0)
FN:34,(anonymous_1)
FN:41,(anonymous_2)
FN:72,(anonymous_3)
FN:100,(anonymous_4)
FNF:5
FNH:4
FNDA:63,(anonymous_0)
FNDA:18,(anonymous_1)
FNDA:5,(anonymous_2)
FNDA:18,(anonymous_3)
FNDA:0,(anonymous_4)
DA:1,7
DA:7,7
DA:8,63
DA:10,63
DA:11,21
DA:15,21
DA:16,21
DA:19,63
DA:20,7
DA:24,7
DA:25,7
DA:28,63
DA:34,7
DA:35,18
DA:37,18
DA:38,3
DA:41,5
DA:49,15
DA:56,7
DA:73,18
DA:74,2
DA:76,16
DA:101,0
DA:102,0
DA:104,0
DA:119,7
LF:26
LH:23
BRDA:8,0,0,63
BRDA:8,0,1,0
BRDA:10,1,0,21
BRDA:10,1,1,42
BRDA:10,2,0,63
BRDA:10,2,1,42
BRDA:13,3,0,21
BRDA:13,3,1,17
BRDA:19,4,0,7
BRDA:19,4,1,56
BRDA:19,5,0,63
BRDA:19,5,1,59
BRDA:22,6,0,7
BRDA:22,6,1,3
BRDA:37,7,0,3
BRDA:37,7,1,15
BRDA:73,8,0,2
BRDA:73,8,1,16
BRDA:73,9,0,18
BRDA:73,9,1,16
BRDA:101,10,0,0
BRDA:101,10,1,0
BRDA:101,11,0,0
BRDA:101,11,1,0
BRF:24
BRH:19
end_of_record
